[I 2025-03-23 06:04:12,584] Using an existing study with name 'R8-GATv2-google-bert-bert-base-uncased-Grouped-No_Aggregation-Random_Weights-0.0-0.0' instead of creating a new one.
Token indices sequence length is longer than the specified maximum sequence length for this model (639 > 512). Running this sequence through the model will result in indexing errors
[I 2025-03-23 06:15:46,695] Trial 226 finished with value: 0.9596209350900681 and parameters: {'left_stride': 32, 'right_stride': 0, 'attention_pooling_operation': 'max', 'embedding_pooling_operation': 'mean', 'threshold': 0.7164021947568168, 'batch_size': 126, 'attention_heads': 12, 'hidden_dimension': 71, 'number_of_hidden_layers': 2, 'dropout_rate': 0.4500500929727461, 'global_pooling': 'max', 'learning_rate': 8.195482973192045e-05, 'weight_decay': 3.5246146490152853e-06, 'beta_0': 0.8531331054201368, 'beta_1': 0.9923163516974168, 'epsilon': 3.326827222976654e-08, 'balanced_loss': False, 'epochs': 104, 'early_stopping_patience': 18, 'plateau_patience': 17, 'plateau_divider': 5}. Best is trial 90 with value: 0.9637021038983449.
[I 2025-03-23 06:28:01,284] Trial 227 finished with value: 0.9530781025087602 and parameters: {'left_stride': 32, 'right_stride': 0, 'attention_pooling_operation': 'max', 'embedding_pooling_operation': 'mean', 'threshold': 0.7174716768253806, 'batch_size': 125, 'attention_heads': 12, 'hidden_dimension': 65, 'number_of_hidden_layers': 2, 'dropout_rate': 0.44810397138456937, 'global_pooling': 'max', 'learning_rate': 8.105955568011872e-05, 'weight_decay': 3.5387128228620502e-06, 'beta_0': 0.8536928968509152, 'beta_1': 0.9929852133403209, 'epsilon': 3.475980599048212e-08, 'balanced_loss': False, 'epochs': 103, 'early_stopping_patience': 18, 'plateau_patience': 17, 'plateau_divider': 5}. Best is trial 90 with value: 0.9637021038983449.
[I 2025-03-23 06:36:40,172] Trial 228 finished with value: 0.9437645940932737 and parameters: {'left_stride': 32, 'right_stride': 0, 'attention_pooling_operation': 'max', 'embedding_pooling_operation': 'mean', 'threshold': 0.7100662690202241, 'batch_size': 115, 'attention_heads': 5, 'hidden_dimension': 68, 'number_of_hidden_layers': 2, 'dropout_rate': 0.4499554319764171, 'global_pooling': 'max', 'learning_rate': 0.00010631214918273895, 'weight_decay': 2.9619243504972854e-06, 'beta_0': 0.8526195528368752, 'beta_1': 0.9927710306173684, 'epsilon': 2.1893313767225152e-08, 'balanced_loss': False, 'epochs': 110, 'early_stopping_patience': 18, 'plateau_patience': 17, 'plateau_divider': 5}. Best is trial 90 with value: 0.9637021038983449.
[I 2025-03-23 06:50:02,583] Trial 229 finished with value: 0.9583945783059175 and parameters: {'left_stride': 32, 'right_stride': 0, 'attention_pooling_operation': 'max', 'embedding_pooling_operation': 'mean', 'threshold': 0.7036575131379719, 'batch_size': 126, 'attention_heads': 12, 'hidden_dimension': 80, 'number_of_hidden_layers': 2, 'dropout_rate': 0.4414310981203707, 'global_pooling': 'max', 'learning_rate': 0.00012319003124495727, 'weight_decay': 3.913951923819827e-06, 'beta_0': 0.851026124805911, 'beta_1': 0.9947415406292949, 'epsilon': 2.898485019404331e-08, 'balanced_loss': False, 'epochs': 104, 'early_stopping_patience': 18, 'plateau_patience': 16, 'plateau_divider': 5}. Best is trial 90 with value: 0.9637021038983449.
[I 2025-03-23 07:01:38,813] Trial 230 finished with value: 0.9520146066208852 and parameters: {'left_stride': 32, 'right_stride': 0, 'attention_pooling_operation': 'max', 'embedding_pooling_operation': 'mean', 'threshold': 0.7255078025781311, 'batch_size': 121, 'attention_heads': 12, 'hidden_dimension': 80, 'number_of_hidden_layers': 2, 'dropout_rate': 0.5046654191233922, 'global_pooling': 'max', 'learning_rate': 0.00012048488915307976, 'weight_decay': 4.429992645105091e-06, 'beta_0': 0.8513146054775946, 'beta_1': 0.9919072646296961, 'epsilon': 3.03180016056894e-08, 'balanced_loss': False, 'epochs': 104, 'early_stopping_patience': 19, 'plateau_patience': 16, 'plateau_divider': 5}. Best is trial 90 with value: 0.9637021038983449.
[I 2025-03-23 07:15:03,289] Trial 231 finished with value: 0.9449836108613295 and parameters: {'left_stride': 32, 'right_stride': 0, 'attention_pooling_operation': 'max', 'embedding_pooling_operation': 'mean', 'threshold': 0.7046218815610961, 'batch_size': 126, 'attention_heads': 12, 'hidden_dimension': 74, 'number_of_hidden_layers': 2, 'dropout_rate': 0.4612619885179447, 'global_pooling': 'max', 'learning_rate': 5.3667799451789016e-05, 'weight_decay': 3.456109247645638e-06, 'beta_0': 0.8551573125064331, 'beta_1': 0.9942115697205918, 'epsilon': 3.8206826560199973e-08, 'balanced_loss': False, 'epochs': 97, 'early_stopping_patience': 18, 'plateau_patience': 16, 'plateau_divider': 5}. Best is trial 90 with value: 0.9637021038983449.
[I 2025-03-23 07:26:54,299] Trial 232 finished with value: 0.9554530130588232 and parameters: {'left_stride': 32, 'right_stride': 0, 'attention_pooling_operation': 'max', 'embedding_pooling_operation': 'mean', 'threshold': 0.7149630217975996, 'batch_size': 118, 'attention_heads': 11, 'hidden_dimension': 71, 'number_of_hidden_layers': 2, 'dropout_rate': 0.5140292536603848, 'global_pooling': 'max', 'learning_rate': 9.317299144205978e-05, 'weight_decay': 4.226336425939584e-06, 'beta_0': 0.8588416442055266, 'beta_1': 0.992282913744957, 'epsilon': 3.026927180471983e-08, 'balanced_loss': False, 'epochs': 106, 'early_stopping_patience': 18, 'plateau_patience': 16, 'plateau_divider': 5}. Best is trial 90 with value: 0.9637021038983449.
[I 2025-03-23 07:38:12,463] Trial 233 finished with value: 0.926184643726611 and parameters: {'left_stride': 32, 'right_stride': 0, 'attention_pooling_operation': 'max', 'embedding_pooling_operation': 'mean', 'threshold': 0.6980178797594077, 'batch_size': 132, 'attention_heads': 11, 'hidden_dimension': 82, 'number_of_hidden_layers': 2, 'dropout_rate': 0.3971377991541716, 'global_pooling': 'sum', 'learning_rate': 7.750885562785003e-05, 'weight_decay': 2.704529589025232e-06, 'beta_0': 0.8565605471090765, 'beta_1': 0.9930998576287963, 'epsilon': 2.5290842716031047e-08, 'balanced_loss': False, 'epochs': 101, 'early_stopping_patience': 19, 'plateau_patience': 16, 'plateau_divider': 5}. Best is trial 90 with value: 0.9637021038983449.
[I 2025-03-23 07:52:33,724] Trial 234 finished with value: 0.9501668427115774 and parameters: {'left_stride': 32, 'right_stride': 0, 'attention_pooling_operation': 'max', 'embedding_pooling_operation': 'mean', 'threshold': 0.7049438442178482, 'batch_size': 127, 'attention_heads': 12, 'hidden_dimension': 89, 'number_of_hidden_layers': 2, 'dropout_rate': 0.46593642824735854, 'global_pooling': 'max', 'learning_rate': 0.00011309312975562388, 'weight_decay': 3.7970696316017115e-06, 'beta_0': 0.851444008534612, 'beta_1': 0.9950303532021589, 'epsilon': 2.6419305661540006e-08, 'balanced_loss': False, 'epochs': 114, 'early_stopping_patience': 18, 'plateau_patience': 15, 'plateau_divider': 7}. Best is trial 90 with value: 0.9637021038983449.
[I 2025-03-23 08:05:08,730] Trial 235 finished with value: 0.9520032141568591 and parameters: {'left_stride': 32, 'right_stride': 0, 'attention_pooling_operation': 'max', 'embedding_pooling_operation': 'mean', 'threshold': 0.6926150066269184, 'batch_size': 122, 'attention_heads': 12, 'hidden_dimension': 66, 'number_of_hidden_layers': 2, 'dropout_rate': 0.4537270620171836, 'global_pooling': 'max', 'learning_rate': 6.438249801934024e-05, 'weight_decay': 5.3432937554874095e-06, 'beta_0': 0.8538306263998088, 'beta_1': 0.9945732044099016, 'epsilon': 4.4366240840825406e-08, 'balanced_loss': False, 'epochs': 109, 'early_stopping_patience': 19, 'plateau_patience': 15, 'plateau_divider': 5}. Best is trial 90 with value: 0.9637021038983449.
[I 2025-03-23 08:14:44,531] Trial 236 finished with value: 0.9510834661606244 and parameters: {'left_stride': 32, 'right_stride': 0, 'attention_pooling_operation': 'max', 'embedding_pooling_operation': 'mean', 'threshold': 0.74174915575635, 'batch_size': 136, 'attention_heads': 11, 'hidden_dimension': 60, 'number_of_hidden_layers': 2, 'dropout_rate': 0.3817537513197074, 'global_pooling': 'max', 'learning_rate': 0.00013169138571364163, 'weight_decay': 6.194737940351547e-06, 'beta_0': 0.861318427427577, 'beta_1': 0.9941877902708199, 'epsilon': 1.7105627507565827e-08, 'balanced_loss': False, 'epochs': 99, 'early_stopping_patience': 18, 'plateau_patience': 17, 'plateau_divider': 4}. Best is trial 90 with value: 0.9637021038983449.
[I 2025-03-23 08:26:29,767] Trial 237 finished with value: 0.9563324504310005 and parameters: {'left_stride': 32, 'right_stride': 0, 'attention_pooling_operation': 'max', 'embedding_pooling_operation': 'mean', 'threshold': 0.6842781825240878, 'batch_size': 133, 'attention_heads': 12, 'hidden_dimension': 58, 'number_of_hidden_layers': 2, 'dropout_rate': 0.44754519402345555, 'global_pooling': 'max', 'learning_rate': 9.036925298964345e-05, 'weight_decay': 7.211232384253582e-06, 'beta_0': 0.8497166732038332, 'beta_1': 0.9933145152575588, 'epsilon': 1.341196069606771e-06, 'balanced_loss': False, 'epochs': 104, 'early_stopping_patience': 18, 'plateau_patience': 15, 'plateau_divider': 5}. Best is trial 90 with value: 0.9637021038983449.
[I 2025-03-23 08:35:02,343] Trial 238 finished with value: 0.69548837074424 and parameters: {'left_stride': 32, 'right_stride': 0, 'attention_pooling_operation': 'max', 'embedding_pooling_operation': 'mean', 'threshold': 0.6966948898969797, 'batch_size': 111, 'attention_heads': 12, 'hidden_dimension': 72, 'number_of_hidden_layers': 2, 'dropout_rate': 0.4446491182343694, 'global_pooling': 'max', 'learning_rate': 0.01006190641752299, 'weight_decay': 8.370380329461724e-06, 'beta_0': 0.8479978664809773, 'beta_1': 0.9956227956360079, 'epsilon': 2.1209420181236744e-08, 'balanced_loss': False, 'epochs': 112, 'early_stopping_patience': 18, 'plateau_patience': 15, 'plateau_divider': 5}. Best is trial 90 with value: 0.9637021038983449.
[I 2025-03-23 08:45:13,195] Trial 239 finished with value: 0.9492908971272184 and parameters: {'left_stride': 32, 'right_stride': 0, 'attention_pooling_operation': 'max', 'embedding_pooling_operation': 'mean', 'threshold': 0.7096671757393844, 'batch_size': 127, 'attention_heads': 12, 'hidden_dimension': 53, 'number_of_hidden_layers': 2, 'dropout_rate': 0.44135315070761616, 'global_pooling': 'max', 'learning_rate': 0.00014972932103803129, 'weight_decay': 1.0407304867503523e-05, 'beta_0': 0.8522162928696053, 'beta_1': 0.9948646293348596, 'epsilon': 2.0420218138782312e-08, 'balanced_loss': False, 'epochs': 107, 'early_stopping_patience': 19, 'plateau_patience': 16, 'plateau_divider': 5}. Best is trial 90 with value: 0.9637021038983449.
[I 2025-03-23 08:57:54,763] Trial 240 finished with value: 0.951177819220677 and parameters: {'left_stride': 32, 'right_stride': 0, 'attention_pooling_operation': 'max', 'embedding_pooling_operation': 'mean', 'threshold': 0.7179779922370316, 'batch_size': 141, 'attention_heads': 13, 'hidden_dimension': 78, 'number_of_hidden_layers': 2, 'dropout_rate': 0.4376764627113144, 'global_pooling': 'max', 'learning_rate': 0.00010905212963267857, 'weight_decay': 6.46749690242253e-06, 'beta_0': 0.8498921631733914, 'beta_1': 0.9978967993736465, 'epsilon': 4.7363452027629137e-07, 'balanced_loss': False, 'epochs': 102, 'early_stopping_patience': 18, 'plateau_patience': 15, 'plateau_divider': 5}. Best is trial 90 with value: 0.9637021038983449.
[I 2025-03-23 09:07:44,590] Trial 241 finished with value: 0.9446430280062897 and parameters: {'left_stride': 256, 'right_stride': 0, 'attention_pooling_operation': 'max', 'embedding_pooling_operation': 'mean', 'threshold': 0.6865886767474387, 'batch_size': 117, 'attention_heads': 12, 'hidden_dimension': 58, 'number_of_hidden_layers': 2, 'dropout_rate': 0.45349777579713496, 'global_pooling': 'max', 'learning_rate': 0.00017949133519255814, 'weight_decay': 3.1747098169321906e-06, 'beta_0': 0.8544735197886844, 'beta_1': 0.9924026846142388, 'epsilon': 1.6648401950510846e-08, 'balanced_loss': False, 'epochs': 124, 'early_stopping_patience': 18, 'plateau_patience': 15, 'plateau_divider': 7}. Best is trial 90 with value: 0.9637021038983449.
[I 2025-03-23 09:19:36,902] Trial 242 finished with value: 0.954321097286217 and parameters: {'left_stride': 32, 'right_stride': 256, 'attention_pooling_operation': 'max', 'embedding_pooling_operation': 'mean', 'threshold': 0.6792348801112598, 'batch_size': 134, 'attention_heads': 12, 'hidden_dimension': 50, 'number_of_hidden_layers': 2, 'dropout_rate': 0.5525256308376663, 'global_pooling': 'max', 'learning_rate': 0.00013902896085218793, 'weight_decay': 4.124414722858635e-06, 'beta_0': 0.8506649613720416, 'beta_1': 0.9914375112219517, 'epsilon': 3.3777437113150726e-08, 'balanced_loss': False, 'epochs': 109, 'early_stopping_patience': 18, 'plateau_patience': 17, 'plateau_divider': 5}. Best is trial 90 with value: 0.9637021038983449.
[I 2025-03-23 09:35:23,545] Trial 243 finished with value: 0.9349969774915723 and parameters: {'left_stride': 64, 'right_stride': 0, 'attention_pooling_operation': 'min', 'embedding_pooling_operation': 'mean', 'threshold': 0.7028487391784408, 'batch_size': 123, 'attention_heads': 11, 'hidden_dimension': 95, 'number_of_hidden_layers': 2, 'dropout_rate': 0.48899606289864234, 'global_pooling': 'max', 'learning_rate': 8.819199854943582e-05, 'weight_decay': 8.332538937666351e-06, 'beta_0': 0.8476174927522246, 'beta_1': 0.9973777237181947, 'epsilon': 2.3192924339238403e-08, 'balanced_loss': False, 'epochs': 117, 'early_stopping_patience': 19, 'plateau_patience': 16, 'plateau_divider': 5}. Best is trial 90 with value: 0.9637021038983449.
[I 2025-03-23 09:46:03,453] Trial 244 finished with value: 0.9449246194549595 and parameters: {'left_stride': 256, 'right_stride': 128, 'attention_pooling_operation': 'max', 'embedding_pooling_operation': 'mean', 'threshold': 0.7233863378126677, 'batch_size': 88, 'attention_heads': 13, 'hidden_dimension': 67, 'number_of_hidden_layers': 2, 'dropout_rate': 0.47857248722016654, 'global_pooling': 'max', 'learning_rate': 0.0001274873854741816, 'weight_decay': 5.7669571932797725e-06, 'beta_0': 0.8565448523717912, 'beta_1': 0.9952298831366058, 'epsilon': 1.934243563307625e-08, 'balanced_loss': False, 'epochs': 91, 'early_stopping_patience': 18, 'plateau_patience': 10, 'plateau_divider': 5}. Best is trial 90 with value: 0.9637021038983449.
[I 2025-03-23 09:57:03,557] Trial 245 finished with value: 0.9497944555874887 and parameters: {'left_stride': 32, 'right_stride': 0, 'attention_pooling_operation': 'max', 'embedding_pooling_operation': 'mean', 'threshold': 0.6612090964525248, 'batch_size': 147, 'attention_heads': 11, 'hidden_dimension': 64, 'number_of_hidden_layers': 2, 'dropout_rate': 0.520121846131702, 'global_pooling': 'mean', 'learning_rate': 0.00016577312763355965, 'weight_decay': 0.00012850698169407186, 'beta_0': 0.8518906006939877, 'beta_1': 0.9945134299262866, 'epsilon': 2.8167610470988534e-08, 'balanced_loss': False, 'epochs': 60, 'early_stopping_patience': 20, 'plateau_patience': 15, 'plateau_divider': 5}. Best is trial 90 with value: 0.9637021038983449.
[I 2025-03-23 10:07:38,987] Trial 246 finished with value: 0.953632593804945 and parameters: {'left_stride': 256, 'right_stride': 0, 'attention_pooling_operation': 'max', 'embedding_pooling_operation': 'mean', 'threshold': 0.6930861421615351, 'batch_size': 138, 'attention_heads': 12, 'hidden_dimension': 45, 'number_of_hidden_layers': 2, 'dropout_rate': 0.3899796873983062, 'global_pooling': 'max', 'learning_rate': 7.832621637859581e-05, 'weight_decay': 1.2064223655319857e-05, 'beta_0': 0.8538911177170155, 'beta_1': 0.9935593384864885, 'epsilon': 1.645831496985096e-08, 'balanced_loss': False, 'epochs': 99, 'early_stopping_patience': 19, 'plateau_patience': 16, 'plateau_divider': 5}. Best is trial 90 with value: 0.9637021038983449.
[I 2025-03-23 10:18:54,175] Trial 247 finished with value: 0.9600680866520543 and parameters: {'left_stride': 0, 'right_stride': 0, 'attention_pooling_operation': 'max', 'embedding_pooling_operation': 'mean', 'threshold': 0.690160346066211, 'batch_size': 130, 'attention_heads': 13, 'hidden_dimension': 50, 'number_of_hidden_layers': 2, 'dropout_rate': 0.4724008868228377, 'global_pooling': 'max', 'learning_rate': 0.0002092820759359311, 'weight_decay': 4.57626347703422e-06, 'beta_0': 0.8497495381642368, 'beta_1': 0.9970507755210568, 'epsilon': 7.86031101449287e-06, 'balanced_loss': False, 'epochs': 116, 'early_stopping_patience': 18, 'plateau_patience': 14, 'plateau_divider': 5}. Best is trial 90 with value: 0.9637021038983449.
[I 2025-03-23 10:30:28,233] Trial 248 finished with value: 0.9502378359262846 and parameters: {'left_stride': 0, 'right_stride': 0, 'attention_pooling_operation': 'max', 'embedding_pooling_operation': 'mean', 'threshold': 0.6880161998731493, 'batch_size': 129, 'attention_heads': 13, 'hidden_dimension': 52, 'number_of_hidden_layers': 2, 'dropout_rate': 0.469493518754958, 'global_pooling': 'max', 'learning_rate': 0.00019780553612231864, 'weight_decay': 4.588475078142999e-06, 'beta_0': 0.8495219162458219, 'beta_1': 0.9976100930868388, 'epsilon': 8.816402568313191e-06, 'balanced_loss': False, 'epochs': 113, 'early_stopping_patience': 18, 'plateau_patience': 14, 'plateau_divider': 5}. Best is trial 90 with value: 0.9637021038983449.
[I 2025-03-23 10:41:27,191] Trial 249 finished with value: 0.9521626436455268 and parameters: {'left_stride': 32, 'right_stride': 0, 'attention_pooling_operation': 'max', 'embedding_pooling_operation': 'mean', 'threshold': 0.7002886017112299, 'batch_size': 131, 'attention_heads': 13, 'hidden_dimension': 57, 'number_of_hidden_layers': 2, 'dropout_rate': 0.45947907353148526, 'global_pooling': 'max', 'learning_rate': 0.00015042209912993892, 'weight_decay': 5.486638042406536e-06, 'beta_0': 0.8456151065823085, 'beta_1': 0.9969424711911846, 'epsilon': 6.847139799992891e-07, 'balanced_loss': False, 'epochs': 118, 'early_stopping_patience': 18, 'plateau_patience': 15, 'plateau_divider': 5}. Best is trial 90 with value: 0.9637021038983449.
[I 2025-03-23 10:52:08,372] Trial 250 finished with value: 0.9566672327282406 and parameters: {'left_stride': 0, 'right_stride': 0, 'attention_pooling_operation': 'max', 'embedding_pooling_operation': 'mean', 'threshold': 0.6761712732761008, 'batch_size': 125, 'attention_heads': 13, 'hidden_dimension': 49, 'number_of_hidden_layers': 2, 'dropout_rate': 0.4630294437829375, 'global_pooling': 'max', 'learning_rate': 0.00019650597232835694, 'weight_decay': 7.04778249903522e-06, 'beta_0': 0.8517881950606839, 'beta_1': 0.9972760890934002, 'epsilon': 4.8719043206201657e-05, 'balanced_loss': False, 'epochs': 105, 'early_stopping_patience': 18, 'plateau_patience': 15, 'plateau_divider': 5}. Best is trial 90 with value: 0.9637021038983449.
[I 2025-03-23 11:04:18,279] Trial 251 finished with value: 0.9533434973334853 and parameters: {'left_stride': 256, 'right_stride': 0, 'attention_pooling_operation': 'max', 'embedding_pooling_operation': 'mean', 'threshold': 0.7115835712775692, 'batch_size': 139, 'attention_heads': 14, 'hidden_dimension': 55, 'number_of_hidden_layers': 2, 'dropout_rate': 0.4738295036382504, 'global_pooling': 'max', 'learning_rate': 0.00010691432375817148, 'weight_decay': 4.757634237657202e-06, 'beta_0': 0.8480976217973157, 'beta_1': 0.9980838289767568, 'epsilon': 2.3670766923006666e-08, 'balanced_loss': False, 'epochs': 114, 'early_stopping_patience': 18, 'plateau_patience': 11, 'plateau_divider': 5}. Best is trial 90 with value: 0.9637021038983449.
[I 2025-03-23 11:14:01,548] Trial 252 finished with value: 0.9547997151805495 and parameters: {'left_stride': 32, 'right_stride': 0, 'attention_pooling_operation': 'max', 'embedding_pooling_operation': 'mean', 'threshold': 0.6836113771555766, 'batch_size': 118, 'attention_heads': 13, 'hidden_dimension': 40, 'number_of_hidden_layers': 2, 'dropout_rate': 0.46754596967956363, 'global_pooling': 'max', 'learning_rate': 0.000167094547736747, 'weight_decay': 3.7286830139892096e-06, 'beta_0': 0.8531470138184313, 'beta_1': 0.9978560420803674, 'epsilon': 3.5356885827977524e-07, 'balanced_loss': False, 'epochs': 85, 'early_stopping_patience': 19, 'plateau_patience': 14, 'plateau_divider': 5}. Best is trial 90 with value: 0.9637021038983449.
[I 2025-03-23 11:27:12,590] Trial 253 finished with value: 0.9488160086908646 and parameters: {'left_stride': 0, 'right_stride': 0, 'attention_pooling_operation': 'max', 'embedding_pooling_operation': 'max', 'threshold': 0.691506047046019, 'batch_size': 214, 'attention_heads': 13, 'hidden_dimension': 61, 'number_of_hidden_layers': 2, 'dropout_rate': 0.5037737802114286, 'global_pooling': 'max', 'learning_rate': 0.00012326829148947302, 'weight_decay': 9.376896997434263e-06, 'beta_0': 0.8550962261181538, 'beta_1': 0.996732407048171, 'epsilon': 1.9778532727717224e-08, 'balanced_loss': False, 'epochs': 107, 'early_stopping_patience': 17, 'plateau_patience': 15, 'plateau_divider': 5}. Best is trial 90 with value: 0.9637021038983449.
[I 2025-03-23 11:39:55,989] Trial 254 finished with value: 0.9558177712367322 and parameters: {'left_stride': 32, 'right_stride': 0, 'attention_pooling_operation': 'max', 'embedding_pooling_operation': 'mean', 'threshold': 0.7052915136563638, 'batch_size': 132, 'attention_heads': 12, 'hidden_dimension': 47, 'number_of_hidden_layers': 2, 'dropout_rate': 0.49430539720416616, 'global_pooling': 'max', 'learning_rate': 9.663649430583956e-05, 'weight_decay': 7.67685967310758e-06, 'beta_0': 0.850025105023081, 'beta_1': 0.9890366102461475, 'epsilon': 6.856035502213603e-05, 'balanced_loss': False, 'epochs': 95, 'early_stopping_patience': 18, 'plateau_patience': 14, 'plateau_divider': 3}. Best is trial 90 with value: 0.9637021038983449.
[I 2025-03-23 11:51:12,249] Trial 255 finished with value: 0.9433158234638066 and parameters: {'left_stride': 256, 'right_stride': 0, 'attention_pooling_operation': 'max', 'embedding_pooling_operation': 'mean', 'threshold': 0.7294621817212603, 'batch_size': 125, 'attention_heads': 11, 'hidden_dimension': 53, 'number_of_hidden_layers': 2, 'dropout_rate': 0.3989843662666122, 'global_pooling': 'max', 'learning_rate': 0.0002064149245264823, 'weight_decay': 6.156862484865266e-06, 'beta_0': 0.8867088356289851, 'beta_1': 0.9970237985179665, 'epsilon': 2.7128087396249796e-08, 'balanced_loss': False, 'epochs': 121, 'early_stopping_patience': 22, 'plateau_patience': 15, 'plateau_divider': 5}. Best is trial 90 with value: 0.9637021038983449.
[I 2025-03-23 12:03:02,445] Trial 256 finished with value: 0.958437736370493 and parameters: {'left_stride': 0, 'right_stride': 32, 'attention_pooling_operation': 'max', 'embedding_pooling_operation': 'mean', 'threshold': 0.6991516282929617, 'batch_size': 136, 'attention_heads': 12, 'hidden_dimension': 36, 'number_of_hidden_layers': 2, 'dropout_rate': 0.44101894470031755, 'global_pooling': 'max', 'learning_rate': 6.588032056412685e-05, 'weight_decay': 5.0362723483173e-06, 'beta_0': 0.8587325097364058, 'beta_1': 0.9954318872288241, 'epsilon': 1.5532718020584175e-08, 'balanced_loss': False, 'epochs': 115, 'early_stopping_patience': 19, 'plateau_patience': 18, 'plateau_divider': 5}. Best is trial 90 with value: 0.9637021038983449.
[I 2025-03-23 12:15:10,436] Trial 257 finished with value: 0.9425892152365412 and parameters: {'left_stride': 0, 'right_stride': 64, 'attention_pooling_operation': 'max', 'embedding_pooling_operation': 'mean', 'threshold': 0.6960496361229787, 'batch_size': 135, 'attention_heads': 13, 'hidden_dimension': 32, 'number_of_hidden_layers': 2, 'dropout_rate': 0.45167866750922625, 'global_pooling': 'max', 'learning_rate': 6.655357984588697e-05, 'weight_decay': 5.304422121621501e-06, 'beta_0': 0.8591935526289899, 'beta_1': 0.9954225992629333, 'epsilon': 1.459527414267177e-08, 'balanced_loss': False, 'epochs': 110, 'early_stopping_patience': 19, 'plateau_patience': 16, 'plateau_divider': 6}. Best is trial 90 with value: 0.9637021038983449.
[I 2025-03-23 12:31:29,748] Trial 258 finished with value: 0.9534392113428652 and parameters: {'left_stride': 0, 'right_stride': 0, 'attention_pooling_operation': 'max', 'embedding_pooling_operation': 'mean', 'threshold': 0.7071942825340656, 'batch_size': 129, 'attention_heads': 10, 'hidden_dimension': 77, 'number_of_hidden_layers': 2, 'dropout_rate': 0.4576290321010242, 'global_pooling': 'max', 'learning_rate': 4.666855315289067e-05, 'weight_decay': 4.01093742040175e-06, 'beta_0': 0.8633173386998202, 'beta_1': 0.9955129412525765, 'epsilon': 2.268309676920053e-06, 'balanced_loss': False, 'epochs': 115, 'early_stopping_patience': 20, 'plateau_patience': 15, 'plateau_divider': 5}. Best is trial 90 with value: 0.9637021038983449.
[I 2025-03-23 12:44:21,627] Trial 259 finished with value: 0.9479114121655341 and parameters: {'left_stride': 0, 'right_stride': 32, 'attention_pooling_operation': 'max', 'embedding_pooling_operation': 'mean', 'threshold': 0.7160948929054631, 'batch_size': 137, 'attention_heads': 12, 'hidden_dimension': 44, 'number_of_hidden_layers': 2, 'dropout_rate': 0.4844162816746321, 'global_pooling': 'max', 'learning_rate': 5.911076021146242e-05, 'weight_decay': 4.818221382939238e-06, 'beta_0': 0.8597306545065992, 'beta_1': 0.9959869010301358, 'epsilon': 1.6078166363896296e-08, 'balanced_loss': False, 'epochs': 112, 'early_stopping_patience': 19, 'plateau_patience': 16, 'plateau_divider': 5}. Best is trial 90 with value: 0.9637021038983449.
[I 2025-03-23 12:57:04,324] Trial 260 finished with value: 0.9561591666391387 and parameters: {'left_stride': 0, 'right_stride': 32, 'attention_pooling_operation': 'max', 'embedding_pooling_operation': 'mean', 'threshold': 0.6960923037023872, 'batch_size': 120, 'attention_heads': 11, 'hidden_dimension': 69, 'number_of_hidden_layers': 2, 'dropout_rate': 0.38448487758944655, 'global_pooling': 'max', 'learning_rate': 8.427475944415729e-05, 'weight_decay': 4.312038911992708e-06, 'beta_0': 0.8567844252784992, 'beta_1': 0.9946088097097056, 'epsilon': 5.311098519436075e-06, 'balanced_loss': False, 'epochs': 119, 'early_stopping_patience': 19, 'plateau_patience': 15, 'plateau_divider': 5}. Best is trial 90 with value: 0.9637021038983449.
[I 2025-03-23 13:09:55,241] Trial 261 finished with value: 0.9420906137696838 and parameters: {'left_stride': 0, 'right_stride': 32, 'attention_pooling_operation': 'max', 'embedding_pooling_operation': 'max', 'threshold': 0.7019573961737458, 'batch_size': 113, 'attention_heads': 13, 'hidden_dimension': 58, 'number_of_hidden_layers': 2, 'dropout_rate': 0.5248317794068924, 'global_pooling': 'max', 'learning_rate': 7.680336205537592e-05, 'weight_decay': 3.5064865978683335e-06, 'beta_0': 0.8559284556192287, 'beta_1': 0.9927506640944584, 'epsilon': 3.703783548431168e-05, 'balanced_loss': False, 'epochs': 88, 'early_stopping_patience': 19, 'plateau_patience': 17, 'plateau_divider': 5}. Best is trial 90 with value: 0.9637021038983449.
[I 2025-03-23 13:20:45,272] Trial 262 finished with value: 0.9549007329847101 and parameters: {'left_stride': 32, 'right_stride': 32, 'attention_pooling_operation': 'max', 'embedding_pooling_operation': 'mean', 'threshold': 0.7127375447362387, 'batch_size': 127, 'attention_heads': 12, 'hidden_dimension': 50, 'number_of_hidden_layers': 2, 'dropout_rate': 0.4012291515320048, 'global_pooling': 'max', 'learning_rate': 0.00010394180788960992, 'weight_decay': 6.406275858216213e-06, 'beta_0': 0.8578917042992661, 'beta_1': 0.995165538477299, 'epsilon': 3.455062057529348e-08, 'balanced_loss': False, 'epochs': 102, 'early_stopping_patience': 18, 'plateau_patience': 18, 'plateau_divider': 5}. Best is trial 90 with value: 0.9637021038983449.
[I 2025-03-23 13:34:17,628] Trial 263 finished with value: 0.9537312273088658 and parameters: {'left_stride': 0, 'right_stride': 32, 'attention_pooling_operation': 'max', 'embedding_pooling_operation': 'mean', 'threshold': 0.6661231541393601, 'batch_size': 107, 'attention_heads': 14, 'hidden_dimension': 63, 'number_of_hidden_layers': 2, 'dropout_rate': 0.4461602328112918, 'global_pooling': 'max', 'learning_rate': 0.0001368836846480229, 'weight_decay': 5.038748836139762e-06, 'beta_0': 0.8609172356828326, 'beta_1': 0.9982850132042852, 'epsilon': 4.651070282975946e-06, 'balanced_loss': False, 'epochs': 109, 'early_stopping_patience': 19, 'plateau_patience': 16, 'plateau_divider': 6}. Best is trial 90 with value: 0.9637021038983449.
[I 2025-03-23 13:45:08,628] Trial 264 finished with value: 0.9529725441211376 and parameters: {'left_stride': 32, 'right_stride': 0, 'attention_pooling_operation': 'mean', 'embedding_pooling_operation': 'mean', 'threshold': 0.7207237223071199, 'batch_size': 140, 'attention_heads': 11, 'hidden_dimension': 55, 'number_of_hidden_layers': 2, 'dropout_rate': 0.5111562335741606, 'global_pooling': 'max', 'learning_rate': 0.00011936080751479595, 'weight_decay': 5.692977236920374e-06, 'beta_0': 0.86516449438775, 'beta_1': 0.9957215742654282, 'epsilon': 2.2891436779865762e-08, 'balanced_loss': False, 'epochs': 115, 'early_stopping_patience': 20, 'plateau_patience': 15, 'plateau_divider': 4}. Best is trial 90 with value: 0.9637021038983449.
[I 2025-03-23 13:57:10,312] Trial 265 finished with value: 0.9346654782156718 and parameters: {'left_stride': 0, 'right_stride': 0, 'attention_pooling_operation': 'max', 'embedding_pooling_operation': 'mean', 'threshold': 0.6782463991037269, 'batch_size': 134, 'attention_heads': 12, 'hidden_dimension': 37, 'number_of_hidden_layers': 2, 'dropout_rate': 0.4348960271371399, 'global_pooling': 'sum', 'learning_rate': 6.715898059367731e-05, 'weight_decay': 2.8769555513428658e-06, 'beta_0': 0.832072547726531, 'beta_1': 0.9975676174861082, 'epsilon': 2.5195434385821623e-05, 'balanced_loss': False, 'epochs': 104, 'early_stopping_patience': 21, 'plateau_patience': 14, 'plateau_divider': 5}. Best is trial 90 with value: 0.9637021038983449.
[I 2025-03-23 14:09:32,254] Trial 266 finished with value: 0.9496910364594262 and parameters: {'left_stride': 32, 'right_stride': 0, 'attention_pooling_operation': 'max', 'embedding_pooling_operation': 'mean', 'threshold': 0.6897036738842122, 'batch_size': 124, 'attention_heads': 11, 'hidden_dimension': 72, 'number_of_hidden_layers': 2, 'dropout_rate': 0.39408146003853434, 'global_pooling': 'max', 'learning_rate': 9.379446990642576e-05, 'weight_decay': 7.2064273422381565e-06, 'beta_0': 0.8388060901626897, 'beta_1': 0.990050897544653, 'epsilon': 1.0508164955567734e-05, 'balanced_loss': False, 'epochs': 97, 'early_stopping_patience': 18, 'plateau_patience': 12, 'plateau_divider': 5}. Best is trial 90 with value: 0.9637021038983449.
[I 2025-03-23 14:19:55,476] Trial 267 finished with value: 0.9575625712342811 and parameters: {'left_stride': 0, 'right_stride': 0, 'attention_pooling_operation': 'max', 'embedding_pooling_operation': 'mean', 'threshold': 0.7014166247861197, 'batch_size': 143, 'attention_heads': 13, 'hidden_dimension': 46, 'number_of_hidden_layers': 2, 'dropout_rate': 0.4764702817692155, 'global_pooling': 'max', 'learning_rate': 0.00014799775484153943, 'weight_decay': 1.135251046320688e-05, 'beta_0': 0.8542479007601257, 'beta_1': 0.9965467074320066, 'epsilon': 1.8261768189608478e-08, 'balanced_loss': False, 'epochs': 111, 'early_stopping_patience': 17, 'plateau_patience': 18, 'plateau_divider': 5}. Best is trial 90 with value: 0.9637021038983449.
[I 2025-03-23 14:29:25,322] Trial 268 finished with value: 0.9499753866238705 and parameters: {'left_stride': 0, 'right_stride': 0, 'attention_pooling_operation': 'max', 'embedding_pooling_operation': 'mean', 'threshold': 0.7102302373359856, 'batch_size': 142, 'attention_heads': 13, 'hidden_dimension': 43, 'number_of_hidden_layers': 2, 'dropout_rate': 0.47326074094112885, 'global_pooling': 'max', 'learning_rate': 0.00014899177852157727, 'weight_decay': 1.0513854620859203e-05, 'beta_0': 0.853919728335632, 'beta_1': 0.9965306745371817, 'epsilon': 1.512585323624384e-08, 'balanced_loss': False, 'epochs': 126, 'early_stopping_patience': 17, 'plateau_patience': 19, 'plateau_divider': 5}. Best is trial 90 with value: 0.9637021038983449.

[TRIAL] 90 [VALIDATION PERFORMANCE] 0.9637021038983449 [TRAINING LOSS] 0.008550000465057122 [VALIDATION LOSS] 0.1200227802619338 

number                                      90
value                                 0.963702
params_threshold                      0.734336
params_attention_heads                      11
params_balanced_loss                     False
params_embedding_pooling_operation         max
params_attention_pooling_operation        mean
params_batch_size                          115
params_dropout_rate                   0.536301
params_early_stopping_patience              19
params_epochs                              108
params_global_pooling                      max
params_hidden_dimension                     77
params_learning_rate                  0.000182
params_number_of_hidden_layers               2
params_plateau_divider                       5
params_plateau_patience                     15
params_weight_decay                   0.000005
params_beta_0                         0.884928
params_beta_1                         0.996229
params_epsilon                             0.0
user_attrs_epoch                          45.0
user_attrs_training_loss               0.00855
user_attrs_validation_loss            0.120023
params_left_stride                          32
params_right_stride                          0
Name: 90, dtype: object
37 Val: 0.9513391783890883 Test: 0.9347753886069807
38 Val: 0.9513889585888047 Test: 0.9452712180182709
39 Val: 0.9507890417152319 Test: 0.9446539635961595
40 Val: 0.9501568476195955 Test: 0.9430216031121792
41 Val: 0.9523410374047048 Test: 0.9449053946858939
42 Val: 0.9589680025983651 Test: 0.9500689079064091
43 Val: 0.9506379050234433 Test: 0.9425084742795811
44 Val: 0.9536188798897965 Test: 0.9414501012273346
45 Val: 0.9529923683780905 Test: 0.9296198854149591
46 Val: 0.948945404882892 Test: 0.9222208406408956
Validation performance: 94.89 & 95.21 ± 0.28 & 95.9
Testing performance: 92.22 & 93.98 ± 0.85 & 95.01

[TRIAL] 218 [VALIDATION PERFORMANCE] 0.9624633843831314 [TRAINING LOSS] 0.019067601509492046 [VALIDATION LOSS] 0.09624734438127941 

number                                     218
value                                 0.962463
params_threshold                      0.678617
params_attention_heads                      13
params_balanced_loss                     False
params_embedding_pooling_operation        mean
params_attention_pooling_operation         max
params_batch_size                          129
params_dropout_rate                   0.466014
params_early_stopping_patience              19
params_epochs                              116
params_global_pooling                      max
params_hidden_dimension                     61
params_learning_rate                  0.000097
params_number_of_hidden_layers               2
params_plateau_divider                       5
params_plateau_patience                     15
params_weight_decay                   0.000006
params_beta_0                         0.852964
params_beta_1                         0.994505
params_epsilon                             0.0
user_attrs_epoch                          46.0
user_attrs_training_loss              0.019068
user_attrs_validation_loss            0.096247
params_left_stride                          32
params_right_stride                          0
Name: 218, dtype: object
37 Val: 0.9552404123776288 Test: 0.9376431897292835
38 Val: 0.9580815317762057 Test: 0.944246085475708
39 Val: 0.9490498066356959 Test: 0.9504346840819646
40 Val: 0.9502384954914302 Test: 0.9266347279653471
41 Val: 0.9501823014363838 Test: 0.951449493385023
42 Val: 0.9624633843831314 Test: 0.9478334475158292
slurmstepd: error: *** JOB 15459382 ON gpu032 CANCELLED AT 2025-03-23T18:04:14 DUE TO TIME LIMIT ***
