[I 2024-12-22 06:19:11,038] Using an existing study with name 'Ohsumed-GATv2-facebook-bart-large-Surrogate-No_Aggregation' instead of creating a new one.
[I 2024-12-22 06:39:30,384] Trial 310 finished with value: 0.6349508392299631 and parameters: {'left_stride': 256, 'right_stride': 128, 'attention_pooling_operation': 'max', 'embedding_pooling_operation': 'max', 'threshold': 0.9519455111408348, 'batch_size': 36, 'attention_heads': 7, 'hidden_dimension': 185, 'number_of_hidden_layers': 0, 'dropout_rate': 0.4520105242917498, 'global_pooling': 'max', 'learning_rate': 0.0009385164736166997, 'weight_decay': 0.0005252341639413285, 'beta_0': 0.872590074818783, 'beta_1': 0.9855700075838841, 'epsilon': 3.9779775176177533e-05, 'balanced_loss': False, 'epochs': 195, 'early_stopping_patience': 25, 'plateau_patience': 17, 'plateau_divider': 10}. Best is trial 245 with value: 0.6626728893506487.
[I 2024-12-22 06:58:56,175] Trial 311 finished with value: 0.6404651022892489 and parameters: {'left_stride': 256, 'right_stride': 128, 'attention_pooling_operation': 'min', 'embedding_pooling_operation': 'max', 'threshold': 0.9575940618107622, 'batch_size': 35, 'attention_heads': 6, 'hidden_dimension': 196, 'number_of_hidden_layers': 0, 'dropout_rate': 0.4596160851488691, 'global_pooling': 'max', 'learning_rate': 0.0011336069851696157, 'weight_decay': 0.0009355722934144944, 'beta_0': 0.8836584703036929, 'beta_1': 0.9851240681612401, 'epsilon': 3.3207291026982036e-05, 'balanced_loss': False, 'epochs': 199, 'early_stopping_patience': 24, 'plateau_patience': 16, 'plateau_divider': 10}. Best is trial 245 with value: 0.6626728893506487.
[I 2024-12-22 07:18:54,190] Trial 312 finished with value: 0.6491022678764182 and parameters: {'left_stride': 256, 'right_stride': 128, 'attention_pooling_operation': 'min', 'embedding_pooling_operation': 'max', 'threshold': 0.9586175529975522, 'batch_size': 39, 'attention_heads': 7, 'hidden_dimension': 183, 'number_of_hidden_layers': 0, 'dropout_rate': 0.4719301116703331, 'global_pooling': 'max', 'learning_rate': 0.0008544101267311271, 'weight_decay': 0.0004122024084728882, 'beta_0': 0.8748172944555032, 'beta_1': 0.9843051541090351, 'epsilon': 9.585879742928787e-05, 'balanced_loss': False, 'epochs': 193, 'early_stopping_patience': 24, 'plateau_patience': 18, 'plateau_divider': 10}. Best is trial 245 with value: 0.6626728893506487.
[I 2024-12-22 07:39:12,987] Trial 313 finished with value: 0.6356200266270962 and parameters: {'left_stride': 256, 'right_stride': 128, 'attention_pooling_operation': 'min', 'embedding_pooling_operation': 'max', 'threshold': 0.9587624763246448, 'batch_size': 39, 'attention_heads': 7, 'hidden_dimension': 176, 'number_of_hidden_layers': 0, 'dropout_rate': 0.44354178135406014, 'global_pooling': 'max', 'learning_rate': 0.0005724594472960038, 'weight_decay': 0.0006352208123093639, 'beta_0': 0.8776013006333991, 'beta_1': 0.9840229158108204, 'epsilon': 9.400736046799788e-05, 'balanced_loss': False, 'epochs': 193, 'early_stopping_patience': 24, 'plateau_patience': 18, 'plateau_divider': 10}. Best is trial 245 with value: 0.6626728893506487.
[I 2024-12-22 08:00:29,600] Trial 314 finished with value: 0.5964338012299136 and parameters: {'left_stride': 256, 'right_stride': 128, 'attention_pooling_operation': 'min', 'embedding_pooling_operation': 'max', 'threshold': 0.9534961094906675, 'batch_size': 37, 'attention_heads': 7, 'hidden_dimension': 183, 'number_of_hidden_layers': 0, 'dropout_rate': 0.4683967485875857, 'global_pooling': 'mean', 'learning_rate': 0.0007166746229320133, 'weight_decay': 0.0004454472587392394, 'beta_0': 0.8668375256760918, 'beta_1': 0.9848510195329296, 'epsilon': 7.385927887400824e-05, 'balanced_loss': False, 'epochs': 200, 'early_stopping_patience': 25, 'plateau_patience': 18, 'plateau_divider': 10}. Best is trial 245 with value: 0.6626728893506487.
CUDA out of memory. Tried to allocate 876.00 MiB. GPU 0 has a total capacity of 44.56 GiB of which 242.69 MiB is free. Including non-PyTorch memory, this process has 44.32 GiB memory in use. Of the allocated memory 42.60 GiB is allocated by PyTorch, and 580.02 MiB is reserved by PyTorch but unallocated. If reserved but unallocated memory is large try setting PYTORCH_CUDA_ALLOC_CONF=expandable_segments:True to avoid fragmentation.  See documentation for Memory Management  (https://pytorch.org/docs/stable/notes/cuda.html#environment-variables)
[I 2024-12-22 08:17:07,733] Trial 315 finished with value: -1.0 and parameters: {'left_stride': 256, 'right_stride': 128, 'attention_pooling_operation': 'min', 'embedding_pooling_operation': 'max', 'threshold': 0.945578880883293, 'batch_size': 34, 'attention_heads': 6, 'hidden_dimension': 178, 'number_of_hidden_layers': 0, 'dropout_rate': 0.45353201517752567, 'global_pooling': 'max', 'learning_rate': 0.00102986171139995, 'weight_decay': 0.00037595182702536596, 'beta_0': 0.8811304851178204, 'beta_1': 0.9841903052410419, 'epsilon': 9.972696401777965e-05, 'balanced_loss': False, 'epochs': 195, 'early_stopping_patience': 24, 'plateau_patience': 18, 'plateau_divider': 10}. Best is trial 245 with value: 0.6626728893506487.
CUDA out of memory. Tried to allocate 1.63 GiB. GPU 0 has a total capacity of 44.56 GiB of which 404.69 MiB is free. Including non-PyTorch memory, this process has 44.16 GiB memory in use. Of the allocated memory 42.14 GiB is allocated by PyTorch, and 886.09 MiB is reserved by PyTorch but unallocated. If reserved but unallocated memory is large try setting PYTORCH_CUDA_ALLOC_CONF=expandable_segments:True to avoid fragmentation.  See documentation for Memory Management  (https://pytorch.org/docs/stable/notes/cuda.html#environment-variables)
[I 2024-12-22 08:33:35,904] Trial 316 finished with value: -1.0 and parameters: {'left_stride': 256, 'right_stride': 128, 'attention_pooling_operation': 'min', 'embedding_pooling_operation': 'max', 'threshold': 0.9484875441359015, 'batch_size': 96, 'attention_heads': 5, 'hidden_dimension': 209, 'number_of_hidden_layers': 0, 'dropout_rate': 0.46233432753149933, 'global_pooling': 'max', 'learning_rate': 0.0007233177480634869, 'weight_decay': 0.000271549020825619, 'beta_0': 0.8847115686176003, 'beta_1': 0.9843502575690367, 'epsilon': 6.755318347116476e-05, 'balanced_loss': False, 'epochs': 191, 'early_stopping_patience': 24, 'plateau_patience': 19, 'plateau_divider': 10}. Best is trial 245 with value: 0.6626728893506487.
[I 2024-12-22 08:53:21,602] Trial 317 finished with value: 0.6483055981290516 and parameters: {'left_stride': 256, 'right_stride': 128, 'attention_pooling_operation': 'min', 'embedding_pooling_operation': 'max', 'threshold': 0.9563731671807703, 'batch_size': 40, 'attention_heads': 7, 'hidden_dimension': 192, 'number_of_hidden_layers': 0, 'dropout_rate': 0.4719356244569811, 'global_pooling': 'max', 'learning_rate': 0.0009135404231243213, 'weight_decay': 0.0005334719329920429, 'beta_0': 0.8737857762954501, 'beta_1': 0.9852755238740496, 'epsilon': 5.072725482592399e-05, 'balanced_loss': False, 'epochs': 196, 'early_stopping_patience': 24, 'plateau_patience': 16, 'plateau_divider': 10}. Best is trial 245 with value: 0.6626728893506487.
[I 2024-12-22 09:12:10,978] Trial 318 finished with value: 0.6550836800034856 and parameters: {'left_stride': 256, 'right_stride': 128, 'attention_pooling_operation': 'min', 'embedding_pooling_operation': 'max', 'threshold': 0.9596960495215605, 'batch_size': 37, 'attention_heads': 5, 'hidden_dimension': 184, 'number_of_hidden_layers': 0, 'dropout_rate': 0.4236866561452878, 'global_pooling': 'max', 'learning_rate': 0.0008938312960612804, 'weight_decay': 0.00034324836225189584, 'beta_0': 0.8809504906760018, 'beta_1': 0.9848240753638546, 'epsilon': 5.3276412675625784e-05, 'balanced_loss': False, 'epochs': 192, 'early_stopping_patience': 24, 'plateau_patience': 17, 'plateau_divider': 10}. Best is trial 245 with value: 0.6626728893506487.
[I 2024-12-22 09:31:24,390] Trial 319 finished with value: 0.6538858400989263 and parameters: {'left_stride': 256, 'right_stride': 128, 'attention_pooling_operation': 'min', 'embedding_pooling_operation': 'max', 'threshold': 0.9590685916709767, 'batch_size': 37, 'attention_heads': 6, 'hidden_dimension': 184, 'number_of_hidden_layers': 0, 'dropout_rate': 0.4119603553596723, 'global_pooling': 'max', 'learning_rate': 0.0008332018665069864, 'weight_decay': 0.0003450813578989086, 'beta_0': 0.8743727069832172, 'beta_1': 0.9848693294766592, 'epsilon': 5.174498135826826e-05, 'balanced_loss': False, 'epochs': 192, 'early_stopping_patience': 24, 'plateau_patience': 17, 'plateau_divider': 10}. Best is trial 245 with value: 0.6626728893506487.
[I 2024-12-22 09:50:35,014] Trial 320 finished with value: 0.6631898201191632 and parameters: {'left_stride': 256, 'right_stride': 128, 'attention_pooling_operation': 'min', 'embedding_pooling_operation': 'max', 'threshold': 0.9524591952432019, 'batch_size': 37, 'attention_heads': 5, 'hidden_dimension': 184, 'number_of_hidden_layers': 0, 'dropout_rate': 0.39724922536526774, 'global_pooling': 'max', 'learning_rate': 0.0007889530903288018, 'weight_decay': 0.00032750554098897255, 'beta_0': 0.8772735635185984, 'beta_1': 0.9847320117101184, 'epsilon': 5.368202654216183e-05, 'balanced_loss': False, 'epochs': 191, 'early_stopping_patience': 25, 'plateau_patience': 17, 'plateau_divider': 10}. Best is trial 320 with value: 0.6631898201191632.
[I 2024-12-22 10:09:53,740] Trial 321 finished with value: 0.6505314616946393 and parameters: {'left_stride': 256, 'right_stride': 128, 'attention_pooling_operation': 'min', 'embedding_pooling_operation': 'max', 'threshold': 0.9601229057500801, 'batch_size': 38, 'attention_heads': 5, 'hidden_dimension': 184, 'number_of_hidden_layers': 0, 'dropout_rate': 0.40876669787396464, 'global_pooling': 'max', 'learning_rate': 0.0006269779459015577, 'weight_decay': 0.0003338644791375267, 'beta_0': 0.8749388438649642, 'beta_1': 0.9847885297072583, 'epsilon': 4.814837238330952e-05, 'balanced_loss': False, 'epochs': 190, 'early_stopping_patience': 25, 'plateau_patience': 17, 'plateau_divider': 10}. Best is trial 320 with value: 0.6631898201191632.
[I 2024-12-22 10:28:34,047] Trial 322 finished with value: 0.623355535430905 and parameters: {'left_stride': 256, 'right_stride': 128, 'attention_pooling_operation': 'min', 'embedding_pooling_operation': 'max', 'threshold': 0.9595672202534496, 'batch_size': 38, 'attention_heads': 5, 'hidden_dimension': 181, 'number_of_hidden_layers': 0, 'dropout_rate': 0.3982842847328296, 'global_pooling': 'sum', 'learning_rate': 0.0005859195340919167, 'weight_decay': 0.0003393950128024771, 'beta_0': 0.8748406080799886, 'beta_1': 0.9854661179362681, 'epsilon': 5.4986191955045695e-05, 'balanced_loss': False, 'epochs': 191, 'early_stopping_patience': 25, 'plateau_patience': 17, 'plateau_divider': 10}. Best is trial 320 with value: 0.6631898201191632.
[I 2024-12-22 10:54:12,407] Trial 323 finished with value: 0.637827200952005 and parameters: {'left_stride': 256, 'right_stride': 128, 'attention_pooling_operation': 'mean', 'embedding_pooling_operation': 'max', 'threshold': 0.9605709047452753, 'batch_size': 37, 'attention_heads': 5, 'hidden_dimension': 183, 'number_of_hidden_layers': 0, 'dropout_rate': 0.409863711336544, 'global_pooling': 'max', 'learning_rate': 0.0006051126968883378, 'weight_decay': 0.0003025104511144288, 'beta_0': 0.8769075667235294, 'beta_1': 0.985951881050796, 'epsilon': 5.150839113122453e-05, 'balanced_loss': False, 'epochs': 189, 'early_stopping_patience': 25, 'plateau_patience': 17, 'plateau_divider': 10}. Best is trial 320 with value: 0.6631898201191632.
[I 2024-12-22 11:13:18,361] Trial 324 finished with value: 0.6439526958364337 and parameters: {'left_stride': 256, 'right_stride': 128, 'attention_pooling_operation': 'min', 'embedding_pooling_operation': 'max', 'threshold': 0.9504909978074475, 'batch_size': 40, 'attention_heads': 5, 'hidden_dimension': 171, 'number_of_hidden_layers': 0, 'dropout_rate': 0.40669544260107227, 'global_pooling': 'max', 'learning_rate': 0.0008321658129617269, 'weight_decay': 0.00035073260150748426, 'beta_0': 0.874421880658148, 'beta_1': 0.9847231409085265, 'epsilon': 6.699387491489269e-05, 'balanced_loss': False, 'epochs': 193, 'early_stopping_patience': 25, 'plateau_patience': 17, 'plateau_divider': 10}. Best is trial 320 with value: 0.6631898201191632.
[I 2024-12-22 11:31:32,398] Trial 325 finished with value: 0.626549807570668 and parameters: {'left_stride': 256, 'right_stride': 128, 'attention_pooling_operation': 'min', 'embedding_pooling_operation': 'max', 'threshold': 0.9644021306411252, 'batch_size': 38, 'attention_heads': 4, 'hidden_dimension': 175, 'number_of_hidden_layers': 0, 'dropout_rate': 0.3878161543791218, 'global_pooling': 'max', 'learning_rate': 0.0008041003047739208, 'weight_decay': 0.0003990613617262556, 'beta_0': 0.8702762324093434, 'beta_1': 0.9850070901087364, 'epsilon': 4.377993993208593e-05, 'balanced_loss': False, 'epochs': 187, 'early_stopping_patience': 25, 'plateau_patience': 17, 'plateau_divider': 10}. Best is trial 320 with value: 0.6631898201191632.

[TRIAL] 320 [VALIDATION PERFORMANCE] 0.6631898201191632 [TRAINING LOSS] 0.043030954233995854 [VALIDATION LOSS] 1.0338650322274159 

number                                     320
value                                  0.66319
params_threshold                      0.952459
params_attention_heads                       5
params_balanced_loss                     False
params_embedding_pooling_operation         max
params_attention_pooling_operation         min
params_batch_size                           37
params_dropout_rate                   0.397249
params_early_stopping_patience              25
params_epochs                              191
params_global_pooling                      max
params_hidden_dimension                    184
params_learning_rate                  0.000789
params_number_of_hidden_layers               0
params_plateau_divider                      10
params_plateau_patience                     17
params_weight_decay                   0.000328
params_beta_0                         0.877274
params_beta_1                         0.984732
params_epsilon                        0.000054
user_attrs_epoch                          19.0
user_attrs_training_loss              0.043031
user_attrs_validation_loss            1.033865
params_left_stride                         256
params_right_stride                        128
Name: 320, dtype: object
37 Val: 0.6444808336374142 Test: 0.6643834302066007
38 Val: 0.6476097152329804 Test: 0.6701484292860268
39 Val: 0.6542773451468532 Test: 0.6604512734537803
40 Val: 0.6460071118422029 Test: 0.6623747367136551
41 Val: 0.6482741997952606 Test: 0.6657075203394497
42 Val: 0.6561648252424427 Test: 0.6553385026728562
43 Val: 0.6474315776058825 Test: 0.6739346659632056
44 Val: 0.6544854252278114 Test: 0.6624705694856429
45 Val: 0.6576269832796102 Test: 0.6576176895891512
46 Val: 0.6437263656676692 Test: 0.6636297892128808
Validation performance: 64.37 & 65.0 ± 0.51 & 65.76
Testing performance: 65.53 & 66.36 ± 0.55 & 67.39

[TRIAL] 245 [VALIDATION PERFORMANCE] 0.6626728893506487 [TRAINING LOSS] 0.09783466349045436 [VALIDATION LOSS] 1.0275812305902179 

number                                     245
value                                 0.662673
params_threshold                      0.965322
params_attention_heads                      13
params_balanced_loss                     False
params_embedding_pooling_operation        mean
params_attention_pooling_operation         min
params_batch_size                           36
params_dropout_rate                   0.488645
params_early_stopping_patience              23
params_epochs                              180
params_global_pooling                      max
params_hidden_dimension                    162
params_learning_rate                  0.001525
params_number_of_hidden_layers               0
params_plateau_divider                      10
params_plateau_patience                     15
params_weight_decay                   0.000002
params_beta_0                         0.887735
params_beta_1                         0.984713
params_epsilon                        0.000012
user_attrs_epoch                           8.0
user_attrs_training_loss              0.097835
user_attrs_validation_loss            1.027581
params_left_stride                         256
params_right_stride                          0
Name: 245, dtype: object
37 Val: 0.6399260666769452 Test: 0.6523615656414272
38 Val: 0.6347024347138668 Test: 0.6507781646191938
39 Val: 0.639681980687765 Test: 0.6433956230080415
40 Val: 0.6319537409855015 Test: 0.6598347014548578
41 Val: 0.6434293163675491 Test: 0.6576515548950591
42 Val: 0.6448108218295575 Test: 0.641449124124654
43 Val: 0.6426241462477675 Test: 0.6646551061368412
44 Val: 0.649847947985854 Test: 0.659545637041661
45 Val: 0.6509769651878944 Test: 0.6603896200173267
46 Val: 0.6525256133865287 Test: 0.653639808652626
Validation performance: 63.2 & 64.3 ± 0.68 & 65.25
Testing performance: 64.14 & 65.44 ± 0.76 & 66.47

[TRIAL] 276 [VALIDATION PERFORMANCE] 0.6623451060760762 [TRAINING LOSS] 0.01466807336795942 [VALIDATION LOSS] 1.3842180797031947 

number                                     276
value                                 0.662345
params_threshold                      0.969798
params_attention_heads                       6
params_balanced_loss                     False
params_embedding_pooling_operation         max
params_attention_pooling_operation         min
params_batch_size                           48
params_dropout_rate                   0.472999
params_early_stopping_patience              24
params_epochs                              185
params_global_pooling                      max
params_hidden_dimension                    187
params_learning_rate                  0.001378
params_number_of_hidden_layers               0
params_plateau_divider                      10
params_plateau_patience                     15
params_weight_decay                   0.000464
params_beta_0                         0.883382
params_beta_1                         0.985206
params_epsilon                        0.000016
user_attrs_epoch                          21.0
user_attrs_training_loss              0.014668
user_attrs_validation_loss            1.384218
params_left_stride                         256
params_right_stride                          0
Name: 276, dtype: object
37 Val: 0.647182893654725 Test: 0.6577696715520296
38 Val: 0.641692176720523 Test: 0.662373103170916
39 Val: 0.6667797754176243 Test: 0.6574889353735928
40 Val: 0.6523566424171721 Test: 0.6568150141589422
41 Val: 0.6371235889181858 Test: 0.6511130337104847
42 Val: 0.6429815938601837 Test: 0.6574854546863061
43 Val: 0.6414012846254764 Test: 0.6561131605324837
44 Val: 0.6421772953216413 Test: 0.6592120383921511
45 Val: 0.6432037662327095 Test: 0.6574685481840876
46 Val: 0.6507160108875094 Test: 0.6648563038587434
Validation performance: 63.71 & 64.66 ± 0.85 & 66.68
Testing performance: 65.11 & 65.81 ± 0.37 & 66.49

[TRIAL] 234 [VALIDATION PERFORMANCE] 0.6622057840578595 [TRAINING LOSS] 0.0039662122452522024 [VALIDATION LOSS] 1.302701711654663 

number                                     234
value                                 0.662206
params_threshold                      0.963717
params_attention_heads                      13
params_balanced_loss                     False
params_embedding_pooling_operation        mean
params_attention_pooling_operation         min
params_batch_size                           79
params_dropout_rate                    0.44596
params_early_stopping_patience              21
params_epochs                              178
params_global_pooling                      max
params_hidden_dimension                     41
params_learning_rate                  0.002122
params_number_of_hidden_layers               0
params_plateau_divider                      10
params_plateau_patience                     14
params_weight_decay                   0.000001
params_beta_0                         0.892105
params_beta_1                         0.984613
params_epsilon                        0.000009
user_attrs_epoch                          31.0
user_attrs_training_loss              0.003966
user_attrs_validation_loss            1.302702
params_left_stride                          32
params_right_stride                          0
Name: 234, dtype: object
37 Val: 0.64658257526571 Test: 0.655808434882097
38 Val: 0.6502300482929932 Test: 0.6499015498921953
39 Val: 0.6410657896477951 Test: 0.649165955947427
40 Val: 0.6420463652450333 Test: 0.6540711894675387
41 Val: 0.6190454117031121 Test: 0.6529655830947265
42 Val: 0.6465663080523736 Test: 0.6583641894700607
43 Val: 0.6178870396819981 Test: 0.6603667933381259
44 Val: 0.6603605732285139 Test: 0.6409888843935192
45 Val: 0.6390831002142534 Test: 0.6381024296191609
46 Val: 0.6370123825494269 Test: 0.6584844133865334
Validation performance: 61.79 & 64.0 ± 1.31 & 66.04
Testing performance: 63.81 & 65.18 ± 0.74 & 66.04

[TRIAL] 306 [VALIDATION PERFORMANCE] 0.661406225625626 [TRAINING LOSS] 0.06086520060896874 [VALIDATION LOSS] 1.1256745238053172 

number                                     306
value                                 0.661406
params_threshold                      0.957993
params_attention_heads                       6
params_balanced_loss                     False
params_embedding_pooling_operation         max
params_attention_pooling_operation         min
params_batch_size                           36
params_dropout_rate                   0.461418
params_early_stopping_patience              24
params_epochs                              199
params_global_pooling                      max
params_hidden_dimension                    188
params_learning_rate                  0.001081
params_number_of_hidden_layers               0
params_plateau_divider                      10
params_plateau_patience                     16
params_weight_decay                   0.000897
params_beta_0                         0.873536
params_beta_1                         0.984338
params_epsilon                        0.000075
user_attrs_epoch                          15.0
user_attrs_training_loss              0.060865
user_attrs_validation_loss            1.125675
params_left_stride                         256
params_right_stride                        128
Name: 306, dtype: object
37 Val: 0.6520282645904069 Test: 0.6770526125455616
38 Val: 0.6511196475356178 Test: 0.6747106601278663
39 Val: 0.6465694034210049 Test: 0.6659735211043806
40 Val: 0.6457790642549222 Test: 0.6534598126681896
41 Val: 0.6625604491939371 Test: 0.6635144106024028
42 Val: 0.6552996637878054 Test: 0.6626509341599263
43 Val: 0.6562944967891536 Test: 0.6760514472635932
44 Val: 0.6455265217515711 Test: 0.6589346566832676
45 Val: 0.6537708934320414 Test: 0.6602668209456688
46 Val: 0.6588163115562614 Test: 0.6627947814395536
Validation performance: 64.55 & 65.28 ± 0.57 & 66.26
Testing performance: 65.35 & 66.55 ± 0.79 & 67.71

[Ohsumed] Elapsed time: 1266.2608929673831 minutes.
