[I 2024-11-16 08:26:57,855] Using an existing study with name 'Ohsumed-GAT-google-bert-bert-base-uncased-Grouped-No_Aggregation' instead of creating a new one.
Token indices sequence length is longer than the specified maximum sequence length for this model (611 > 512). Running this sequence through the model will result in indexing errors
[I 2024-11-16 08:42:50,813] Trial 268 finished with value: 0.5864667440682109 and parameters: {'left_stride': 0, 'right_stride': 0, 'attention_pooling_operation': 'mean', 'embedding_pooling_operation': 'min', 'threshold': 0.8171367709899513, 'batch_size': 76, 'attention_heads': 16, 'hidden_dimension': 106, 'number_of_hidden_layers': 2, 'dropout_rate': 0.3422971152928155, 'global_pooling': 'max', 'learning_rate': 0.00015673226536198825, 'weight_decay': 0.0004872430739750922, 'beta_0': 0.8634367776601405, 'beta_1': 0.9865970917249591, 'epsilon': 2.5603374532019484e-07, 'balanced_loss': False, 'epochs': 113, 'early_stopping_patience': 20, 'plateau_patience': 21, 'plateau_divider': 2}. Best is trial 168 with value: 0.6586627478320549.
[I 2024-11-16 08:56:04,516] Trial 269 finished with value: 0.6055806467315128 and parameters: {'left_stride': 0, 'right_stride': 0, 'attention_pooling_operation': 'mean', 'embedding_pooling_operation': 'mean', 'threshold': 0.8265313738884877, 'batch_size': 74, 'attention_heads': 16, 'hidden_dimension': 96, 'number_of_hidden_layers': 2, 'dropout_rate': 0.3236338070648038, 'global_pooling': 'max', 'learning_rate': 0.0003226158078646247, 'weight_decay': 0.00042805485355453687, 'beta_0': 0.8688920837841467, 'beta_1': 0.9875000623554127, 'epsilon': 2.008614299892782e-07, 'balanced_loss': False, 'epochs': 111, 'early_stopping_patience': 15, 'plateau_patience': 19, 'plateau_divider': 2}. Best is trial 168 with value: 0.6586627478320549.

[TRIAL] 168 [VALIDATION PERFORMANCE] 0.6586627478320549 [TRAINING LOSS] 0.05134587009836521 [VALIDATION LOSS] 1.6329104389463152 

number                                     168
value                                 0.658663
params_threshold                      0.850454
params_attention_heads                      15
params_balanced_loss                     False
params_embedding_pooling_operation        mean
params_attention_pooling_operation        mean
params_batch_size                           98
params_dropout_rate                   0.318724
params_early_stopping_patience              22
params_epochs                              126
params_global_pooling                      max
params_hidden_dimension                    105
params_learning_rate                  0.000326
params_number_of_hidden_layers               2
params_plateau_divider                       2
params_plateau_patience                     21
params_weight_decay                   0.000315
params_beta_0                         0.875638
params_beta_1                         0.988902
params_epsilon                             0.0
user_attrs_epoch                          29.0
user_attrs_training_loss              0.051346
user_attrs_validation_loss             1.63291
params_left_stride                           0
params_right_stride                          0
Name: 168, dtype: object
37 Val: 0.5942518947224967 Test: 0.5940719189324885
38 Val: 0.6229411307525924 Test: 0.6093371193855538
39 Val: 0.614417309569447 Test: 0.5895572197876228
40 Val: 0.5920541158070707 Test: 0.6060590463938879
41 Val: 0.6129286837312281 Test: 0.5951970584256298
42 Val: 0.6527575374529684 Test: 0.5939452846422025
43 Val: 0.6020953005388965 Test: 0.6040177281862988
44 Val: 0.6289765043923127 Test: 0.6088444940513323
45 Val: 0.6163059971808535 Test: 0.5994806908237199
46 Val: 0.6233170070426606 Test: 0.5925305582962193
Validation performance: 59.21 & 61.6 ± 1.79 & 65.28
Testing performance: 58.96 & 59.93 ± 0.73 & 60.93

[TRIAL] 114 [VALIDATION PERFORMANCE] 0.6435809112265517 [TRAINING LOSS] 0.04248542586962382 [VALIDATION LOSS] 1.7176613807678223 

number                                     114
value                                 0.643581
params_threshold                      0.871024
params_attention_heads                      16
params_balanced_loss                     False
params_embedding_pooling_operation        mean
params_attention_pooling_operation        mean
params_batch_size                           75
params_dropout_rate                   0.352597
params_early_stopping_patience              21
params_epochs                               93
params_global_pooling                      max
params_hidden_dimension                     95
params_learning_rate                  0.000306
params_number_of_hidden_layers               2
params_plateau_divider                       2
params_plateau_patience                     19
params_weight_decay                   0.000419
params_beta_0                         0.881211
params_beta_1                         0.987057
params_epsilon                             0.0
user_attrs_epoch                          32.0
user_attrs_training_loss              0.042485
user_attrs_validation_loss            1.717661
params_left_stride                           0
params_right_stride                          0
Name: 114, dtype: object
37 Val: 0.6132606884248208 Test: 0.5766615574196006
38 Val: 0.6442200105360137 Test: 0.6082819985086231
39 Val: 0.6044899039505846 Test: 0.5907685912390351
40 Val: 0.6207955314289766 Test: 0.6021469598400568
41 Val: 0.6271483161862674 Test: 0.5979630483129929
42 Val: 0.6275801821842005 Test: 0.6101011005200455
43 Val: 0.6262523970757755 Test: 0.5963782006783958
44 Val: 0.6216151016068984 Test: 0.5922396485464393
45 Val: 0.64104458300667 Test: 0.5988118023046031
46 Val: 0.6220912191367581 Test: 0.586572954182253
Validation performance: 60.45 & 62.48 ± 1.17 & 64.42
Testing performance: 57.67 & 59.6 ± 1.0 & 61.01

[TRIAL] 171 [VALIDATION PERFORMANCE] 0.6371278233720491 [TRAINING LOSS] 0.06254516854616148 [VALIDATION LOSS] 1.5980067764009749 

number                                     171
value                                 0.637128
params_threshold                      0.832856
params_attention_heads                       9
params_balanced_loss                     False
params_embedding_pooling_operation        mean
params_attention_pooling_operation        mean
params_batch_size                           97
params_dropout_rate                   0.336452
params_early_stopping_patience              22
params_epochs                              126
params_global_pooling                      max
params_hidden_dimension                    114
params_learning_rate                  0.000482
params_number_of_hidden_layers               2
params_plateau_divider                       2
params_plateau_patience                     22
params_weight_decay                   0.000687
params_beta_0                         0.867927
params_beta_1                         0.988818
params_epsilon                             0.0
user_attrs_epoch                          32.0
user_attrs_training_loss              0.062545
user_attrs_validation_loss            1.598007
params_left_stride                           0
params_right_stride                          0
Name: 171, dtype: object
37 Val: 0.6113698427359991 Test: 0.5840900825376992
38 Val: 0.5952508128395835 Test: 0.5851803497260529
39 Val: 0.6168146813240223 Test: 0.5841958470513624
40 Val: 0.6164960371759233 Test: 0.6141012917343979
41 Val: 0.6077444460812677 Test: 0.6007309541658806
42 Val: 0.6339425477872347 Test: 0.622469748941431
43 Val: 0.6212962511017964 Test: 0.6083137394267467
44 Val: 0.6125258110657293 Test: 0.5916029977028667
45 Val: 0.6123653935925278 Test: 0.5982103984325389
46 Val: 0.6128016574982024 Test: 0.6088602040773806
Validation performance: 59.53 & 61.41 ± 0.98 & 63.39
Testing performance: 58.41 & 59.98 ± 1.35 & 62.25

[TRIAL] 234 [VALIDATION PERFORMANCE] 0.6352294991397136 [TRAINING LOSS] 0.12134536459214157 [VALIDATION LOSS] 1.458070370886061 

number                                     234
value                                 0.635229
params_threshold                      0.819707
params_attention_heads                       9
params_balanced_loss                     False
params_embedding_pooling_operation        mean
params_attention_pooling_operation        mean
params_batch_size                           76
params_dropout_rate                   0.322589
params_early_stopping_patience              19
params_epochs                              146
params_global_pooling                      max
params_hidden_dimension                    116
params_learning_rate                   0.00023
params_number_of_hidden_layers               2
params_plateau_divider                       2
params_plateau_patience                     18
params_weight_decay                    0.00027
params_beta_0                         0.856493
params_beta_1                         0.989203
params_epsilon                             0.0
user_attrs_epoch                          33.0
user_attrs_training_loss              0.121345
user_attrs_validation_loss             1.45807
params_left_stride                           0
params_right_stride                         32
Name: 234, dtype: object
37 Val: 0.6127665209446614 Test: 0.5935375305155407
38 Val: 0.613359449807757 Test: 0.5771048824689889
39 Val: 0.6229622584562922 Test: 0.5868462213941659
40 Val: 0.6076686743089339 Test: 0.582827452302497
41 Val: 0.6091263464207745 Test: 0.582814661297124
42 Val: 0.6160057318020944 Test: 0.6010230864020781
43 Val: 0.6036921398003513 Test: 0.5875561429023307
44 Val: 0.5933787390909903 Test: 0.585476035912233
45 Val: 0.6052040991588539 Test: 0.5846403988272608
46 Val: 0.5840725786079082 Test: 0.5829708300018658
Validation performance: 58.41 & 60.68 ± 1.13 & 62.3
Testing performance: 57.71 & 58.65 ± 0.66 & 60.1

[TRIAL] 216 [VALIDATION PERFORMANCE] 0.6347044261929858 [TRAINING LOSS] 0.06940433915172305 [VALIDATION LOSS] 1.4945992628733318 

number                                     216
value                                 0.634704
params_threshold                      0.834732
params_attention_heads                       9
params_balanced_loss                     False
params_embedding_pooling_operation        mean
params_attention_pooling_operation        mean
params_batch_size                           78
params_dropout_rate                   0.306111
params_early_stopping_patience              19
params_epochs                              125
params_global_pooling                      max
params_hidden_dimension                    125
params_learning_rate                  0.000313
params_number_of_hidden_layers               2
params_plateau_divider                       2
params_plateau_patience                     19
params_weight_decay                   0.000264
params_beta_0                         0.872531
params_beta_1                         0.989369
params_epsilon                        0.000001
user_attrs_epoch                          29.0
user_attrs_training_loss              0.069404
user_attrs_validation_loss            1.494599
params_left_stride                           0
params_right_stride                          0
Name: 216, dtype: object
37 Val: 0.5944463739550161 Test: 0.5940625380297645
38 Val: 0.5990452760153311 Test: 0.6021103237354296
39 Val: 0.6366444292155332 Test: 0.5982981433088796
40 Val: 0.6138037324164051 Test: 0.5908580470685457
41 Val: 0.6150493245858236 Test: 0.6079582001379104
42 Val: 0.6409648060517579 Test: 0.5977549576722757
43 Val: 0.611184019580752 Test: 0.5919848521402513
44 Val: 0.612392267517384 Test: 0.5950479037295083
45 Val: 0.6121773624051897 Test: 0.5962127299451125
46 Val: 0.6056411828691209 Test: 0.5815514418255048
Validation performance: 59.44 & 61.41 ± 1.46 & 64.1
Testing performance: 58.16 & 59.56 ± 0.7 & 60.8

[Ohsumed] Elapsed time: 679.4471891005834 minutes.
