[I 2025-05-08 05:22:52,473] Using an existing study with name 'R8-GATv2-facebook-bart-large-Grouped-Sliding_Windows' instead of creating a new one.

[TRIAL] 256 [VALIDATION PERFORMANCE] 0.9754178295411465 [TRAINING LOSS] 0.02763048604441186 [VALIDATION LOSS] 0.10471469617914408 

number                                         256
value                                     0.975418
params_window_size                               2
params_attention_heads                          15
params_balanced_loss                         False
params_embedding_pooling_operation             max
params_co_occurrence_pooling_operation         sum
params_batch_size                              148
params_dropout_rate                       0.574962
params_early_stopping_patience                  18
params_epochs                                  161
params_global_pooling                         mean
params_hidden_dimension                        218
params_learning_rate                      0.000132
params_number_of_hidden_layers                   3
params_plateau_divider                           3
params_plateau_patience                         15
params_weight_decay                       0.000009
params_beta_0                             0.804286
params_beta_1                              0.99726
params_epsilon                                 0.0
user_attrs_epoch                              47.0
user_attrs_training_loss                   0.02763
user_attrs_validation_loss                0.104715
Name: 256, dtype: object
Count of trainable parameters: 70945928

[R8] Elapsed time: 0.16028104225794473 minutes.
