[I 2024-12-05 16:50:21,136] Using an existing study with name 'R8-GATv2-facebook-bart-base-Grouped-No_Aggregation' instead of creating a new one.
Optimization already completed.

[TRIAL] 170 [VALIDATION PERFORMANCE] 0.9685678381952185 [TRAINING LOSS] 0.04106328298372251 [VALIDATION LOSS] 0.0832655629409211 

number                                     170
value                                 0.968568
params_threshold                      0.673496
params_attention_heads                       6
params_balanced_loss                     False
params_embedding_pooling_operation         max
params_attention_pooling_operation         max
params_batch_size                          163
params_dropout_rate                   0.324637
params_early_stopping_patience              20
params_epochs                              116
params_global_pooling                      max
params_hidden_dimension                    132
params_learning_rate                  0.000106
params_number_of_hidden_layers               2
params_plateau_divider                       4
params_plateau_patience                     12
params_weight_decay                   0.000013
params_beta_0                         0.848785
params_beta_1                         0.994063
params_epsilon                             0.0
user_attrs_epoch                          21.0
user_attrs_training_loss              0.041063
user_attrs_validation_loss            0.083266
params_left_stride                         128
params_right_stride                          0
Name: 170, dtype: object
37 Val: 0.9446558798063734 Test: 0.9475104607894698
38 Val: 0.954733621018609 Test: 0.9348050332725468
39 Val: 0.9476342623568383 Test: 0.9502236987431182
40 Val: 0.9487875084359896 Test: 0.9367853866978976
41 Val: 0.9406892601173301 Test: 0.9369792473953344
42 Val: 0.9571402311682857 Test: 0.94428894783156
43 Val: 0.9576840541843884 Test: 0.9404135592661864
44 Val: 0.9490341073387165 Test: 0.9486394835500482
45 Val: 0.9495681656029902 Test: 0.948743568606399
46 Val: 0.9549522790492123 Test: 0.9501119396977187
Validation performance: 94.07 & 95.05 ± 0.56 & 95.77
Testing performance: 93.48 & 94.39 ± 0.61 & 95.02

[TRIAL] 277 [VALIDATION PERFORMANCE] 0.9617507209305642 [TRAINING LOSS] 0.043330636305304676 [VALIDATION LOSS] 0.06611396904502596 

number                                     277
value                                 0.961751
params_threshold                       0.76337
params_attention_heads                       5
params_balanced_loss                     False
params_embedding_pooling_operation         min
params_attention_pooling_operation         max
params_batch_size                          171
params_dropout_rate                   0.473372
params_early_stopping_patience              17
params_epochs                              118
params_global_pooling                      max
params_hidden_dimension                    108
params_learning_rate                  0.000048
params_number_of_hidden_layers               2
params_plateau_divider                       2
params_plateau_patience                     14
params_weight_decay                   0.000006
params_beta_0                         0.835627
params_beta_1                         0.997115
params_epsilon                             0.0
user_attrs_epoch                          76.0
user_attrs_training_loss              0.043331
user_attrs_validation_loss            0.066114
params_left_stride                          32
params_right_stride                         64
Name: 277, dtype: object
37 Val: 0.9518706824044529 Test: 0.943857042986803
38 Val: 0.9555948960932028 Test: 0.9430789173133245
39 Val: 0.9610255420379993 Test: 0.947373553114635
40 Val: 0.9600937593790998 Test: 0.9437161228339452
41 Val: 0.9502564999822467 Test: 0.9382498743712456
42 Val: 0.9617507209305642 Test: 0.9385425004617333
43 Val: 0.9435786572737357 Test: 0.9496677722890867
44 Val: 0.9510279594275014 Test: 0.9496596053449815
45 Val: 0.9587825533599378 Test: 0.9434250502783494
46 Val: 0.9494228049180246 Test: 0.9460919349058321
Validation performance: 94.36 & 95.43 ± 0.6 & 96.18
Testing performance: 93.82 & 94.44 ± 0.4 & 94.97

[TRIAL] 122 [VALIDATION PERFORMANCE] 0.9609051244746034 [TRAINING LOSS] 0.029905117924014728 [VALIDATION LOSS] 0.07509263372048736 

number                                     122
value                                 0.960905
params_threshold                      0.654956
params_attention_heads                       4
params_balanced_loss                     False
params_embedding_pooling_operation         max
params_attention_pooling_operation         max
params_batch_size                          148
params_dropout_rate                   0.313804
params_early_stopping_patience              19
params_epochs                              120
params_global_pooling                      max
params_hidden_dimension                    117
params_learning_rate                  0.000101
params_number_of_hidden_layers               2
params_plateau_divider                       5
params_plateau_patience                     14
params_weight_decay                   0.000005
params_beta_0                         0.842242
params_beta_1                         0.994052
params_epsilon                             0.0
user_attrs_epoch                          34.0
user_attrs_training_loss              0.029905
user_attrs_validation_loss            0.075093
params_left_stride                         128
params_right_stride                        256
Name: 122, dtype: object
37 Val: 0.9526404427268066 Test: 0.9426480132287255
38 Val: 0.9528030385872985 Test: 0.9387459464131256
39 Val: 0.9545918487543369 Test: 0.9427404376228088
40 Val: 0.9452993591280501 Test: 0.9493133825041273
41 Val: 0.9510524979646904 Test: 0.9485136386486024
42 Val: 0.9609051244746034 Test: 0.943068042417436
43 Val: 0.9546691608829894 Test: 0.9457327329938748
44 Val: 0.9489720323029812 Test: 0.9463339652835152
45 Val: 0.9531305856272139 Test: 0.9414058763900282
46 Val: 0.9451810689233019 Test: 0.9456158351938881
Validation performance: 94.52 & 95.19 ± 0.47 & 96.09
Testing performance: 93.87 & 94.44 ± 0.33 & 94.93

[TRIAL] 171 [VALIDATION PERFORMANCE] 0.9598017002242358 [TRAINING LOSS] 0.039329513641340394 [VALIDATION LOSS] 0.08027542196214199 

number                                     171
value                                 0.959802
params_threshold                      0.869152
params_attention_heads                       6
params_balanced_loss                     False
params_embedding_pooling_operation         max
params_attention_pooling_operation         max
params_batch_size                          162
params_dropout_rate                   0.459318
params_early_stopping_patience              20
params_epochs                              116
params_global_pooling                      max
params_hidden_dimension                    133
params_learning_rate                  0.000101
params_number_of_hidden_layers               2
params_plateau_divider                       4
params_plateau_patience                     12
params_weight_decay                   0.000009
params_beta_0                         0.848522
params_beta_1                         0.994492
params_epsilon                             0.0
user_attrs_epoch                          42.0
user_attrs_training_loss               0.03933
user_attrs_validation_loss            0.080275
params_left_stride                         128
params_right_stride                          0
Name: 171, dtype: object
37 Val: 0.9498977808956904 Test: 0.9527682285090235
38 Val: 0.9514931185752274 Test: 0.9392660326978879
39 Val: 0.9442814561084895 Test: 0.9434528515656946
40 Val: 0.9503416376819899 Test: 0.9439912687315375
41 Val: 0.9496218536286205 Test: 0.9429910837888866
42 Val: 0.9598017002242358 Test: 0.943083745188243
43 Val: 0.9496558685287981 Test: 0.9523737860630243
44 Val: 0.9455404009988061 Test: 0.9451308418349866
45 Val: 0.9511316158841018 Test: 0.9423900462350078
46 Val: 0.956239656008649 Test: 0.9447430459443801
Validation performance: 94.43 & 95.08 ± 0.45 & 95.98
Testing performance: 93.93 & 94.5 ± 0.43 & 95.28

[TRIAL] 249 [VALIDATION PERFORMANCE] 0.9597797921262972 [TRAINING LOSS] 0.028016393014695495 [VALIDATION LOSS] 0.08427683543413877 

number                                     249
value                                  0.95978
params_threshold                      0.656709
params_attention_heads                       7
params_balanced_loss                     False
params_embedding_pooling_operation         min
params_attention_pooling_operation         max
params_batch_size                          138
params_dropout_rate                   0.460802
params_early_stopping_patience              17
params_epochs                              117
params_global_pooling                      max
params_hidden_dimension                    120
params_learning_rate                  0.000107
params_number_of_hidden_layers               2
params_plateau_divider                       2
params_plateau_patience                     14
params_weight_decay                   0.000004
params_beta_0                         0.843945
params_beta_1                         0.996593
params_epsilon                             0.0
user_attrs_epoch                          29.0
user_attrs_training_loss              0.028016
user_attrs_validation_loss            0.084277
params_left_stride                         128
params_right_stride                          0
Name: 249, dtype: object
37 Val: 0.9540639919456633 Test: 0.9387902214633285
38 Val: 0.958081225059594 Test: 0.954267886056529
39 Val: 0.9511360552581247 Test: 0.945745705870855
40 Val: 0.9566211771790643 Test: 0.9437091311842517
41 Val: 0.9551423278881965 Test: 0.9504959639694447
42 Val: 0.95724725284218 Test: 0.9381864715172903
43 Val: 0.9544486587367556 Test: 0.9412031304022809
44 Val: 0.9591287526977115 Test: 0.9547730440020017
45 Val: 0.955709597129782 Test: 0.9480474423648861
46 Val: 0.9480119867704977 Test: 0.9462721223425151
Validation performance: 94.8 & 95.5 ± 0.33 & 95.91
Testing performance: 93.82 & 94.61 ± 0.59 & 95.48

[R8] Elapsed time: 401.4793222943942 minutes.
