[I 2024-12-05 04:49:02,133] Using an existing study with name 'R8-GATv2-facebook-bart-base-Grouped-No_Aggregation' instead of creating a new one.
[I 2024-12-05 05:01:12,786] Trial 255 finished with value: 0.954203371404521 and parameters: {'left_stride': 128, 'right_stride': 0, 'attention_pooling_operation': 'max', 'embedding_pooling_operation': 'min', 'threshold': 0.6551124542973252, 'batch_size': 133, 'attention_heads': 6, 'hidden_dimension': 122, 'number_of_hidden_layers': 2, 'dropout_rate': 0.4564691615450752, 'global_pooling': 'max', 'learning_rate': 0.00016786278431022122, 'weight_decay': 3.1939806849057883e-06, 'beta_0': 0.8386493588247117, 'beta_1': 0.9952227621836279, 'epsilon': 2.1698985342642135e-08, 'balanced_loss': False, 'epochs': 124, 'early_stopping_patience': 18, 'plateau_patience': 14, 'plateau_divider': 2}. Best is trial 170 with value: 0.9685678381952185.
[I 2024-12-05 05:11:58,704] Trial 256 finished with value: 0.9457297518074017 and parameters: {'left_stride': 128, 'right_stride': 0, 'attention_pooling_operation': 'max', 'embedding_pooling_operation': 'min', 'threshold': 0.6652691871357214, 'batch_size': 138, 'attention_heads': 6, 'hidden_dimension': 117, 'number_of_hidden_layers': 2, 'dropout_rate': 0.4505174257357784, 'global_pooling': 'max', 'learning_rate': 0.00020508876267195505, 'weight_decay': 2.494652473074841e-06, 'beta_0': 0.8450716105238321, 'beta_1': 0.9975429960428855, 'epsilon': 1.9027676195758234e-08, 'balanced_loss': False, 'epochs': 121, 'early_stopping_patience': 16, 'plateau_patience': 14, 'plateau_divider': 2}. Best is trial 170 with value: 0.9685678381952185.
[I 2024-12-05 05:23:51,221] Trial 257 finished with value: 0.9490713430963582 and parameters: {'left_stride': 128, 'right_stride': 0, 'attention_pooling_operation': 'max', 'embedding_pooling_operation': 'min', 'threshold': 0.6738429944016225, 'batch_size': 128, 'attention_heads': 6, 'hidden_dimension': 123, 'number_of_hidden_layers': 2, 'dropout_rate': 0.46722722832810437, 'global_pooling': 'max', 'learning_rate': 0.00014358855431090528, 'weight_decay': 4.265276354366246e-06, 'beta_0': 0.8424532145532689, 'beta_1': 0.995540769233691, 'epsilon': 2.5416833728641023e-08, 'balanced_loss': False, 'epochs': 126, 'early_stopping_patience': 18, 'plateau_patience': 14, 'plateau_divider': 2}. Best is trial 170 with value: 0.9685678381952185.
[I 2024-12-05 05:38:07,242] Trial 258 finished with value: 0.9274782143624918 and parameters: {'left_stride': 128, 'right_stride': 0, 'attention_pooling_operation': 'max', 'embedding_pooling_operation': 'min', 'threshold': 0.6504328906482489, 'batch_size': 142, 'attention_heads': 6, 'hidden_dimension': 128, 'number_of_hidden_layers': 2, 'dropout_rate': 0.4746878418710501, 'global_pooling': 'sum', 'learning_rate': 0.00010325721851380046, 'weight_decay': 6.474249445261039e-06, 'beta_0': 0.8499890452124871, 'beta_1': 0.9957816213966092, 'epsilon': 1.1814038949720634e-08, 'balanced_loss': False, 'epochs': 118, 'early_stopping_patience': 17, 'plateau_patience': 13, 'plateau_divider': 2}. Best is trial 170 with value: 0.9685678381952185.
[I 2024-12-05 05:50:56,107] Trial 259 finished with value: 0.9465581511382206 and parameters: {'left_stride': 32, 'right_stride': 0, 'attention_pooling_operation': 'max', 'embedding_pooling_operation': 'min', 'threshold': 0.6623297462033234, 'batch_size': 147, 'attention_heads': 7, 'hidden_dimension': 136, 'number_of_hidden_layers': 2, 'dropout_rate': 0.45420534076963626, 'global_pooling': 'max', 'learning_rate': 0.00016386415075625728, 'weight_decay': 3.7242401995803617e-06, 'beta_0': 0.8447824481652674, 'beta_1': 0.9963024494814094, 'epsilon': 1.5368477292265108e-08, 'balanced_loss': False, 'epochs': 123, 'early_stopping_patience': 18, 'plateau_patience': 14, 'plateau_divider': 2}. Best is trial 170 with value: 0.9685678381952185.
[I 2024-12-05 06:03:41,750] Trial 260 finished with value: 0.9519797075461195 and parameters: {'left_stride': 128, 'right_stride': 0, 'attention_pooling_operation': 'max', 'embedding_pooling_operation': 'min', 'threshold': 0.6675205487531417, 'batch_size': 136, 'attention_heads': 7, 'hidden_dimension': 121, 'number_of_hidden_layers': 2, 'dropout_rate': 0.445921165188883, 'global_pooling': 'max', 'learning_rate': 0.0001270024932760158, 'weight_decay': 3.2383395286715085e-06, 'beta_0': 0.8470998852489577, 'beta_1': 0.9952837251318838, 'epsilon': 3.698676597362412e-08, 'balanced_loss': False, 'epochs': 121, 'early_stopping_patience': 17, 'plateau_patience': 14, 'plateau_divider': 2}. Best is trial 170 with value: 0.9685678381952185.
[I 2024-12-05 06:13:45,791] Trial 261 finished with value: 0.9544474096712173 and parameters: {'left_stride': 0, 'right_stride': 0, 'attention_pooling_operation': 'max', 'embedding_pooling_operation': 'min', 'threshold': 0.802174099989393, 'batch_size': 140, 'attention_heads': 6, 'hidden_dimension': 117, 'number_of_hidden_layers': 2, 'dropout_rate': 0.4627697583731703, 'global_pooling': 'max', 'learning_rate': 0.00010527881206204138, 'weight_decay': 5.868254525006641e-06, 'beta_0': 0.8401199635891988, 'beta_1': 0.9960599873459555, 'epsilon': 1.831176628550356e-08, 'balanced_loss': False, 'epochs': 129, 'early_stopping_patience': 18, 'plateau_patience': 15, 'plateau_divider': 3}. Best is trial 170 with value: 0.9685678381952185.
[I 2024-12-05 06:28:22,938] Trial 262 finished with value: 0.9459975493539323 and parameters: {'left_stride': 128, 'right_stride': 0, 'attention_pooling_operation': 'max', 'embedding_pooling_operation': 'min', 'threshold': 0.6562978092140416, 'batch_size': 129, 'attention_heads': 6, 'hidden_dimension': 129, 'number_of_hidden_layers': 2, 'dropout_rate': 0.4712826213027902, 'global_pooling': 'max', 'learning_rate': 0.00013342072268147562, 'weight_decay': 7.290810954409946e-06, 'beta_0': 0.8371306984395948, 'beta_1': 0.995643504654412, 'epsilon': 2.4475161799026565e-08, 'balanced_loss': False, 'epochs': 118, 'early_stopping_patience': 16, 'plateau_patience': 14, 'plateau_divider': 2}. Best is trial 170 with value: 0.9685678381952185.
[I 2024-12-05 06:44:28,881] Trial 263 finished with value: 0.9556404661397513 and parameters: {'left_stride': 128, 'right_stride': 0, 'attention_pooling_operation': 'max', 'embedding_pooling_operation': 'min', 'threshold': 0.674917149481459, 'batch_size': 145, 'attention_heads': 7, 'hidden_dimension': 124, 'number_of_hidden_layers': 2, 'dropout_rate': 0.45733626436294833, 'global_pooling': 'max', 'learning_rate': 8.036295911907141e-05, 'weight_decay': 2.8024874025276445e-06, 'beta_0': 0.8488174690905232, 'beta_1': 0.9962838625459566, 'epsilon': 5.8668681375285605e-08, 'balanced_loss': False, 'epochs': 115, 'early_stopping_patience': 21, 'plateau_patience': 15, 'plateau_divider': 2}. Best is trial 170 with value: 0.9685678381952185.
[I 2024-12-05 06:59:01,191] Trial 264 finished with value: 0.948982429696034 and parameters: {'left_stride': 128, 'right_stride': 0, 'attention_pooling_operation': 'max', 'embedding_pooling_operation': 'min', 'threshold': 0.6774947045448632, 'batch_size': 150, 'attention_heads': 6, 'hidden_dimension': 134, 'number_of_hidden_layers': 2, 'dropout_rate': 0.4528670895310811, 'global_pooling': 'max', 'learning_rate': 7.834653336436327e-05, 'weight_decay': 2.8174915110239426e-06, 'beta_0': 0.8512959649358346, 'beta_1': 0.9971060859930158, 'epsilon': 5.671526275993392e-08, 'balanced_loss': False, 'epochs': 113, 'early_stopping_patience': 21, 'plateau_patience': 14, 'plateau_divider': 2}. Best is trial 170 with value: 0.9685678381952185.
[I 2024-12-05 07:19:27,026] Trial 265 finished with value: 0.9529220596887025 and parameters: {'left_stride': 128, 'right_stride': 0, 'attention_pooling_operation': 'max', 'embedding_pooling_operation': 'min', 'threshold': 0.671008687828549, 'batch_size': 145, 'attention_heads': 7, 'hidden_dimension': 124, 'number_of_hidden_layers': 2, 'dropout_rate': 0.45917444708857086, 'global_pooling': 'max', 'learning_rate': 5.0970482184048435e-05, 'weight_decay': 4.447326520117089e-06, 'beta_0': 0.848510925550282, 'beta_1': 0.996674361535257, 'epsilon': 3.216733685821081e-08, 'balanced_loss': False, 'epochs': 116, 'early_stopping_patience': 21, 'plateau_patience': 13, 'plateau_divider': 2}. Best is trial 170 with value: 0.9685678381952185.
[I 2024-12-05 07:32:03,640] Trial 266 finished with value: 0.9473234094956532 and parameters: {'left_stride': 64, 'right_stride': 0, 'attention_pooling_operation': 'max', 'embedding_pooling_operation': 'min', 'threshold': 0.6503878132072941, 'batch_size': 159, 'attention_heads': 6, 'hidden_dimension': 139, 'number_of_hidden_layers': 2, 'dropout_rate': 0.4418145315505764, 'global_pooling': 'max', 'learning_rate': 0.0002524791281315814, 'weight_decay': 2.5835394330480527e-06, 'beta_0': 0.844243354586144, 'beta_1': 0.9964557806733065, 'epsilon': 2.911269538440577e-08, 'balanced_loss': False, 'epochs': 125, 'early_stopping_patience': 21, 'plateau_patience': 15, 'plateau_divider': 2}. Best is trial 170 with value: 0.9685678381952185.
[I 2024-12-05 07:45:17,280] Trial 267 finished with value: 0.952198410556917 and parameters: {'left_stride': 128, 'right_stride': 0, 'attention_pooling_operation': 'max', 'embedding_pooling_operation': 'min', 'threshold': 0.6593129580968317, 'batch_size': 154, 'attention_heads': 5, 'hidden_dimension': 131, 'number_of_hidden_layers': 2, 'dropout_rate': 0.3780449690856086, 'global_pooling': 'max', 'learning_rate': 8.822076944749966e-05, 'weight_decay': 3.5642446391943224e-06, 'beta_0': 0.8417582759861749, 'beta_1': 0.9960432868800038, 'epsilon': 4.141568496745981e-08, 'balanced_loss': False, 'epochs': 51, 'early_stopping_patience': 21, 'plateau_patience': 25, 'plateau_divider': 2}. Best is trial 170 with value: 0.9685678381952185.
[I 2024-12-05 07:54:07,539] Trial 268 finished with value: 0.9288909988019645 and parameters: {'left_stride': 128, 'right_stride': 0, 'attention_pooling_operation': 'min', 'embedding_pooling_operation': 'min', 'threshold': 0.8589872346395945, 'batch_size': 149, 'attention_heads': 7, 'hidden_dimension': 127, 'number_of_hidden_layers': 2, 'dropout_rate': 0.46429447487549863, 'global_pooling': 'max', 'learning_rate': 0.00019358290269949952, 'weight_decay': 2.9957567126289117e-06, 'beta_0': 0.8490390681686615, 'beta_1': 0.997284014087252, 'epsilon': 2.14462488621105e-08, 'balanced_loss': False, 'epochs': 107, 'early_stopping_patience': 22, 'plateau_patience': 14, 'plateau_divider': 2}. Best is trial 170 with value: 0.9685678381952185.
[I 2024-12-05 08:03:39,317] Trial 269 finished with value: 0.9215863592740321 and parameters: {'left_stride': 128, 'right_stride': 0, 'attention_pooling_operation': 'max', 'embedding_pooling_operation': 'min', 'threshold': 0.9662918855021849, 'batch_size': 157, 'attention_heads': 6, 'hidden_dimension': 136, 'number_of_hidden_layers': 2, 'dropout_rate': 0.4807544717673896, 'global_pooling': 'max', 'learning_rate': 5.743007198587636e-05, 'weight_decay': 4.79279893321309e-06, 'beta_0': 0.8506339253957685, 'beta_1': 0.9962974522865817, 'epsilon': 1.3787197000576237e-08, 'balanced_loss': False, 'epochs': 120, 'early_stopping_patience': 23, 'plateau_patience': 15, 'plateau_divider': 3}. Best is trial 170 with value: 0.9685678381952185.
CUDA out of memory. Tried to allocate 2.83 GiB. GPU 0 has a total capacity of 44.56 GiB of which 2.31 GiB is free. Including non-PyTorch memory, this process has 42.25 GiB memory in use. Of the allocated memory 40.23 GiB is allocated by PyTorch, and 884.95 MiB is reserved by PyTorch but unallocated. If reserved but unallocated memory is large try setting PYTORCH_CUDA_ALLOC_CONF=expandable_segments:True to avoid fragmentation.  See documentation for Memory Management  (https://pytorch.org/docs/stable/notes/cuda.html#environment-variables)
[I 2024-12-05 08:15:13,049] Trial 270 finished with value: -1.0 and parameters: {'left_stride': 128, 'right_stride': 64, 'attention_pooling_operation': 'max', 'embedding_pooling_operation': 'min', 'threshold': 0.6775238865954981, 'batch_size': 145, 'attention_heads': 8, 'hidden_dimension': 142, 'number_of_hidden_layers': 2, 'dropout_rate': 0.44826175210354496, 'global_pooling': 'max', 'learning_rate': 0.00015220116321241502, 'weight_decay': 5.789924124424508e-06, 'beta_0': 0.8473153451345248, 'beta_1': 0.9958188381600956, 'epsilon': 2.4255326247807832e-08, 'balanced_loss': False, 'epochs': 114, 'early_stopping_patience': 17, 'plateau_patience': 15, 'plateau_divider': 2}. Best is trial 170 with value: 0.9685678381952185.
[I 2024-12-05 08:31:15,318] Trial 271 finished with value: 0.9584560193718978 and parameters: {'left_stride': 128, 'right_stride': 0, 'attention_pooling_operation': 'max', 'embedding_pooling_operation': 'min', 'threshold': 0.6686808112163378, 'batch_size': 151, 'attention_heads': 5, 'hidden_dimension': 114, 'number_of_hidden_layers': 2, 'dropout_rate': 0.45349237812536974, 'global_pooling': 'max', 'learning_rate': 7.430297436688214e-05, 'weight_decay': 4.057650485574944e-06, 'beta_0': 0.834756354776242, 'beta_1': 0.9967344845820538, 'epsilon': 1.008158892536221e-08, 'balanced_loss': False, 'epochs': 111, 'early_stopping_patience': 18, 'plateau_patience': 14, 'plateau_divider': 2}. Best is trial 170 with value: 0.9685678381952185.
[I 2024-12-05 08:43:55,865] Trial 272 finished with value: 0.9551896955464024 and parameters: {'left_stride': 128, 'right_stride': 0, 'attention_pooling_operation': 'max', 'embedding_pooling_operation': 'min', 'threshold': 0.6567970683297086, 'batch_size': 139, 'attention_heads': 5, 'hidden_dimension': 114, 'number_of_hidden_layers': 2, 'dropout_rate': 0.4577459245645364, 'global_pooling': 'max', 'learning_rate': 7.25586750322275e-05, 'weight_decay': 4.129206364381076e-06, 'beta_0': 0.8312131491413507, 'beta_1': 0.9967691888961518, 'epsilon': 1.0376568075101745e-08, 'balanced_loss': False, 'epochs': 111, 'early_stopping_patience': 18, 'plateau_patience': 14, 'plateau_divider': 2}. Best is trial 170 with value: 0.9685678381952185.
[I 2024-12-05 08:59:42,143] Trial 273 finished with value: 0.9557195296965546 and parameters: {'left_stride': 128, 'right_stride': 0, 'attention_pooling_operation': 'max', 'embedding_pooling_operation': 'min', 'threshold': 0.664908112442376, 'batch_size': 151, 'attention_heads': 5, 'hidden_dimension': 113, 'number_of_hidden_layers': 2, 'dropout_rate': 0.47104765149068895, 'global_pooling': 'max', 'learning_rate': 8.302354561781576e-05, 'weight_decay': 6.475661378893586e-06, 'beta_0': 0.8521898898688772, 'beta_1': 0.9970009436834982, 'epsilon': 1.1125955068577052e-08, 'balanced_loss': False, 'epochs': 116, 'early_stopping_patience': 18, 'plateau_patience': 14, 'plateau_divider': 2}. Best is trial 170 with value: 0.9685678381952185.
[I 2024-12-05 09:15:21,576] Trial 274 finished with value: 0.9421758610680411 and parameters: {'left_stride': 128, 'right_stride': 0, 'attention_pooling_operation': 'max', 'embedding_pooling_operation': 'min', 'threshold': 0.6680782074848481, 'batch_size': 151, 'attention_heads': 5, 'hidden_dimension': 110, 'number_of_hidden_layers': 2, 'dropout_rate': 0.47311869353436775, 'global_pooling': 'max', 'learning_rate': 6.176292438171544e-05, 'weight_decay': 6.672973117654937e-06, 'beta_0': 0.8291667712852223, 'beta_1': 0.9985112266669681, 'epsilon': 1.0492740269594278e-08, 'balanced_loss': False, 'epochs': 115, 'early_stopping_patience': 18, 'plateau_patience': 14, 'plateau_divider': 2}. Best is trial 170 with value: 0.9685678381952185.
[I 2024-12-05 09:27:29,093] Trial 275 finished with value: 0.9519866954119165 and parameters: {'left_stride': 128, 'right_stride': 0, 'attention_pooling_operation': 'max', 'embedding_pooling_operation': 'min', 'threshold': 0.6871093826229543, 'batch_size': 159, 'attention_heads': 5, 'hidden_dimension': 101, 'number_of_hidden_layers': 2, 'dropout_rate': 0.46913384238923245, 'global_pooling': 'max', 'learning_rate': 0.00010469585218006227, 'weight_decay': 5.2532495089689155e-06, 'beta_0': 0.8328761143040848, 'beta_1': 0.9978322705182152, 'epsilon': 1.2607763995962297e-08, 'balanced_loss': False, 'epochs': 110, 'early_stopping_patience': 18, 'plateau_patience': 13, 'plateau_divider': 2}. Best is trial 170 with value: 0.9685678381952185.
[I 2024-12-05 09:43:11,953] Trial 276 finished with value: 0.9581515928684239 and parameters: {'left_stride': 128, 'right_stride': 0, 'attention_pooling_operation': 'max', 'embedding_pooling_operation': 'min', 'threshold': 0.6728856036365473, 'batch_size': 168, 'attention_heads': 5, 'hidden_dimension': 114, 'number_of_hidden_layers': 2, 'dropout_rate': 0.4786444887966428, 'global_pooling': 'max', 'learning_rate': 7.345809570881415e-05, 'weight_decay': 5.628603878797559e-06, 'beta_0': 0.8362704826392411, 'beta_1': 0.997256456050977, 'epsilon': 1.0047234035211683e-08, 'balanced_loss': False, 'epochs': 118, 'early_stopping_patience': 17, 'plateau_patience': 14, 'plateau_divider': 2}. Best is trial 170 with value: 0.9685678381952185.
[I 2024-12-05 09:56:37,305] Trial 277 finished with value: 0.9617507209305642 and parameters: {'left_stride': 32, 'right_stride': 64, 'attention_pooling_operation': 'max', 'embedding_pooling_operation': 'min', 'threshold': 0.7633702384836745, 'batch_size': 171, 'attention_heads': 5, 'hidden_dimension': 108, 'number_of_hidden_layers': 2, 'dropout_rate': 0.47337238393540537, 'global_pooling': 'max', 'learning_rate': 4.761816974857801e-05, 'weight_decay': 6.278415598421078e-06, 'beta_0': 0.8356274023421498, 'beta_1': 0.9971146660390288, 'epsilon': 1.0372838579662259e-08, 'balanced_loss': False, 'epochs': 118, 'early_stopping_patience': 17, 'plateau_patience': 14, 'plateau_divider': 2}. Best is trial 170 with value: 0.9685678381952185.
[I 2024-12-05 10:09:03,437] Trial 278 finished with value: 0.8974503610571956 and parameters: {'left_stride': 32, 'right_stride': 64, 'attention_pooling_operation': 'max', 'embedding_pooling_operation': 'min', 'threshold': 0.7716866238045252, 'batch_size': 173, 'attention_heads': 5, 'hidden_dimension': 106, 'number_of_hidden_layers': 2, 'dropout_rate': 0.4824132124757241, 'global_pooling': 'sum', 'learning_rate': 4.407840380591111e-05, 'weight_decay': 6.104262921754942e-06, 'beta_0': 0.8348958583013374, 'beta_1': 0.9974243993673735, 'epsilon': 1.1472338710369596e-08, 'balanced_loss': False, 'epochs': 118, 'early_stopping_patience': 17, 'plateau_patience': 13, 'plateau_divider': 2}. Best is trial 170 with value: 0.9685678381952185.
[I 2024-12-05 10:22:49,512] Trial 279 finished with value: 0.9539707046672254 and parameters: {'left_stride': 32, 'right_stride': 64, 'attention_pooling_operation': 'max', 'embedding_pooling_operation': 'min', 'threshold': 0.7333833876620941, 'batch_size': 165, 'attention_heads': 5, 'hidden_dimension': 106, 'number_of_hidden_layers': 2, 'dropout_rate': 0.48922131820978276, 'global_pooling': 'max', 'learning_rate': 5.3904645179543455e-05, 'weight_decay': 5.329950144276288e-06, 'beta_0': 0.8347652481052985, 'beta_1': 0.9974567834920832, 'epsilon': 1.0913867235397166e-08, 'balanced_loss': False, 'epochs': 118, 'early_stopping_patience': 17, 'plateau_patience': 14, 'plateau_divider': 2}. Best is trial 170 with value: 0.9685678381952185.
[I 2024-12-05 10:37:49,663] Trial 280 finished with value: 0.9450349441525286 and parameters: {'left_stride': 32, 'right_stride': 64, 'attention_pooling_operation': 'max', 'embedding_pooling_operation': 'min', 'threshold': 0.6627576801123629, 'batch_size': 170, 'attention_heads': 5, 'hidden_dimension': 113, 'number_of_hidden_layers': 2, 'dropout_rate': 0.4784359155596953, 'global_pooling': 'max', 'learning_rate': 6.37529072774961e-05, 'weight_decay': 4.482544656664824e-06, 'beta_0': 0.8359473154777531, 'beta_1': 0.9969266525509212, 'epsilon': 1.3249391224153756e-08, 'balanced_loss': False, 'epochs': 112, 'early_stopping_patience': 17, 'plateau_patience': 14, 'plateau_divider': 2}. Best is trial 170 with value: 0.9685678381952185.
[I 2024-12-05 10:53:51,611] Trial 281 finished with value: 0.9568120619879223 and parameters: {'left_stride': 32, 'right_stride': 64, 'attention_pooling_operation': 'max', 'embedding_pooling_operation': 'min', 'threshold': 0.6560275125306937, 'batch_size': 174, 'attention_heads': 5, 'hidden_dimension': 111, 'number_of_hidden_layers': 2, 'dropout_rate': 0.47675856614913376, 'global_pooling': 'max', 'learning_rate': 7.479979915371742e-05, 'weight_decay': 6.293514390404006e-06, 'beta_0': 0.8330851446594894, 'beta_1': 0.997804451312219, 'epsilon': 1.1340591371351303e-08, 'balanced_loss': False, 'epochs': 120, 'early_stopping_patience': 17, 'plateau_patience': 14, 'plateau_divider': 2}. Best is trial 170 with value: 0.9685678381952185.
[I 2024-12-05 11:03:35,315] Trial 282 finished with value: 0.9534569021663619 and parameters: {'left_stride': 32, 'right_stride': 64, 'attention_pooling_operation': 'max', 'embedding_pooling_operation': 'min', 'threshold': 0.9260042923524968, 'batch_size': 174, 'attention_heads': 5, 'hidden_dimension': 117, 'number_of_hidden_layers': 2, 'dropout_rate': 0.47701463385914294, 'global_pooling': 'max', 'learning_rate': 5.0843605245372505e-05, 'weight_decay': 5.5923552106539086e-06, 'beta_0': 0.8328160367209098, 'beta_1': 0.9972340304735411, 'epsilon': 1.3836247256815153e-08, 'balanced_loss': False, 'epochs': 121, 'early_stopping_patience': 17, 'plateau_patience': 14, 'plateau_divider': 2}. Best is trial 170 with value: 0.9685678381952185.
[I 2024-12-05 11:22:06,491] Trial 283 finished with value: 0.9413949719986598 and parameters: {'left_stride': 32, 'right_stride': 64, 'attention_pooling_operation': 'max', 'embedding_pooling_operation': 'min', 'threshold': 0.6500855990195985, 'batch_size': 169, 'attention_heads': 5, 'hidden_dimension': 102, 'number_of_hidden_layers': 2, 'dropout_rate': 0.487516964796392, 'global_pooling': 'max', 'learning_rate': 3.6926624044938044e-05, 'weight_decay': 4.5338816217507635e-06, 'beta_0': 0.8338607696285752, 'beta_1': 0.9966424764939034, 'epsilon': 1.0639455940559006e-08, 'balanced_loss': False, 'epochs': 119, 'early_stopping_patience': 16, 'plateau_patience': 13, 'plateau_divider': 2}. Best is trial 170 with value: 0.9685678381952185.
[I 2024-12-05 11:38:50,567] Trial 284 finished with value: 0.9528150222344851 and parameters: {'left_stride': 32, 'right_stride': 64, 'attention_pooling_operation': 'max', 'embedding_pooling_operation': 'min', 'threshold': 0.6577195367461052, 'batch_size': 166, 'attention_heads': 4, 'hidden_dimension': 110, 'number_of_hidden_layers': 2, 'dropout_rate': 0.46715106690930935, 'global_pooling': 'max', 'learning_rate': 4.2904186878654696e-05, 'weight_decay': 6.961806697887622e-06, 'beta_0': 0.8376047312029203, 'beta_1': 0.9976659908820571, 'epsilon': 1.5193260239308545e-08, 'balanced_loss': False, 'epochs': 123, 'early_stopping_patience': 17, 'plateau_patience': 14, 'plateau_divider': 2}. Best is trial 170 with value: 0.9685678381952185.
[I 2024-12-05 11:54:03,954] Trial 285 finished with value: 0.9525481812132752 and parameters: {'left_stride': 32, 'right_stride': 64, 'attention_pooling_operation': 'max', 'embedding_pooling_operation': 'min', 'threshold': 0.6560045271145738, 'batch_size': 171, 'attention_heads': 5, 'hidden_dimension': 97, 'number_of_hidden_layers': 2, 'dropout_rate': 0.4746269119594861, 'global_pooling': 'max', 'learning_rate': 7.190518676632868e-05, 'weight_decay': 5.088140030989204e-06, 'beta_0': 0.8364036609785643, 'beta_1': 0.9894622321925306, 'epsilon': 1.0342124001834035e-08, 'balanced_loss': False, 'epochs': 108, 'early_stopping_patience': 16, 'plateau_patience': 13, 'plateau_divider': 2}. Best is trial 170 with value: 0.9685678381952185.
[I 2024-12-05 12:11:22,582] Trial 286 finished with value: 0.9250617808621459 and parameters: {'left_stride': 32, 'right_stride': 64, 'attention_pooling_operation': 'max', 'embedding_pooling_operation': 'min', 'threshold': 0.7390406559902782, 'batch_size': 182, 'attention_heads': 5, 'hidden_dimension': 109, 'number_of_hidden_layers': 2, 'dropout_rate': 0.48203054726367, 'global_pooling': 'max', 'learning_rate': 2.7115959943633915e-05, 'weight_decay': 6.1562906085593616e-06, 'beta_0': 0.8320998974901044, 'beta_1': 0.9980200827553584, 'epsilon': 1.287818627129225e-08, 'balanced_loss': False, 'epochs': 113, 'early_stopping_patience': 17, 'plateau_patience': 14, 'plateau_divider': 3}. Best is trial 170 with value: 0.9685678381952185.
[I 2024-12-05 12:28:04,921] Trial 287 finished with value: 0.9517461107525538 and parameters: {'left_stride': 64, 'right_stride': 64, 'attention_pooling_operation': 'max', 'embedding_pooling_operation': 'min', 'threshold': 0.6501829117544939, 'batch_size': 161, 'attention_heads': 5, 'hidden_dimension': 115, 'number_of_hidden_layers': 2, 'dropout_rate': 0.4635151326808785, 'global_pooling': 'max', 'learning_rate': 6.158348103371756e-05, 'weight_decay': 3.916675260574938e-06, 'beta_0': 0.8392382671047255, 'beta_1': 0.99824047634687, 'epsilon': 1.5916045986311372e-08, 'balanced_loss': False, 'epochs': 117, 'early_stopping_patience': 17, 'plateau_patience': 14, 'plateau_divider': 2}. Best is trial 170 with value: 0.9685678381952185.
[I 2024-12-05 12:41:06,127] Trial 288 finished with value: 0.9582343203708337 and parameters: {'left_stride': 32, 'right_stride': 64, 'attention_pooling_operation': 'max', 'embedding_pooling_operation': 'min', 'threshold': 0.6624755487503804, 'batch_size': 174, 'attention_heads': 4, 'hidden_dimension': 106, 'number_of_hidden_layers': 2, 'dropout_rate': 0.4497411651494843, 'global_pooling': 'max', 'learning_rate': 9.233721738836047e-05, 'weight_decay': 7.1249095793010875e-06, 'beta_0': 0.8347520833849479, 'beta_1': 0.99707261544475, 'epsilon': 1.253705822186347e-08, 'balanced_loss': False, 'epochs': 120, 'early_stopping_patience': 17, 'plateau_patience': 14, 'plateau_divider': 2}. Best is trial 170 with value: 0.9685678381952185.
[I 2024-12-05 12:50:00,362] Trial 289 finished with value: 0.9502493593925183 and parameters: {'left_stride': 32, 'right_stride': 64, 'attention_pooling_operation': 'max', 'embedding_pooling_operation': 'min', 'threshold': 0.8342562100868925, 'batch_size': 177, 'attention_heads': 4, 'hidden_dimension': 95, 'number_of_hidden_layers': 2, 'dropout_rate': 0.49345760014805046, 'global_pooling': 'max', 'learning_rate': 0.00011206341890318514, 'weight_decay': 5.575348676312918e-06, 'beta_0': 0.834614813666635, 'beta_1': 0.9970767291297123, 'epsilon': 2.006595585867335e-05, 'balanced_loss': False, 'epochs': 178, 'early_stopping_patience': 17, 'plateau_patience': 13, 'plateau_divider': 2}. Best is trial 170 with value: 0.9685678381952185.

[TRIAL] 170 [VALIDATION PERFORMANCE] 0.9685678381952185 [TRAINING LOSS] 0.04106328298372251 [VALIDATION LOSS] 0.0832655629409211 

number                                     170
value                                 0.968568
params_threshold                      0.673496
params_attention_heads                       6
params_balanced_loss                     False
params_embedding_pooling_operation         max
params_attention_pooling_operation         max
params_batch_size                          163
params_dropout_rate                   0.324637
params_early_stopping_patience              20
params_epochs                              116
params_global_pooling                      max
params_hidden_dimension                    132
params_learning_rate                  0.000106
params_number_of_hidden_layers               2
params_plateau_divider                       4
params_plateau_patience                     12
params_weight_decay                   0.000013
params_beta_0                         0.848785
params_beta_1                         0.994063
params_epsilon                             0.0
user_attrs_epoch                          21.0
user_attrs_training_loss              0.041063
user_attrs_validation_loss            0.083266
params_left_stride                         128
params_right_stride                          0
Name: 170, dtype: object
37 Val: 0.9446558798063734 Test: 0.9475104607894698
38 Val: 0.954733621018609 Test: 0.9348050332725468
39 Val: 0.9476342623568383 Test: 0.9502236987431182
40 Val: 0.9487875084359896 Test: 0.9367853866978976
41 Val: 0.9406892601173301 Test: 0.9369792473953344
42 Val: 0.9571402311682857 Test: 0.94428894783156
43 Val: 0.9576840541843884 Test: 0.9404135592661864
44 Val: 0.9490341073387165 Test: 0.9486394835500482
45 Val: 0.9495681656029902 Test: 0.948743568606399
46 Val: 0.9549522790492123 Test: 0.9501119396977187
Validation performance: 94.07 & 95.05 ± 0.56 & 95.77
Testing performance: 93.48 & 94.39 ± 0.61 & 95.02

[TRIAL] 277 [VALIDATION PERFORMANCE] 0.9617507209305642 [TRAINING LOSS] 0.043330636305304676 [VALIDATION LOSS] 0.06611396904502596 

number                                     277
value                                 0.961751
params_threshold                       0.76337
params_attention_heads                       5
params_balanced_loss                     False
params_embedding_pooling_operation         min
params_attention_pooling_operation         max
params_batch_size                          171
params_dropout_rate                   0.473372
params_early_stopping_patience              17
params_epochs                              118
params_global_pooling                      max
params_hidden_dimension                    108
params_learning_rate                  0.000048
params_number_of_hidden_layers               2
params_plateau_divider                       2
params_plateau_patience                     14
params_weight_decay                   0.000006
params_beta_0                         0.835627
params_beta_1                         0.997115
params_epsilon                             0.0
user_attrs_epoch                          76.0
user_attrs_training_loss              0.043331
user_attrs_validation_loss            0.066114
params_left_stride                          32
params_right_stride                         64
Name: 277, dtype: object
37 Val: 0.9518706824044529 Test: 0.943857042986803
38 Val: 0.9555948960932028 Test: 0.9430789173133245
39 Val: 0.9610255420379993 Test: 0.947373553114635
40 Val: 0.9600937593790998 Test: 0.9437161228339452
41 Val: 0.9502564999822467 Test: 0.9382498743712456
42 Val: 0.9617507209305642 Test: 0.9385425004617333
43 Val: 0.9435786572737357 Test: 0.9496677722890867
slurmstepd: error: *** JOB 14062059 ON gpu035 CANCELLED AT 2024-12-05T16:49:16 DUE TO TIME LIMIT ***
