[I 2025-05-06 11:09:17,263] Using an existing study with name 'Ohsumed-google-bert-bert-base-uncased' instead of creating a new one.

[TRIAL] 144 [VALIDATION PERFORMANCE] 0.6609549168012957 [TRAINING LOSS] 0.08511339334977998 [VALIDATION LOSS] 1.3203402592076197 

number                                 144
value                             0.660955
params_balanced_loss                 False
params_batch_size                       25
params_early_stopping_patience           4
params_epochs                            9
params_learning_rate              0.000051
params_plateau_divider                   2
params_plateau_patience                  2
params_weight_decay               0.000537
params_beta_0                      0.81114
params_beta_1                     0.988478
params_epsilon                         0.0
user_attrs_epoch                         7
user_attrs_training_loss          0.085113
user_attrs_validation_loss         1.32034
Name: 144, dtype: object
Some weights of BertForSequenceClassification were not initialized from the model checkpoint at google-bert/bert-base-uncased and are newly initialized: ['classifier.bias', 'classifier.weight']
You should probably TRAIN this model on a down-stream task to be able to use it for predictions and inference.
Count of trainable parameters: 109499927

[Ohsumed] Elapsed time: 0.10042118628819784 minutes.
