[I 2025-05-08 06:26:23,429] Using an existing study with name 'R8-google-bert-bert-base-uncased' instead of creating a new one.

[TRIAL] 169 [VALIDATION PERFORMANCE] 0.9644723116113745 [TRAINING LOSS] 0.017854883373982288 [VALIDATION LOSS] 0.08599120847939049 

number                                 169
value                             0.964472
params_balanced_loss                 False
params_batch_size                       10
params_early_stopping_patience           5
params_epochs                            8
params_learning_rate              0.000028
params_plateau_divider                   7
params_plateau_patience                  4
params_weight_decay               0.000008
params_beta_0                     0.820636
params_beta_1                     0.996903
params_epsilon                    0.000003
user_attrs_epoch                       7.0
user_attrs_training_loss          0.017855
user_attrs_validation_loss        0.085991
Name: 169, dtype: object
Some weights of BertForSequenceClassification were not initialized from the model checkpoint at google-bert/bert-base-uncased and are newly initialized: ['classifier.bias', 'classifier.weight']
You should probably TRAIN this model on a down-stream task to be able to use it for predictions and inference.

[R8] Elapsed time: 0.19440236886342366 minutes.
