[I 2025-03-08 05:45:45,208] Using an existing study with name 'SST-2-GATv2-google-bert-bert-base-uncased-Surrogate-No_Aggregation-Random_Attentions-0.0-0.0' instead of creating a new one.
Optimization already completed.

[TRIAL] 227 [VALIDATION PERFORMANCE] 0.9128440366972477 [TRAINING LOSS] 0.17810458064079285 [VALIDATION LOSS] 0.2782746091485023 

number                                     227
value                                 0.912844
params_threshold                      0.515557
params_attention_heads                      13
params_balanced_loss                      True
params_embedding_pooling_operation         min
params_attention_pooling_operation         max
params_batch_size                           93
params_dropout_rate                   0.446344
params_early_stopping_patience              17
params_epochs                              191
params_global_pooling                      max
params_hidden_dimension                    204
params_learning_rate                  0.000912
params_number_of_hidden_layers               3
params_plateau_divider                       3
params_plateau_patience                     17
params_weight_decay                   0.000004
params_beta_0                         0.871478
params_beta_1                          0.98913
params_epsilon                        0.000019
user_attrs_epoch                           8.0
user_attrs_training_loss              0.178105
user_attrs_validation_loss            0.278275
Name: 227, dtype: object
37 Val: 0.8956422018348624 Test: 0.8945634266886326
38 Val: 0.8979357798165137 Test: 0.8808347062053816
39 Val: 0.9013761467889908 Test: 0.8956617243272927
40 Val: 0.9002293577981652 Test: 0.8912685337726524
41 Val: 0.8944954128440367 Test: 0.8780889621087314
42 Val: 0.9139908256880734 Test: 0.8923668314113125
43 Val: 0.9048165137614679 Test: 0.9028006589785832
44 Val: 0.9036697247706422 Test: 0.8984074684239429
45 Val: 0.9036697247706422 Test: 0.8890719384953323
46 Val: 0.8979357798165137 Test: 0.8874244920373421
Validation performance: 89.45 & 90.14 ± 0.56 & 91.4
Testing performance: 87.81 & 89.1 ± 0.76 & 90.28

[TRIAL] 45 [VALIDATION PERFORMANCE] 0.911697247706422 [TRAINING LOSS] 0.06677614768021599 [VALIDATION LOSS] 0.418399328738451 

number                                      45
value                                 0.911697
params_threshold                      0.512458
params_attention_heads                      14
params_balanced_loss                      True
params_embedding_pooling_operation         min
params_attention_pooling_operation         max
params_batch_size                           35
params_dropout_rate                   0.414906
params_early_stopping_patience              23
params_epochs                              196
params_global_pooling                      max
params_hidden_dimension                    243
params_learning_rate                  0.000623
params_number_of_hidden_layers               3
params_plateau_divider                       6
params_plateau_patience                     23
params_weight_decay                   0.000001
params_beta_0                          0.87321
params_beta_1                         0.991123
params_epsilon                        0.000022
user_attrs_epoch                          15.0
user_attrs_training_loss              0.066776
user_attrs_validation_loss            0.418399
Name: 45, dtype: object
37 Val: 0.8956422018348624 Test: 0.8940142778693025
38 Val: 0.9071100917431193 Test: 0.8934651290499726
39 Val: 0.8990825688073395 Test: 0.8918176825919825
40 Val: 0.9025229357798165 Test: 0.8929159802306426
41 Val: 0.8990825688073395 Test: 0.8890719384953323
42 Val: 0.9139908256880734 Test: 0.8923668314113125
43 Val: 0.9002293577981652 Test: 0.8973091707852828
44 Val: 0.9013761467889908 Test: 0.8868753432180121
45 Val: 0.908256880733945 Test: 0.8846787479406919
46 Val: 0.8967889908256881 Test: 0.8912685337726524
Validation performance: 89.56 & 90.24 ± 0.57 & 91.4
Testing performance: 88.47 & 89.14 ± 0.37 & 89.73

[TRIAL] 144 [VALIDATION PERFORMANCE] 0.9105504587155964 [TRAINING LOSS] 0.19614988826022248 [VALIDATION LOSS] 0.29328936502337455 

number                                     144
value                                  0.91055
params_threshold                      0.442324
params_attention_heads                      14
params_balanced_loss                      True
params_embedding_pooling_operation         min
params_attention_pooling_operation         max
params_batch_size                           36
params_dropout_rate                   0.404997
params_early_stopping_patience              23
params_epochs                              193
params_global_pooling                      max
params_hidden_dimension                    222
params_learning_rate                  0.000507
params_number_of_hidden_layers               3
params_plateau_divider                       3
params_plateau_patience                     20
params_weight_decay                   0.000001
params_beta_0                         0.863752
params_beta_1                         0.991129
params_epsilon                        0.000026
user_attrs_epoch                           6.0
user_attrs_training_loss               0.19615
user_attrs_validation_loss            0.293289
Name: 144, dtype: object
37 Val: 0.9036697247706422 Test: 0.8940142778693025
38 Val: 0.8956422018348624 Test: 0.8879736408566722
39 Val: 0.9002293577981652 Test: 0.8962108731466227
40 Val: 0.9128440366972477 Test: 0.8879736408566722
41 Val: 0.8979357798165137 Test: 0.8879736408566722
42 Val: 0.9105504587155964 Test: 0.8945634266886326
43 Val: 0.9002293577981652 Test: 0.885777045579352
44 Val: 0.9094036697247706 Test: 0.8868753432180121
45 Val: 0.9059633027522935 Test: 0.8956617243272927
46 Val: 0.8967889908256881 Test: 0.8962108731466227
Validation performance: 89.56 & 90.33 ± 0.61 & 91.28
Testing performance: 88.58 & 89.13 ± 0.43 & 89.62

[TRIAL] 134 [VALIDATION PERFORMANCE] 0.9105504587155964 [TRAINING LOSS] 0.0179349972274915 [VALIDATION LOSS] 0.6030432612381198 

number                                     134
value                                  0.91055
params_threshold                      0.449136
params_attention_heads                      14
params_balanced_loss                      True
params_embedding_pooling_operation         min
params_attention_pooling_operation         max
params_batch_size                           40
params_dropout_rate                   0.430599
params_early_stopping_patience              25
params_epochs                              124
params_global_pooling                      max
params_hidden_dimension                    202
params_learning_rate                  0.000641
params_number_of_hidden_layers               3
params_plateau_divider                       8
params_plateau_patience                     21
params_weight_decay                   0.000673
params_beta_0                         0.896564
params_beta_1                         0.988643
params_epsilon                        0.000025
user_attrs_epoch                          28.0
user_attrs_training_loss              0.017935
user_attrs_validation_loss            0.603043
Name: 134, dtype: object
37 Val: 0.8967889908256881 Test: 0.8956617243272927
38 Val: 0.9036697247706422 Test: 0.900604063701263
39 Val: 0.9036697247706422 Test: 0.8896210873146623
40 Val: 0.908256880733945 Test: 0.886326194398682
41 Val: 0.9002293577981652 Test: 0.8940142778693025
42 Val: 0.9059633027522935 Test: 0.8929159802306426
43 Val: 0.8956422018348624 Test: 0.8945634266886326
44 Val: 0.9071100917431193 Test: 0.8945634266886326
45 Val: 0.8990825688073395 Test: 0.8940142778693025
46 Val: 0.9013761467889908 Test: 0.8923668314113125
Validation performance: 89.56 & 90.22 ± 0.43 & 90.83
Testing performance: 88.63 & 89.35 ± 0.37 & 90.06

[TRIAL] 172 [VALIDATION PERFORMANCE] 0.9094036697247706 [TRAINING LOSS] 0.19772539442829504 [VALIDATION LOSS] 0.2716890376061201 

number                                     172
value                                 0.909404
params_threshold                      0.502857
params_attention_heads                      11
params_balanced_loss                     False
params_embedding_pooling_operation         min
params_attention_pooling_operation         max
params_batch_size                           44
params_dropout_rate                   0.385444
params_early_stopping_patience              18
params_epochs                              180
params_global_pooling                      max
params_hidden_dimension                    191
params_learning_rate                  0.000387
params_number_of_hidden_layers               3
params_plateau_divider                       2
params_plateau_patience                     18
params_weight_decay                   0.000045
params_beta_0                         0.871988
params_beta_1                         0.993599
params_epsilon                        0.000016
user_attrs_epoch                           6.0
user_attrs_training_loss              0.197725
user_attrs_validation_loss            0.271689
Name: 172, dtype: object
37 Val: 0.8853211009174312 Test: 0.8885227896760022
38 Val: 0.8944954128440367 Test: 0.8824821526633718
39 Val: 0.893348623853211 Test: 0.8907193849533224
40 Val: 0.8990825688073395 Test: 0.8901702361339923
41 Val: 0.893348623853211 Test: 0.8868753432180121
42 Val: 0.9059633027522935 Test: 0.8896210873146623
43 Val: 0.8944954128440367 Test: 0.8896210873146623
44 Val: 0.9013761467889908 Test: 0.9017023613399231
45 Val: 0.9013761467889908 Test: 0.8841295991213619
46 Val: 0.9025229357798165 Test: 0.8918176825919825
Validation performance: 88.53 & 89.71 ± 0.6 & 90.6
Testing performance: 88.25 & 88.96 ± 0.52 & 90.17

[SST-2] Elapsed time: 69.32761760552724 minutes.
