[I 2025-02-22 17:29:43,163] Using an existing study with name 'IMDb-top_1000-GATv2-google-bert-bert-base-uncased-Surrogate-No_Aggregation-Single_Unitary_Weight-0.0-0.0' instead of creating a new one.
Optimization already completed.

[TRIAL] 220 [VALIDATION PERFORMANCE] 0.9272727272727272 [TRAINING LOSS] 0.19880533215057636 [VALIDATION LOSS] 0.21763451844453813 

number                                     220
value                                 0.927273
params_threshold                       0.91012
params_attention_heads                       7
params_balanced_loss                     False
params_embedding_pooling_operation        mean
params_attention_pooling_operation         min
params_batch_size                           18
params_dropout_rate                   0.594101
params_early_stopping_patience              15
params_epochs                               60
params_global_pooling                     mean
params_hidden_dimension                     63
params_learning_rate                   0.00204
params_number_of_hidden_layers               1
params_plateau_divider                       7
params_plateau_patience                     18
params_weight_decay                    0.00001
params_beta_0                         0.897724
params_beta_1                         0.993761
params_epsilon                             0.0
user_attrs_epoch                           7.0
user_attrs_training_loss              0.198805
user_attrs_validation_loss            0.217635
params_left_stride                         256
params_right_stride                        128
Name: 220, dtype: object
37 Val: 0.896969696969697 Test: 0.9223880597014925
38 Val: 0.9151515151515152 Test: 0.9074626865671642
39 Val: 0.9090909090909091 Test: 0.9044776119402985
40 Val: 0.9151515151515152 Test: 0.9044776119402985
41 Val: 0.9151515151515152 Test: 0.9134328358208955
42 Val: 0.9212121212121213 Test: 0.9164179104477612
43 Val: 0.9151515151515152 Test: 0.9134328358208955
44 Val: 0.9030303030303031 Test: 0.8865671641791045
45 Val: 0.9212121212121213 Test: 0.9134328358208955
46 Val: 0.9090909090909091 Test: 0.8925373134328358
Validation performance: 89.7 & 91.21 ± 0.77 & 92.12
Testing performance: 88.66 & 90.75 ± 1.1 & 92.24

[TRIAL] 183 [VALIDATION PERFORMANCE] 0.9272727272727272 [TRAINING LOSS] 0.045610614796169104 [VALIDATION LOSS] 0.2505194198872362 

number                                     183
value                                 0.927273
params_threshold                      0.900017
params_attention_heads                       7
params_balanced_loss                     False
params_embedding_pooling_operation        mean
params_attention_pooling_operation         min
params_batch_size                           25
params_dropout_rate                   0.598667
params_early_stopping_patience              18
params_epochs                               65
params_global_pooling                     mean
params_hidden_dimension                     32
params_learning_rate                  0.003158
params_number_of_hidden_layers               1
params_plateau_divider                       6
params_plateau_patience                     20
params_weight_decay                    0.00001
params_beta_0                         0.896272
params_beta_1                         0.990671
params_epsilon                             0.0
user_attrs_epoch                          17.0
user_attrs_training_loss              0.045611
user_attrs_validation_loss            0.250519
params_left_stride                         256
params_right_stride                        128
Name: 183, dtype: object
37 Val: 0.9030303030303031 Test: 0.9104477611940298
38 Val: 0.9151515151515152 Test: 0.9104477611940298
39 Val: 0.896969696969697 Test: 0.9074626865671642
40 Val: 0.9272727272727272 Test: 0.9313432835820895
Token indices sequence length is longer than the specified maximum sequence length for this model (1147 > 512). Running this sequence through the model will result in indexing errors
41 Val: 0.9151515151515152 Test: 0.8955223880597015
42 Val: 0.9333333333333333 Test: 0.9134328358208955
43 Val: 0.9030303030303031 Test: 0.9283582089552239
44 Val: 0.9151515151515152 Test: 0.9104477611940298
45 Val: 0.9030303030303031 Test: 0.9044776119402985
46 Val: 0.9151515151515152 Test: 0.9134328358208955
Validation performance: 89.7 & 91.27 ± 1.15 & 93.33
Testing performance: 89.55 & 91.25 ± 1.05 & 93.13

[TRIAL] 154 [VALIDATION PERFORMANCE] 0.9272727272727272 [TRAINING LOSS] 0.073948586396873 [VALIDATION LOSS] 0.29760097712278366 

number                                     154
value                                 0.927273
params_threshold                      0.906829
params_attention_heads                       7
params_balanced_loss                     False
params_embedding_pooling_operation        mean
params_attention_pooling_operation         min
params_batch_size                           20
params_dropout_rate                   0.578988
params_early_stopping_patience              17
params_epochs                               54
params_global_pooling                     mean
params_hidden_dimension                     36
params_learning_rate                  0.002115
params_number_of_hidden_layers               1
params_plateau_divider                       6
params_plateau_patience                     19
params_weight_decay                   0.000016
params_beta_0                         0.899408
params_beta_1                         0.989469
params_epsilon                             0.0
user_attrs_epoch                          17.0
user_attrs_training_loss              0.073949
user_attrs_validation_loss            0.297601
params_left_stride                         256
params_right_stride                        128
Name: 154, dtype: object
37 Val: 0.9151515151515152 Test: 0.9313432835820895
38 Val: 0.896969696969697 Test: 0.9283582089552239
39 Val: 0.9212121212121213 Test: 0.9194029850746268
40 Val: 0.9090909090909091 Test: 0.9134328358208955
41 Val: 0.9272727272727272 Test: 0.9164179104477612
42 Val: 0.9090909090909091 Test: 0.9074626865671642
43 Val: 0.9333333333333333 Test: 0.9223880597014925
44 Val: 0.9151515151515152 Test: 0.9253731343283582
45 Val: 0.9030303030303031 Test: 0.8865671641791045
46 Val: 0.9030303030303031 Test: 0.9373134328358209
Validation performance: 89.7 & 91.33 ± 1.14 & 93.33
Testing performance: 88.66 & 91.88 ± 1.43 & 93.73

[TRIAL] 204 [VALIDATION PERFORMANCE] 0.9272727272727272 [TRAINING LOSS] 0.022440185492007953 [VALIDATION LOSS] 0.31741099525243044 

number                                     204
value                                 0.927273
params_threshold                       0.90879
params_attention_heads                       7
params_balanced_loss                     False
params_embedding_pooling_operation         min
params_attention_pooling_operation         min
params_batch_size                           22
params_dropout_rate                   0.594692
params_early_stopping_patience              17
params_epochs                               58
params_global_pooling                     mean
params_hidden_dimension                     58
params_learning_rate                  0.001464
params_number_of_hidden_layers               1
params_plateau_divider                       3
params_plateau_patience                     19
params_weight_decay                   0.000021
params_beta_0                         0.895864
params_beta_1                         0.993088
params_epsilon                        0.000001
user_attrs_epoch                          25.0
user_attrs_training_loss               0.02244
user_attrs_validation_loss            0.317411
params_left_stride                         256
params_right_stride                        128
Name: 204, dtype: object
37 Val: 0.9030303030303031 Test: 0.9223880597014925
38 Val: 0.9090909090909091 Test: 0.9014925373134328
39 Val: 0.8909090909090909 Test: 0.9134328358208955
40 Val: 0.9030303030303031 Test: 0.9253731343283582
41 Val: 0.8909090909090909 Test: 0.9074626865671642
42 Val: 0.9151515151515152 Test: 0.8925373134328358
43 Val: 0.8909090909090909 Test: 0.9194029850746268
44 Val: 0.896969696969697 Test: 0.9074626865671642
45 Val: 0.9030303030303031 Test: 0.9104477611940298
46 Val: 0.896969696969697 Test: 0.9283582089552239
Validation performance: 89.09 & 90.0 ± 0.82 & 91.52
Testing performance: 89.25 & 91.28 ± 1.12 & 92.84

[TRIAL] 261 [VALIDATION PERFORMANCE] 0.9272727272727272 [TRAINING LOSS] 0.012989224104587818 [VALIDATION LOSS] 0.33535794337512925 

number                                     261
value                                 0.927273
params_threshold                      0.906421
params_attention_heads                       7
params_balanced_loss                     False
params_embedding_pooling_operation        mean
params_attention_pooling_operation         min
params_batch_size                           22
params_dropout_rate                   0.573747
params_early_stopping_patience              21
params_epochs                               69
params_global_pooling                     mean
params_hidden_dimension                     32
params_learning_rate                  0.000745
params_number_of_hidden_layers               1
params_plateau_divider                       9
params_plateau_patience                     23
params_weight_decay                   0.000015
params_beta_0                         0.890904
params_beta_1                         0.988412
params_epsilon                             0.0
user_attrs_epoch                          29.0
user_attrs_training_loss              0.012989
user_attrs_validation_loss            0.335358
params_left_stride                         256
params_right_stride                        128
Name: 261, dtype: object
37 Val: 0.9151515151515152 Test: 0.9313432835820895
38 Val: 0.9090909090909091 Test: 0.9104477611940298
39 Val: 0.9272727272727272 Test: 0.9014925373134328
40 Val: 0.9151515151515152 Test: 0.9074626865671642
41 Val: 0.9090909090909091 Test: 0.9134328358208955
42 Val: 0.9272727272727272 Test: 0.9313432835820895
43 Val: 0.9090909090909091 Test: 0.9104477611940298
44 Val: 0.9151515151515152 Test: 0.9223880597014925
45 Val: 0.8909090909090909 Test: 0.9194029850746268
46 Val: 0.9212121212121213 Test: 0.9134328358208955
Validation performance: 89.09 & 91.39 ± 1.06 & 92.73
Testing performance: 90.15 & 91.61 ± 0.99 & 93.13

[IMDb-top_1000] Elapsed time: 566.1395770351093 minutes.
