[I 2025-03-30 04:46:04,550] Using an existing study with name 'Ohsumed-GATv2-google-bert-bert-base-uncased-Grouped-No_Aggregation-No_Ablation-1.0-0.5' instead of creating a new one.
Token indices sequence length is longer than the specified maximum sequence length for this model (611 > 512). Running this sequence through the model will result in indexing errors
[I 2025-03-30 05:02:04,168] Trial 210 finished with value: 0.5381510423534371 and parameters: {'left_stride': 64, 'right_stride': 64, 'attention_pooling_operation': 'mean', 'embedding_pooling_operation': 'max', 'threshold': 0.9007584917282571, 'batch_size': 48, 'attention_heads': 9, 'hidden_dimension': 192, 'number_of_hidden_layers': 2, 'dropout_rate': 0.38085743962346813, 'global_pooling': 'mean', 'learning_rate': 0.00039944873505877486, 'weight_decay': 6.185933139329528e-06, 'beta_0': 0.8299924166749911, 'beta_1': 0.9989804772439679, 'epsilon': 2.966489396226267e-06, 'balanced_loss': True, 'epochs': 162, 'early_stopping_patience': 25, 'plateau_patience': 16, 'plateau_divider': 2}. Best is trial 164 with value: 0.5464611954869535.
[I 2025-03-30 05:16:19,085] Trial 211 finished with value: 0.5286676197329073 and parameters: {'left_stride': 64, 'right_stride': 64, 'attention_pooling_operation': 'mean', 'embedding_pooling_operation': 'max', 'threshold': 0.906928620813909, 'batch_size': 48, 'attention_heads': 8, 'hidden_dimension': 196, 'number_of_hidden_layers': 2, 'dropout_rate': 0.38094840864705576, 'global_pooling': 'mean', 'learning_rate': 0.00044533322286028655, 'weight_decay': 6.265493180867459e-06, 'beta_0': 0.8282555711039191, 'beta_1': 0.9989610709587257, 'epsilon': 3.5045302013184728e-06, 'balanced_loss': True, 'epochs': 165, 'early_stopping_patience': 25, 'plateau_patience': 16, 'plateau_divider': 2}. Best is trial 164 with value: 0.5464611954869535.
[I 2025-03-30 05:30:29,186] Trial 212 finished with value: 0.5314391547438877 and parameters: {'left_stride': 64, 'right_stride': 64, 'attention_pooling_operation': 'mean', 'embedding_pooling_operation': 'max', 'threshold': 0.9081700895174163, 'batch_size': 48, 'attention_heads': 8, 'hidden_dimension': 194, 'number_of_hidden_layers': 2, 'dropout_rate': 0.37885404184106747, 'global_pooling': 'mean', 'learning_rate': 0.00043980504174276813, 'weight_decay': 6.543982269842172e-06, 'beta_0': 0.8292115416639556, 'beta_1': 0.998753399394108, 'epsilon': 3.1914768556465596e-06, 'balanced_loss': True, 'epochs': 165, 'early_stopping_patience': 25, 'plateau_patience': 16, 'plateau_divider': 2}. Best is trial 164 with value: 0.5464611954869535.
[I 2025-03-30 05:44:49,455] Trial 213 finished with value: 0.5260323021223148 and parameters: {'left_stride': 64, 'right_stride': 64, 'attention_pooling_operation': 'mean', 'embedding_pooling_operation': 'max', 'threshold': 0.909725262183854, 'batch_size': 48, 'attention_heads': 8, 'hidden_dimension': 196, 'number_of_hidden_layers': 2, 'dropout_rate': 0.3787100321827616, 'global_pooling': 'mean', 'learning_rate': 0.0004773904586442473, 'weight_decay': 6.349797329598425e-06, 'beta_0': 0.8280014172573426, 'beta_1': 0.9989169887113812, 'epsilon': 3.2265415025863322e-06, 'balanced_loss': True, 'epochs': 161, 'early_stopping_patience': 25, 'plateau_patience': 16, 'plateau_divider': 2}. Best is trial 164 with value: 0.5464611954869535.
[I 2025-03-30 06:00:01,889] Trial 214 finished with value: 0.5071956534829397 and parameters: {'left_stride': 64, 'right_stride': 64, 'attention_pooling_operation': 'mean', 'embedding_pooling_operation': 'max', 'threshold': 0.9059181066402014, 'batch_size': 49, 'attention_heads': 9, 'hidden_dimension': 193, 'number_of_hidden_layers': 2, 'dropout_rate': 0.38419870557312974, 'global_pooling': 'mean', 'learning_rate': 0.0003488829250592724, 'weight_decay': 7.223946908912572e-06, 'beta_0': 0.8300637596274261, 'beta_1': 0.9989926102940242, 'epsilon': 2.2654244435560142e-06, 'balanced_loss': True, 'epochs': 165, 'early_stopping_patience': 25, 'plateau_patience': 16, 'plateau_divider': 2}. Best is trial 164 with value: 0.5464611954869535.
[I 2025-03-30 06:14:58,895] Trial 215 finished with value: 0.5097380384988736 and parameters: {'left_stride': 64, 'right_stride': 64, 'attention_pooling_operation': 'mean', 'embedding_pooling_operation': 'max', 'threshold': 0.9019627200889352, 'batch_size': 48, 'attention_heads': 8, 'hidden_dimension': 201, 'number_of_hidden_layers': 2, 'dropout_rate': 0.3761445664055686, 'global_pooling': 'mean', 'learning_rate': 0.0004769000954280555, 'weight_decay': 6.329113593142858e-06, 'beta_0': 0.8234054445706962, 'beta_1': 0.9979762415276464, 'epsilon': 2.9292705697191648e-06, 'balanced_loss': True, 'epochs': 162, 'early_stopping_patience': 25, 'plateau_patience': 16, 'plateau_divider': 2}. Best is trial 164 with value: 0.5464611954869535.
[I 2025-03-30 06:29:35,064] Trial 216 finished with value: 0.5064792978578702 and parameters: {'left_stride': 64, 'right_stride': 64, 'attention_pooling_operation': 'mean', 'embedding_pooling_operation': 'max', 'threshold': 0.9165442088764866, 'batch_size': 50, 'attention_heads': 8, 'hidden_dimension': 195, 'number_of_hidden_layers': 2, 'dropout_rate': 0.3701211409866362, 'global_pooling': 'mean', 'learning_rate': 0.00013830164982355653, 'weight_decay': 7.97434807678214e-06, 'beta_0': 0.8280874527260758, 'beta_1': 0.9985381270144397, 'epsilon': 1.8103446474923747e-06, 'balanced_loss': True, 'epochs': 165, 'early_stopping_patience': 25, 'plateau_patience': 16, 'plateau_divider': 2}. Best is trial 164 with value: 0.5464611954869535.
[I 2025-03-30 06:45:12,728] Trial 217 finished with value: 0.5207120991372616 and parameters: {'left_stride': 64, 'right_stride': 64, 'attention_pooling_operation': 'mean', 'embedding_pooling_operation': 'max', 'threshold': 0.9177562072143911, 'batch_size': 55, 'attention_heads': 9, 'hidden_dimension': 189, 'number_of_hidden_layers': 2, 'dropout_rate': 0.3908070876656506, 'global_pooling': 'mean', 'learning_rate': 0.0003976285331204308, 'weight_decay': 6.053819385415281e-06, 'beta_0': 0.8245585114274897, 'beta_1': 0.9980978283153068, 'epsilon': 2.5534460341151697e-06, 'balanced_loss': True, 'epochs': 159, 'early_stopping_patience': 24, 'plateau_patience': 16, 'plateau_divider': 2}. Best is trial 164 with value: 0.5464611954869535.
[I 2025-03-30 06:58:49,452] Trial 218 finished with value: 0.5337037720553819 and parameters: {'left_stride': 64, 'right_stride': 64, 'attention_pooling_operation': 'mean', 'embedding_pooling_operation': 'max', 'threshold': 0.9097317576490396, 'batch_size': 53, 'attention_heads': 7, 'hidden_dimension': 198, 'number_of_hidden_layers': 2, 'dropout_rate': 0.38156513983007345, 'global_pooling': 'mean', 'learning_rate': 0.0003183055671860054, 'weight_decay': 4.828597242980813e-06, 'beta_0': 0.8358533121854556, 'beta_1': 0.9985776344809181, 'epsilon': 3.5108641064215642e-06, 'balanced_loss': True, 'epochs': 167, 'early_stopping_patience': 25, 'plateau_patience': 17, 'plateau_divider': 2}. Best is trial 164 with value: 0.5464611954869535.
[I 2025-03-30 07:12:16,654] Trial 219 finished with value: 0.5257696278577074 and parameters: {'left_stride': 64, 'right_stride': 64, 'attention_pooling_operation': 'mean', 'embedding_pooling_operation': 'max', 'threshold': 0.9063613406204013, 'batch_size': 50, 'attention_heads': 7, 'hidden_dimension': 199, 'number_of_hidden_layers': 2, 'dropout_rate': 0.3632004426106816, 'global_pooling': 'mean', 'learning_rate': 0.0003186264313896649, 'weight_decay': 4.857641553392026e-06, 'beta_0': 0.8293346766759147, 'beta_1': 0.9984955568763134, 'epsilon': 3.4798667002106053e-06, 'balanced_loss': True, 'epochs': 157, 'early_stopping_patience': 25, 'plateau_patience': 17, 'plateau_divider': 2}. Best is trial 164 with value: 0.5464611954869535.
[I 2025-03-30 07:25:49,508] Trial 220 finished with value: 0.5033933139112279 and parameters: {'left_stride': 64, 'right_stride': 64, 'attention_pooling_operation': 'mean', 'embedding_pooling_operation': 'max', 'threshold': 0.9009268801551144, 'batch_size': 47, 'attention_heads': 7, 'hidden_dimension': 193, 'number_of_hidden_layers': 2, 'dropout_rate': 0.38124097072412616, 'global_pooling': 'mean', 'learning_rate': 0.00043583574465897926, 'weight_decay': 7.220086604720327e-06, 'beta_0': 0.8337647249460487, 'beta_1': 0.9985997734070521, 'epsilon': 3.126677155097984e-06, 'balanced_loss': True, 'epochs': 175, 'early_stopping_patience': 24, 'plateau_patience': 18, 'plateau_divider': 2}. Best is trial 164 with value: 0.5464611954869535.
[I 2025-03-30 07:39:00,805] Trial 221 finished with value: 0.39798922418553734 and parameters: {'left_stride': 64, 'right_stride': 64, 'attention_pooling_operation': 'mean', 'embedding_pooling_operation': 'max', 'threshold': 0.9113231067399435, 'batch_size': 52, 'attention_heads': 7, 'hidden_dimension': 205, 'number_of_hidden_layers': 2, 'dropout_rate': 0.3745517349528941, 'global_pooling': 'sum', 'learning_rate': 0.0003065259734216174, 'weight_decay': 4.521521526577684e-06, 'beta_0': 0.8364201691627015, 'beta_1': 0.997935347135706, 'epsilon': 2.7596664483746967e-06, 'balanced_loss': True, 'epochs': 169, 'early_stopping_patience': 25, 'plateau_patience': 17, 'plateau_divider': 2}. Best is trial 164 with value: 0.5464611954869535.
[I 2025-03-30 07:54:14,386] Trial 222 finished with value: 0.5232801031453514 and parameters: {'left_stride': 64, 'right_stride': 64, 'attention_pooling_operation': 'mean', 'embedding_pooling_operation': 'max', 'threshold': 0.903026915718323, 'batch_size': 54, 'attention_heads': 8, 'hidden_dimension': 198, 'number_of_hidden_layers': 2, 'dropout_rate': 0.38873068531122434, 'global_pooling': 'mean', 'learning_rate': 0.00022618534223979784, 'weight_decay': 5.667862779301021e-05, 'beta_0': 0.8204035465616288, 'beta_1': 0.998699142671508, 'epsilon': 1.3538701461208066e-06, 'balanced_loss': True, 'epochs': 163, 'early_stopping_patience': 25, 'plateau_patience': 16, 'plateau_divider': 2}. Best is trial 164 with value: 0.5464611954869535.
[I 2025-03-30 08:08:53,982] Trial 223 finished with value: 0.5081849316680049 and parameters: {'left_stride': 64, 'right_stride': 64, 'attention_pooling_operation': 'mean', 'embedding_pooling_operation': 'max', 'threshold': 0.908218153370087, 'batch_size': 48, 'attention_heads': 8, 'hidden_dimension': 193, 'number_of_hidden_layers': 2, 'dropout_rate': 0.3840220316792144, 'global_pooling': 'mean', 'learning_rate': 0.00019358290269949952, 'weight_decay': 6.073868824937173e-06, 'beta_0': 0.8361316765874405, 'beta_1': 0.9977142912078331, 'epsilon': 2.190605509483796e-06, 'balanced_loss': True, 'epochs': 167, 'early_stopping_patience': 25, 'plateau_patience': 16, 'plateau_divider': 2}. Best is trial 164 with value: 0.5464611954869535.
[I 2025-03-30 08:23:55,887] Trial 224 finished with value: 0.5261479388582367 and parameters: {'left_stride': 64, 'right_stride': 64, 'attention_pooling_operation': 'mean', 'embedding_pooling_operation': 'max', 'threshold': 0.8957112281829712, 'batch_size': 50, 'attention_heads': 7, 'hidden_dimension': 186, 'number_of_hidden_layers': 2, 'dropout_rate': 0.39933455567220205, 'global_pooling': 'mean', 'learning_rate': 0.00025350594537586814, 'weight_decay': 8.322504325226204e-06, 'beta_0': 0.8241831245847128, 'beta_1': 0.9983026622109294, 'epsilon': 1.6978259685624968e-06, 'balanced_loss': True, 'epochs': 172, 'early_stopping_patience': 24, 'plateau_patience': 17, 'plateau_divider': 2}. Best is trial 164 with value: 0.5464611954869535.
[I 2025-03-30 08:40:06,306] Trial 225 finished with value: 0.518377756993204 and parameters: {'left_stride': 64, 'right_stride': 64, 'attention_pooling_operation': 'mean', 'embedding_pooling_operation': 'max', 'threshold': 0.8977728733503164, 'batch_size': 54, 'attention_heads': 9, 'hidden_dimension': 202, 'number_of_hidden_layers': 2, 'dropout_rate': 0.3923962085243687, 'global_pooling': 'mean', 'learning_rate': 0.00015993783534703682, 'weight_decay': 6.9958003865700976e-06, 'beta_0': 0.8279402623647931, 'beta_1': 0.9989365328328336, 'epsilon': 3.766538671040557e-06, 'balanced_loss': True, 'epochs': 168, 'early_stopping_patience': 24, 'plateau_patience': 18, 'plateau_divider': 2}. Best is trial 164 with value: 0.5464611954869535.
[I 2025-03-30 08:57:24,853] Trial 226 finished with value: 0.5512113830144179 and parameters: {'left_stride': 32, 'right_stride': 64, 'attention_pooling_operation': 'mean', 'embedding_pooling_operation': 'max', 'threshold': 0.8854635818172727, 'batch_size': 60, 'attention_heads': 9, 'hidden_dimension': 207, 'number_of_hidden_layers': 2, 'dropout_rate': 0.3802298352307496, 'global_pooling': 'mean', 'learning_rate': 0.0003599092154199379, 'weight_decay': 4.818526090259859e-06, 'beta_0': 0.8268737565474904, 'beta_1': 0.9976033781150415, 'epsilon': 2.5230089078776913e-06, 'balanced_loss': True, 'epochs': 177, 'early_stopping_patience': 25, 'plateau_patience': 16, 'plateau_divider': 2}. Best is trial 226 with value: 0.5512113830144179.
[I 2025-03-30 09:13:22,243] Trial 227 finished with value: 0.5108238419187751 and parameters: {'left_stride': 64, 'right_stride': 64, 'attention_pooling_operation': 'mean', 'embedding_pooling_operation': 'max', 'threshold': 0.8874420542259539, 'batch_size': 58, 'attention_heads': 9, 'hidden_dimension': 208, 'number_of_hidden_layers': 2, 'dropout_rate': 0.3719643403878662, 'global_pooling': 'mean', 'learning_rate': 0.000361697396294618, 'weight_decay': 4.728771437987066e-06, 'beta_0': 0.8295107109338129, 'beta_1': 0.9981841285509583, 'epsilon': 3.344159734072277e-06, 'balanced_loss': True, 'epochs': 177, 'early_stopping_patience': 25, 'plateau_patience': 17, 'plateau_divider': 2}. Best is trial 226 with value: 0.5512113830144179.
[I 2025-03-30 09:29:11,285] Trial 228 finished with value: 0.5236073506003128 and parameters: {'left_stride': 32, 'right_stride': 64, 'attention_pooling_operation': 'mean', 'embedding_pooling_operation': 'max', 'threshold': 0.8827452172948315, 'batch_size': 62, 'attention_heads': 9, 'hidden_dimension': 198, 'number_of_hidden_layers': 2, 'dropout_rate': 0.3807606405870832, 'global_pooling': 'mean', 'learning_rate': 0.0005413591234552881, 'weight_decay': 4.930322246003349e-06, 'beta_0': 0.8265648193202232, 'beta_1': 0.9975887087990808, 'epsilon': 2.5295226688715805e-06, 'balanced_loss': True, 'epochs': 173, 'early_stopping_patience': 25, 'plateau_patience': 17, 'plateau_divider': 2}. Best is trial 226 with value: 0.5512113830144179.
[I 2025-03-30 09:44:13,589] Trial 229 finished with value: 0.4421306228256076 and parameters: {'left_stride': 32, 'right_stride': 64, 'attention_pooling_operation': 'min', 'embedding_pooling_operation': 'max', 'threshold': 0.8723245522205945, 'batch_size': 60, 'attention_heads': 9, 'hidden_dimension': 191, 'number_of_hidden_layers': 2, 'dropout_rate': 0.3615488161152104, 'global_pooling': 'mean', 'learning_rate': 0.0003083564395924716, 'weight_decay': 5.644272296229813e-06, 'beta_0': 0.8225466842260974, 'beta_1': 0.9989914024632273, 'epsilon': 2.866522568067879e-06, 'balanced_loss': True, 'epochs': 181, 'early_stopping_patience': 24, 'plateau_patience': 16, 'plateau_divider': 2}. Best is trial 226 with value: 0.5512113830144179.
[I 2025-03-30 10:00:06,345] Trial 230 finished with value: 0.5009316767763572 and parameters: {'left_stride': 32, 'right_stride': 64, 'attention_pooling_operation': 'mean', 'embedding_pooling_operation': 'max', 'threshold': 0.9143876705050024, 'batch_size': 45, 'attention_heads': 10, 'hidden_dimension': 210, 'number_of_hidden_layers': 2, 'dropout_rate': 0.3875506584882767, 'global_pooling': 'mean', 'learning_rate': 0.00041951900444266773, 'weight_decay': 9.327015897844927e-06, 'beta_0': 0.8308546300990821, 'beta_1': 0.9980265417149196, 'epsilon': 5.097682240418061e-06, 'balanced_loss': True, 'epochs': 175, 'early_stopping_patience': 25, 'plateau_patience': 16, 'plateau_divider': 2}. Best is trial 226 with value: 0.5512113830144179.
[I 2025-03-30 10:15:33,699] Trial 231 finished with value: 0.5313394827235719 and parameters: {'left_stride': 32, 'right_stride': 64, 'attention_pooling_operation': 'mean', 'embedding_pooling_operation': 'max', 'threshold': 0.8999666647282656, 'batch_size': 48, 'attention_heads': 9, 'hidden_dimension': 206, 'number_of_hidden_layers': 2, 'dropout_rate': 0.3786880420217096, 'global_pooling': 'mean', 'learning_rate': 0.00027110183038969867, 'weight_decay': 7.705316529175046e-06, 'beta_0': 0.8376977287978634, 'beta_1': 0.9984387005813913, 'epsilon': 2.344070952599731e-06, 'balanced_loss': True, 'epochs': 186, 'early_stopping_patience': 24, 'plateau_patience': 18, 'plateau_divider': 2}. Best is trial 226 with value: 0.5512113830144179.
[I 2025-03-30 10:31:56,591] Trial 232 finished with value: 0.5017248199171285 and parameters: {'left_stride': 32, 'right_stride': 64, 'attention_pooling_operation': 'mean', 'embedding_pooling_operation': 'max', 'threshold': 0.899394909254879, 'batch_size': 48, 'attention_heads': 9, 'hidden_dimension': 205, 'number_of_hidden_layers': 2, 'dropout_rate': 0.3802575436816383, 'global_pooling': 'mean', 'learning_rate': 0.0002618741441726143, 'weight_decay': 0.00018182898402034452, 'beta_0': 0.8405184955377328, 'beta_1': 0.9985902133825634, 'epsilon': 2.3544709165398997e-06, 'balanced_loss': True, 'epochs': 185, 'early_stopping_patience': 24, 'plateau_patience': 18, 'plateau_divider': 2}. Best is trial 226 with value: 0.5512113830144179.
[I 2025-03-30 10:46:58,862] Trial 233 finished with value: 0.525768184838354 and parameters: {'left_stride': 32, 'right_stride': 64, 'attention_pooling_operation': 'mean', 'embedding_pooling_operation': 'max', 'threshold': 0.9067336024828655, 'batch_size': 52, 'attention_heads': 9, 'hidden_dimension': 201, 'number_of_hidden_layers': 2, 'dropout_rate': 0.37144755586171696, 'global_pooling': 'mean', 'learning_rate': 0.00021176191576256054, 'weight_decay': 7.863229179229284e-06, 'beta_0': 0.8369361791104077, 'beta_1': 0.9983326724479468, 'epsilon': 1.4762441870795995e-08, 'balanced_loss': True, 'epochs': 187, 'early_stopping_patience': 24, 'plateau_patience': 18, 'plateau_divider': 2}. Best is trial 226 with value: 0.5512113830144179.
[I 2025-03-30 11:02:43,383] Trial 234 finished with value: 0.5055178134170845 and parameters: {'left_stride': 32, 'right_stride': 64, 'attention_pooling_operation': 'mean', 'embedding_pooling_operation': 'max', 'threshold': 0.9017484448988883, 'batch_size': 50, 'attention_heads': 9, 'hidden_dimension': 212, 'number_of_hidden_layers': 2, 'dropout_rate': 0.3864174168438303, 'global_pooling': 'mean', 'learning_rate': 0.00030835917813749886, 'weight_decay': 6.717578805819907e-06, 'beta_0': 0.8346602070960645, 'beta_1': 0.9976943709506532, 'epsilon': 3.7444750872102216e-06, 'balanced_loss': True, 'epochs': 178, 'early_stopping_patience': 23, 'plateau_patience': 18, 'plateau_divider': 2}. Best is trial 226 with value: 0.5512113830144179.
[I 2025-03-30 11:19:13,371] Trial 235 finished with value: 0.5331021482390732 and parameters: {'left_stride': 32, 'right_stride': 64, 'attention_pooling_operation': 'mean', 'embedding_pooling_operation': 'max', 'threshold': 0.8809951099384319, 'batch_size': 47, 'attention_heads': 9, 'hidden_dimension': 184, 'number_of_hidden_layers': 2, 'dropout_rate': 0.3780027845031, 'global_pooling': 'mean', 'learning_rate': 0.00018625314395881806, 'weight_decay': 5.834829011997835e-06, 'beta_0': 0.838030771829, 'beta_1': 0.9986398881762237, 'epsilon': 2.1632586817992934e-06, 'balanced_loss': True, 'epochs': 171, 'early_stopping_patience': 25, 'plateau_patience': 17, 'plateau_divider': 2}. Best is trial 226 with value: 0.5512113830144179.
[I 2025-03-30 11:34:25,412] Trial 236 finished with value: 0.5137068643641066 and parameters: {'left_stride': 32, 'right_stride': 64, 'attention_pooling_operation': 'mean', 'embedding_pooling_operation': 'max', 'threshold': 0.8825347997364444, 'batch_size': 45, 'attention_heads': 8, 'hidden_dimension': 195, 'number_of_hidden_layers': 2, 'dropout_rate': 0.37596955678254074, 'global_pooling': 'mean', 'learning_rate': 0.00016840651096741786, 'weight_decay': 5.543206459618362e-06, 'beta_0': 0.837783818703746, 'beta_1': 0.9986449574122117, 'epsilon': 2.0130218443461236e-06, 'balanced_loss': True, 'epochs': 172, 'early_stopping_patience': 25, 'plateau_patience': 17, 'plateau_divider': 2}. Best is trial 226 with value: 0.5512113830144179.
[I 2025-03-30 11:50:56,851] Trial 237 finished with value: 0.5553523759476202 and parameters: {'left_stride': 32, 'right_stride': 64, 'attention_pooling_operation': 'mean', 'embedding_pooling_operation': 'max', 'threshold': 0.8885934055004981, 'batch_size': 47, 'attention_heads': 9, 'hidden_dimension': 206, 'number_of_hidden_layers': 2, 'dropout_rate': 0.36825303432583334, 'global_pooling': 'mean', 'learning_rate': 0.0003828638225813425, 'weight_decay': 4.639337873453789e-06, 'beta_0': 0.8406933619673107, 'beta_1': 0.9974637463758844, 'epsilon': 3.0558079477274033e-06, 'balanced_loss': True, 'epochs': 180, 'early_stopping_patience': 25, 'plateau_patience': 17, 'plateau_divider': 2}. Best is trial 237 with value: 0.5553523759476202.
[I 2025-03-30 12:07:46,479] Trial 238 finished with value: 0.5088975873033109 and parameters: {'left_stride': 32, 'right_stride': 64, 'attention_pooling_operation': 'mean', 'embedding_pooling_operation': 'max', 'threshold': 0.8860535433865259, 'batch_size': 47, 'attention_heads': 9, 'hidden_dimension': 207, 'number_of_hidden_layers': 2, 'dropout_rate': 0.3660971377098415, 'global_pooling': 'mean', 'learning_rate': 0.00036375261677664127, 'weight_decay': 3.3149584524899616e-06, 'beta_0': 0.8398633199087706, 'beta_1': 0.9974307941861156, 'epsilon': 2.9793651162110513e-06, 'balanced_loss': True, 'epochs': 183, 'early_stopping_patience': 25, 'plateau_patience': 17, 'plateau_divider': 2}. Best is trial 237 with value: 0.5553523759476202.
[I 2025-03-30 12:26:43,953] Trial 239 finished with value: 0.5177152895143271 and parameters: {'left_stride': 32, 'right_stride': 64, 'attention_pooling_operation': 'mean', 'embedding_pooling_operation': 'max', 'threshold': 0.8798187376138693, 'batch_size': 44, 'attention_heads': 10, 'hidden_dimension': 223, 'number_of_hidden_layers': 2, 'dropout_rate': 0.3706616757029682, 'global_pooling': 'mean', 'learning_rate': 0.00018671044212850523, 'weight_decay': 4.514695853159378e-06, 'beta_0': 0.8381059457839328, 'beta_1': 0.9979657680682197, 'epsilon': 1.590750003433964e-06, 'balanced_loss': True, 'epochs': 181, 'early_stopping_patience': 25, 'plateau_patience': 17, 'plateau_divider': 2}. Best is trial 237 with value: 0.5553523759476202.
[I 2025-03-30 12:43:45,466] Trial 240 finished with value: 0.49597225908365017 and parameters: {'left_stride': 32, 'right_stride': 64, 'attention_pooling_operation': 'mean', 'embedding_pooling_operation': 'max', 'threshold': 0.8917029507564362, 'batch_size': 46, 'attention_heads': 9, 'hidden_dimension': 204, 'number_of_hidden_layers': 2, 'dropout_rate': 0.35692776777789964, 'global_pooling': 'mean', 'learning_rate': 0.0001295463515849342, 'weight_decay': 4.713753466949577e-06, 'beta_0': 0.835606752251852, 'beta_1': 0.997414097257539, 'epsilon': 4.454855845413112e-06, 'balanced_loss': True, 'epochs': 178, 'early_stopping_patience': 25, 'plateau_patience': 17, 'plateau_divider': 2}. Best is trial 237 with value: 0.5553523759476202.
[I 2025-03-30 13:01:02,851] Trial 241 finished with value: 0.532127399115485 and parameters: {'left_stride': 32, 'right_stride': 32, 'attention_pooling_operation': 'mean', 'embedding_pooling_operation': 'max', 'threshold': 0.8880999110715486, 'batch_size': 64, 'attention_heads': 9, 'hidden_dimension': 218, 'number_of_hidden_layers': 2, 'dropout_rate': 0.3920143386879042, 'global_pooling': 'mean', 'learning_rate': 0.000267596744646857, 'weight_decay': 5.320577787181198e-06, 'beta_0': 0.8448196109126486, 'beta_1': 0.9979458724543413, 'epsilon': 2.7020028239423986e-06, 'balanced_loss': True, 'epochs': 175, 'early_stopping_patience': 22, 'plateau_patience': 18, 'plateau_divider': 2}. Best is trial 237 with value: 0.5553523759476202.
[I 2025-03-30 13:17:05,576] Trial 242 finished with value: 0.5170009979315914 and parameters: {'left_stride': 32, 'right_stride': 64, 'attention_pooling_operation': 'mean', 'embedding_pooling_operation': 'max', 'threshold': 0.8888446963245015, 'batch_size': 57, 'attention_heads': 9, 'hidden_dimension': 217, 'number_of_hidden_layers': 2, 'dropout_rate': 0.3907476225580688, 'global_pooling': 'mean', 'learning_rate': 0.0003015145847459538, 'weight_decay': 5.052178933729494e-06, 'beta_0': 0.8439557845449286, 'beta_1': 0.9978862169397719, 'epsilon': 2.636505826048427e-06, 'balanced_loss': True, 'epochs': 175, 'early_stopping_patience': 22, 'plateau_patience': 18, 'plateau_divider': 2}. Best is trial 237 with value: 0.5553523759476202.
[I 2025-03-30 13:31:45,525] Trial 243 finished with value: 0.511205554576133 and parameters: {'left_stride': 32, 'right_stride': 32, 'attention_pooling_operation': 'mean', 'embedding_pooling_operation': 'max', 'threshold': 0.8826600645577988, 'batch_size': 64, 'attention_heads': 9, 'hidden_dimension': 170, 'number_of_hidden_layers': 2, 'dropout_rate': 0.4000515882460635, 'global_pooling': 'mean', 'learning_rate': 0.0002593679302817415, 'weight_decay': 5.6303720515237246e-06, 'beta_0': 0.84070434669162, 'beta_1': 0.9984222324878552, 'epsilon': 1.9882126969085095e-06, 'balanced_loss': True, 'epochs': 178, 'early_stopping_patience': 22, 'plateau_patience': 18, 'plateau_divider': 2}. Best is trial 237 with value: 0.5553523759476202.
[I 2025-03-30 13:47:17,114] Trial 244 finished with value: 0.5208472639559537 and parameters: {'left_stride': 32, 'right_stride': 64, 'attention_pooling_operation': 'mean', 'embedding_pooling_operation': 'max', 'threshold': 0.8968033028958031, 'batch_size': 60, 'attention_heads': 9, 'hidden_dimension': 212, 'number_of_hidden_layers': 2, 'dropout_rate': 0.39333021203039936, 'global_pooling': 'mean', 'learning_rate': 0.0002005754964959873, 'weight_decay': 4.3176638485457775e-06, 'beta_0': 0.8421827160236235, 'beta_1': 0.9971098184050704, 'epsilon': 2.9937458440972933e-06, 'balanced_loss': True, 'epochs': 171, 'early_stopping_patience': 22, 'plateau_patience': 17, 'plateau_divider': 2}. Best is trial 237 with value: 0.5553523759476202.
[I 2025-03-30 14:04:02,740] Trial 245 finished with value: 0.5071787618548771 and parameters: {'left_stride': 32, 'right_stride': 32, 'attention_pooling_operation': 'mean', 'embedding_pooling_operation': 'max', 'threshold': 0.8775681316752072, 'batch_size': 47, 'attention_heads': 9, 'hidden_dimension': 221, 'number_of_hidden_layers': 2, 'dropout_rate': 0.37787466092111455, 'global_pooling': 'mean', 'learning_rate': 0.0003492005138451284, 'weight_decay': 8.321844645233371e-06, 'beta_0': 0.8385109432351834, 'beta_1': 0.9977996351475569, 'epsilon': 2.340681662525468e-06, 'balanced_loss': True, 'epochs': 174, 'early_stopping_patience': 23, 'plateau_patience': 18, 'plateau_divider': 2}. Best is trial 237 with value: 0.5553523759476202.
[I 2025-03-30 14:21:29,184] Trial 246 finished with value: 0.5359397013795284 and parameters: {'left_stride': 32, 'right_stride': 32, 'attention_pooling_operation': 'mean', 'embedding_pooling_operation': 'max', 'threshold': 0.8868971686373607, 'batch_size': 61, 'attention_heads': 10, 'hidden_dimension': 207, 'number_of_hidden_layers': 2, 'dropout_rate': 0.3855562530998686, 'global_pooling': 'mean', 'learning_rate': 0.0002426822936064645, 'weight_decay': 5.580949061689737e-06, 'beta_0': 0.8351369049594672, 'beta_1': 0.9818877383985862, 'epsilon': 3.3976074539834503e-06, 'balanced_loss': True, 'epochs': 181, 'early_stopping_patience': 25, 'plateau_patience': 17, 'plateau_divider': 2}. Best is trial 237 with value: 0.5553523759476202.
[I 2025-03-30 14:39:16,041] Trial 247 finished with value: 0.5261049598684663 and parameters: {'left_stride': 32, 'right_stride': 32, 'attention_pooling_operation': 'mean', 'embedding_pooling_operation': 'max', 'threshold': 0.8855925513174648, 'batch_size': 66, 'attention_heads': 10, 'hidden_dimension': 208, 'number_of_hidden_layers': 2, 'dropout_rate': 0.38657157033361705, 'global_pooling': 'mean', 'learning_rate': 0.0002689711322482598, 'weight_decay': 5.224370888694516e-06, 'beta_0': 0.8456722279009422, 'beta_1': 0.9985587423597316, 'epsilon': 3.62671859212067e-06, 'balanced_loss': True, 'epochs': 187, 'early_stopping_patience': 25, 'plateau_patience': 17, 'plateau_divider': 2}. Best is trial 237 with value: 0.5553523759476202.
[I 2025-03-30 14:55:42,826] Trial 248 finished with value: 0.5064578218994213 and parameters: {'left_stride': 32, 'right_stride': 32, 'attention_pooling_operation': 'mean', 'embedding_pooling_operation': 'max', 'threshold': 0.8909505735311467, 'batch_size': 59, 'attention_heads': 10, 'hidden_dimension': 200, 'number_of_hidden_layers': 2, 'dropout_rate': 0.382745501415475, 'global_pooling': 'mean', 'learning_rate': 0.00037405681410613157, 'weight_decay': 3.7046474555778e-06, 'beta_0': 0.8366825034277826, 'beta_1': 0.9818965804102794, 'epsilon': 3.074124067973658e-06, 'balanced_loss': True, 'epochs': 181, 'early_stopping_patience': 25, 'plateau_patience': 17, 'plateau_divider': 2}. Best is trial 237 with value: 0.5553523759476202.
[I 2025-03-30 15:11:55,085] Trial 249 finished with value: 0.5110169860110869 and parameters: {'left_stride': 32, 'right_stride': 32, 'attention_pooling_operation': 'mean', 'embedding_pooling_operation': 'max', 'threshold': 0.8746851360702453, 'batch_size': 62, 'attention_heads': 9, 'hidden_dimension': 188, 'number_of_hidden_layers': 2, 'dropout_rate': 0.3744967371395916, 'global_pooling': 'mean', 'learning_rate': 0.0005124958441554498, 'weight_decay': 5.911020503143998e-06, 'beta_0': 0.8343085507149303, 'beta_1': 0.980101526409773, 'epsilon': 4.4153658406155785e-06, 'balanced_loss': True, 'epochs': 179, 'early_stopping_patience': 25, 'plateau_patience': 18, 'plateau_divider': 2}. Best is trial 237 with value: 0.5553523759476202.
[I 2025-03-30 15:28:16,504] Trial 250 finished with value: 0.5376222043388852 and parameters: {'left_stride': 32, 'right_stride': 32, 'attention_pooling_operation': 'mean', 'embedding_pooling_operation': 'max', 'threshold': 0.8936096279614619, 'batch_size': 43, 'attention_heads': 9, 'hidden_dimension': 205, 'number_of_hidden_layers': 2, 'dropout_rate': 0.36630588285726723, 'global_pooling': 'mean', 'learning_rate': 0.00024784535619648844, 'weight_decay': 4.840482199753604e-06, 'beta_0': 0.8397105996003658, 'beta_1': 0.99812525530118, 'epsilon': 2.6766865010965353e-06, 'balanced_loss': True, 'epochs': 183, 'early_stopping_patience': 25, 'plateau_patience': 16, 'plateau_divider': 2}. Best is trial 237 with value: 0.5553523759476202.
[I 2025-03-30 15:44:07,242] Trial 251 finished with value: 0.49504807164888104 and parameters: {'left_stride': 32, 'right_stride': 32, 'attention_pooling_operation': 'mean', 'embedding_pooling_operation': 'max', 'threshold': 0.8806180278590506, 'batch_size': 61, 'attention_heads': 9, 'hidden_dimension': 213, 'number_of_hidden_layers': 2, 'dropout_rate': 0.35188068760616054, 'global_pooling': 'mean', 'learning_rate': 0.00025823143756457094, 'weight_decay': 4.943967215046415e-06, 'beta_0': 0.8414645986043287, 'beta_1': 0.9983347142105039, 'epsilon': 2.499057643861468e-06, 'balanced_loss': True, 'epochs': 185, 'early_stopping_patience': 22, 'plateau_patience': 17, 'plateau_divider': 2}. Best is trial 237 with value: 0.5553523759476202.
[I 2025-03-30 16:00:31,221] Trial 252 finished with value: 0.5293686673882604 and parameters: {'left_stride': 32, 'right_stride': 32, 'attention_pooling_operation': 'mean', 'embedding_pooling_operation': 'max', 'threshold': 0.884435332464733, 'batch_size': 69, 'attention_heads': 9, 'hidden_dimension': 206, 'number_of_hidden_layers': 2, 'dropout_rate': 0.36449394676986824, 'global_pooling': 'mean', 'learning_rate': 0.0003084962471775453, 'weight_decay': 5.807775158958953e-06, 'beta_0': 0.8394595825844534, 'beta_1': 0.9975527199823618, 'epsilon': 2.814961714384197e-06, 'balanced_loss': True, 'epochs': 183, 'early_stopping_patience': 23, 'plateau_patience': 18, 'plateau_divider': 2}. Best is trial 237 with value: 0.5553523759476202.
[I 2025-03-30 16:18:46,641] Trial 253 finished with value: 0.5296535928117629 and parameters: {'left_stride': 32, 'right_stride': 32, 'attention_pooling_operation': 'mean', 'embedding_pooling_operation': 'max', 'threshold': 0.9000717265045184, 'batch_size': 43, 'attention_heads': 10, 'hidden_dimension': 210, 'number_of_hidden_layers': 2, 'dropout_rate': 0.3999050623738671, 'global_pooling': 'mean', 'learning_rate': 0.00023318361326248442, 'weight_decay': 1.1125550024961831e-05, 'beta_0': 0.8366153850333427, 'beta_1': 0.9980620252529462, 'epsilon': 2.3039831603516616e-06, 'balanced_loss': True, 'epochs': 176, 'early_stopping_patience': 25, 'plateau_patience': 16, 'plateau_divider': 2}. Best is trial 237 with value: 0.5553523759476202.
[I 2025-03-30 16:32:55,003] Trial 254 finished with value: 0.4415732104195005 and parameters: {'left_stride': 32, 'right_stride': 32, 'attention_pooling_operation': 'min', 'embedding_pooling_operation': 'max', 'threshold': 0.8949306996076072, 'batch_size': 40, 'attention_heads': 9, 'hidden_dimension': 191, 'number_of_hidden_layers': 2, 'dropout_rate': 0.3867877588734439, 'global_pooling': 'mean', 'learning_rate': 0.00015653199538780314, 'weight_decay': 4.537292892763829e-06, 'beta_0': 0.8447083212893203, 'beta_1': 0.998577458250535, 'epsilon': 3.30485910052105e-08, 'balanced_loss': True, 'epochs': 181, 'early_stopping_patience': 22, 'plateau_patience': 17, 'plateau_divider': 2}. Best is trial 237 with value: 0.5553523759476202.
[I 2025-03-30 16:48:31,689] Trial 255 finished with value: 0.5154587858356768 and parameters: {'left_stride': 32, 'right_stride': 32, 'attention_pooling_operation': 'mean', 'embedding_pooling_operation': 'max', 'threshold': 0.887890628028564, 'batch_size': 45, 'attention_heads': 9, 'hidden_dimension': 183, 'number_of_hidden_layers': 2, 'dropout_rate': 0.40226833728562716, 'global_pooling': 'mean', 'learning_rate': 0.00036769251088659836, 'weight_decay': 9.617151069226865e-06, 'beta_0': 0.8397396836496606, 'beta_1': 0.9981250477621786, 'epsilon': 3.129864600423161e-06, 'balanced_loss': True, 'epochs': 177, 'early_stopping_patience': 25, 'plateau_patience': 16, 'plateau_divider': 2}. Best is trial 237 with value: 0.5553523759476202.

[TRIAL] 237 [VALIDATION PERFORMANCE] 0.5553523759476202 [TRAINING LOSS] 0.06572302456559806 [VALIDATION LOSS] 2.7960938692092894 

number                                     237
value                                 0.555352
params_threshold                      0.888593
params_attention_heads                       9
params_balanced_loss                      True
params_embedding_pooling_operation         max
params_attention_pooling_operation        mean
params_batch_size                           47
params_dropout_rate                   0.368253
params_early_stopping_patience              25
params_epochs                              180
params_global_pooling                     mean
params_hidden_dimension                    206
params_learning_rate                  0.000383
params_number_of_hidden_layers               2
params_plateau_divider                       2
params_plateau_patience                     17
params_weight_decay                   0.000005
params_beta_0                         0.840693
params_beta_1                         0.997464
params_epsilon                        0.000003
user_attrs_epoch                          31.0
user_attrs_training_loss              0.065723
user_attrs_validation_loss            2.796094
params_left_stride                          32
params_right_stride                         64
Name: 237, dtype: object
37 Val: 0.46882871387625497 Test: 0.47364611991241284
38 Val: 0.47458180505264697 Test: 0.47469038286484766
39 Val: 0.5197567207126703 Test: 0.5054013646779583
40 Val: 0.48760266364747357 Test: 0.4933772544250143
41 Val: 0.502222451265042 Test: 0.5064035056488265
42 Val: 0.5396193476759045 Test: 0.4891710846875714
43 Val: 0.5098570992788359 Test: 0.4939263984100399
44 Val: 0.509768628989119 Test: 0.48396241881839364
45 Val: 0.510210723593755 Test: 0.4984445737213791
46 Val: 0.517398430624316 Test: 0.47766024891760767
Validation performance: 46.88 & 50.4 ± 2.15 & 53.96
Testing performance: 47.36 & 48.97 ± 1.2 & 50.64

[TRIAL] 226 [VALIDATION PERFORMANCE] 0.5512113830144179 [TRAINING LOSS] 0.15527426277597745 [VALIDATION LOSS] 2.5277411341667175 

number                                     226
value                                 0.551211
params_threshold                      0.885464
params_attention_heads                       9
params_balanced_loss                      True
params_embedding_pooling_operation         max
params_attention_pooling_operation        mean
params_batch_size                           60
params_dropout_rate                    0.38023
params_early_stopping_patience              25
params_epochs                              177
params_global_pooling                     mean
params_hidden_dimension                    207
params_learning_rate                   0.00036
params_number_of_hidden_layers               2
params_plateau_divider                       2
params_plateau_patience                     16
params_weight_decay                   0.000005
params_beta_0                         0.826874
params_beta_1                         0.997603
params_epsilon                        0.000003
user_attrs_epoch                          25.0
user_attrs_training_loss              0.155274
user_attrs_validation_loss            2.527741
params_left_stride                          32
params_right_stride                         64
Name: 226, dtype: object
37 Val: 0.4985185793922637 Test: 0.4797483882278089
38 Val: 0.4969898380907306 Test: 0.48197909365469377
39 Val: 0.4950295568997769 Test: 0.5008745663228884
40 Val: 0.5114150393678356 Test: 0.46769492879088687
41 Val: 0.5244738197816856 Test: 0.4890322094355702
42 Val: 0.5304390001094845 Test: 0.4952511859683963
43 Val: 0.5083697811264698 Test: 0.5032412621274621
44 Val: 0.48759211391278295 Test: 0.4879309542827048
45 Val: 0.4846944588119937 Test: 0.5009807470897256
46 Val: 0.520176018654828 Test: 0.48856022980183444
Validation performance: 48.47 & 50.58 ± 1.57 & 53.04
Testing performance: 46.77 & 48.95 ± 1.11 & 50.32

[TRIAL] 164 [VALIDATION PERFORMANCE] 0.5464611954869535 [TRAINING LOSS] 0.20754461338923824 [VALIDATION LOSS] 2.5621867775917053 

number                                     164
value                                 0.546461
params_threshold                      0.874729
params_attention_heads                       9
params_balanced_loss                      True
params_embedding_pooling_operation         max
params_attention_pooling_operation        mean
params_batch_size                           44
params_dropout_rate                   0.411671
params_early_stopping_patience              22
params_epochs                              165
params_global_pooling                     mean
params_hidden_dimension                    205
params_learning_rate                  0.000171
params_number_of_hidden_layers               2
params_plateau_divider                       2
params_plateau_patience                     19
params_weight_decay                   0.000009
params_beta_0                         0.836853
params_beta_1                         0.998968
params_epsilon                        0.000003
user_attrs_epoch                          36.0
user_attrs_training_loss              0.207545
user_attrs_validation_loss            2.562187
params_left_stride                          64
params_right_stride                        256
Name: 164, dtype: object
37 Val: 0.48569310860386283 Test: 0.4966096379134469
Parent directory /checkpoint/pimentel/15575932 does not exist.
38 Exception...
Parent directory /checkpoint/pimentel/15575932 does not exist.
39 Exception...
Parent directory /checkpoint/pimentel/15575932 does not exist.
40 Exception...
Parent directory /checkpoint/pimentel/15575932 does not exist.
41 Exception...
Parent directory /checkpoint/pimentel/15575932 does not exist.
42 Exception...
Parent directory /checkpoint/pimentel/15575932 does not exist.
43 Exception...
Parent directory /checkpoint/pimentel/15575932 does not exist.
44 Exception...
Parent directory /checkpoint/pimentel/15575932 does not exist.
45 Exception...
Parent directory /checkpoint/pimentel/15575932 does not exist.
46 Exception...
Traceback (most recent call last):
  File "/fs01/home/pimentel/DynamicCOO/src/ablations/main.py", line 723, in <module>
    round(statistics.mean(validation_performances) * 100, 2), '±', round(statistics.stdev(validation_performances) * 100, 2), '&',
  File "/scratch/ssd004/scratch/pimentel/DynamicCOO/condaenvs/DynamicWindowsPytorch/lib/python3.10/statistics.py", line 828, in stdev
    var = variance(data, xbar)
  File "/scratch/ssd004/scratch/pimentel/DynamicCOO/condaenvs/DynamicWindowsPytorch/lib/python3.10/statistics.py", line 767, in variance
    raise StatisticsError('variance requires at least two data points')
statistics.StatisticsError: variance requires at least two data points
