[I 2025-03-25 19:02:38,162] Using an existing study with name 'Ohsumed-GATv2-google-bert-bert-base-uncased-Grouped-No_Aggregation-Unitary_Weights-0.0-0.0' instead of creating a new one.
Optimization already completed.

[TRIAL] 227 [VALIDATION PERFORMANCE] 0.6444641975987919 [TRAINING LOSS] 0.012762118096428889 [VALIDATION LOSS] 2.3848055941717967 

number                                     227
value                                 0.644464
params_threshold                       0.92012
params_attention_heads                       9
params_balanced_loss                      True
params_embedding_pooling_operation         max
params_attention_pooling_operation        mean
params_batch_size                          101
params_dropout_rate                   0.300632
params_early_stopping_patience              22
params_epochs                              195
params_global_pooling                      max
params_hidden_dimension                    230
params_learning_rate                  0.000635
params_number_of_hidden_layers               1
params_plateau_divider                       8
params_plateau_patience                     16
params_weight_decay                   0.000012
params_beta_0                          0.85589
params_beta_1                         0.984048
params_epsilon                             0.0
user_attrs_epoch                          28.0
user_attrs_training_loss              0.012762
user_attrs_validation_loss            2.384806
params_left_stride                           0
params_right_stride                         32
Name: 227, dtype: object
37 Val: 0.6279673577666026 Test: 0.5998180656740464
38 Val: 0.6222103137344954 Test: 0.6229358326194362
39 Val: 0.6119538226523676 Test: 0.61703533397585
40 Val: 0.6134812079938411 Test: 0.6133606498982693
41 Val: 0.6213921328632268 Test: 0.6173518599911162
42 Val: 0.6291946739860461 Test: 0.6105755018395765
43 Val: 0.6044770276990942 Test: 0.6123431802196826
44 Val: 0.6346271720972851 Test: 0.6059211953540716
45 Val: 0.5994689556265917 Test: 0.5913786181403612
46 Val: 0.6252431824984815 Test: 0.6076512524100375
Validation performance: 59.95 & 61.9 ± 1.13 & 63.46
Testing performance: 59.14 & 60.98 ± 0.92 & 62.29

[TRIAL] 186 [VALIDATION PERFORMANCE] 0.6431202253594568 [TRAINING LOSS] 0.031779900766336 [VALIDATION LOSS] 2.128045950617109 

number                                     186
value                                  0.64312
params_threshold                       0.92184
params_attention_heads                      10
params_balanced_loss                      True
params_embedding_pooling_operation         max
params_attention_pooling_operation        mean
params_batch_size                          104
params_dropout_rate                   0.309571
params_early_stopping_patience              22
params_epochs                              160
params_global_pooling                      max
params_hidden_dimension                    245
params_learning_rate                  0.000416
params_number_of_hidden_layers               1
params_plateau_divider                       8
params_plateau_patience                     17
params_weight_decay                    0.00002
params_beta_0                         0.852807
params_beta_1                         0.985261
params_epsilon                             0.0
user_attrs_epoch                          25.0
user_attrs_training_loss               0.03178
user_attrs_validation_loss            2.128046
params_left_stride                           0
params_right_stride                         32
Name: 186, dtype: object
37 Val: 0.604898029570036 Test: 0.6024497174281519
38 Val: 0.6140355543946007 Test: 0.6059423756576902
39 Val: 0.6100599040598214 Test: 0.599498262385213
40 Val: 0.612054220918776 Test: 0.601741491939848
41 Val: 0.6135703451779201 Test: 0.5982641794284674
42 Val: 0.6314029649207609 Test: 0.6154170014558268
43 Val: 0.5971423803941721 Test: 0.6026843683898838
44 Val: 0.6130043718685995 Test: 0.5991314702995928
45 Val: 0.6067087864784041 Test: 0.6004472453649551
46 Val: 0.6046769459375907 Test: 0.5736515074209795
Validation performance: 59.71 & 61.08 ± 0.9 & 63.14
Testing performance: 57.37 & 59.99 ± 1.05 & 61.54

[TRIAL] 196 [VALIDATION PERFORMANCE] 0.6423812960924591 [TRAINING LOSS] 0.008572963169879384 [VALIDATION LOSS] 2.5474706207002913 

number                                     196
value                                 0.642381
params_threshold                      0.921237
params_attention_heads                      10
params_balanced_loss                      True
params_embedding_pooling_operation         max
params_attention_pooling_operation        mean
params_batch_size                          100
params_dropout_rate                   0.300712
params_early_stopping_patience              22
params_epochs                              195
params_global_pooling                      max
params_hidden_dimension                    242
params_learning_rate                  0.000707
params_number_of_hidden_layers               1
params_plateau_divider                       8
params_plateau_patience                     16
params_weight_decay                   0.000011
params_beta_0                         0.845881
params_beta_1                          0.98523
params_epsilon                             0.0
user_attrs_epoch                          28.0
user_attrs_training_loss              0.008573
user_attrs_validation_loss            2.547471
params_left_stride                           0
params_right_stride                         32
Name: 196, dtype: object
37 Val: 0.6180569368416681 Test: 0.6174349628069246
38 Val: 0.6141976432318775 Test: 0.604900787722112
39 Val: 0.6121730438435713 Test: 0.6095888496061148
40 Val: 0.6254487503995784 Test: 0.5986406469305058
41 Val: 0.6193000605667166 Test: 0.616232861180684
42 Val: 0.6394440451735945 Test: 0.6206879137475148
43 Val: 0.6103334970427865 Test: 0.6149254430864505
44 Val: 0.6119587051493746 Test: 0.6064750074542318
45 Val: 0.6202723411307067 Test: 0.6108161985114047
46 Val: 0.6166551469201171 Test: 0.6188026422000983
Validation performance: 61.03 & 61.88 ± 0.86 & 63.94
Testing performance: 59.86 & 61.19 ± 0.7 & 62.07

[TRIAL] 197 [VALIDATION PERFORMANCE] 0.6389722378740909 [TRAINING LOSS] 0.009236704595386981 [VALIDATION LOSS] 2.266933407102312 

number                                     197
value                                 0.638972
params_threshold                      0.922478
params_attention_heads                      10
params_balanced_loss                      True
params_embedding_pooling_operation         max
params_attention_pooling_operation        mean
params_batch_size                          108
params_dropout_rate                   0.300657
params_early_stopping_patience              21
params_epochs                              194
params_global_pooling                      max
params_hidden_dimension                    251
params_learning_rate                  0.000582
params_number_of_hidden_layers               1
params_plateau_divider                       9
params_plateau_patience                     16
params_weight_decay                   0.000016
params_beta_0                         0.845821
params_beta_1                         0.985428
params_epsilon                             0.0
user_attrs_epoch                          29.0
user_attrs_training_loss              0.009237
user_attrs_validation_loss            2.266933
params_left_stride                           0
params_right_stride                         32
Name: 197, dtype: object
37 Val: 0.611585229504707 Test: 0.5938008982900982
38 Val: 0.6285984574424888 Test: 0.60666068128114
39 Val: 0.6126184162237817 Test: 0.5987618612687508
40 Val: 0.6311676421057266 Test: 0.6077523054572638
41 Val: 0.6260814101119443 Test: 0.5891297795543882
42 Val: 0.6142768377380251 Test: 0.6059323045957147
43 Val: 0.6360449985658443 Test: 0.608604715984186
44 Val: 0.6220939168255045 Test: 0.6143983949059479
45 Val: 0.616984221664974 Test: 0.6168322325284337
46 Val: 0.6298930940670258 Test: 0.5946248000327067
Validation performance: 61.16 & 62.29 ± 0.87 & 63.6
Testing performance: 58.91 & 60.36 ± 0.92 & 61.68

[TRIAL] 161 [VALIDATION PERFORMANCE] 0.6373090007276351 [TRAINING LOSS] 0.006965407308329035 [VALIDATION LOSS] 2.523693527494158 

number                                     161
value                                 0.637309
params_threshold                      0.921257
params_attention_heads                      12
params_balanced_loss                      True
params_embedding_pooling_operation         max
params_attention_pooling_operation        mean
params_batch_size                          101
params_dropout_rate                   0.322081
params_early_stopping_patience              24
params_epochs                              186
params_global_pooling                      max
params_hidden_dimension                    240
params_learning_rate                  0.000538
params_number_of_hidden_layers               1
params_plateau_divider                       8
params_plateau_patience                     18
params_weight_decay                    0.00001
params_beta_0                         0.851247
params_beta_1                         0.985487
params_epsilon                             0.0
user_attrs_epoch                          30.0
user_attrs_training_loss              0.006965
user_attrs_validation_loss            2.523694
params_left_stride                           0
params_right_stride                         32
Name: 161, dtype: object
37 Val: 0.5942297089225312 Test: 0.5865862894414986
Token indices sequence length is longer than the specified maximum sequence length for this model (611 > 512). Running this sequence through the model will result in indexing errors
38 Val: 0.6037601900544673 Test: 0.585994859213944
39 Val: 0.6248339919800895 Test: 0.6082004558622339
40 Val: 0.6157657486328557 Test: 0.6008286383486565
41 Val: 0.6122314884951345 Test: 0.5870787708086884
42 Val: 0.6360795046721618 Test: 0.6083129224054622
43 Val: 0.6091925791427927 Test: 0.6188344164519578
44 Val: 0.6043450998557794 Test: 0.6129774422682742
45 Val: 0.6155499226470321 Test: 0.6248266587779497
46 Val: 0.6128600165935004 Test: 0.6075015467135824
Validation performance: 59.42 & 61.29 ± 1.16 & 63.61
Testing performance: 58.6 & 60.41 ± 1.38 & 62.48

[Ohsumed] Elapsed time: 136.50173414548237 minutes.
