[I 2025-05-08 06:27:27,370] Using an existing study with name 'IMDb-top_1000-google-bert-bert-base-uncased' instead of creating a new one.

[TRIAL] 205 [VALIDATION PERFORMANCE] 0.8606060606060606 [TRAINING LOSS] 0.02583280726052497 [VALIDATION LOSS] 0.5084118129685521 

number                                 205
value                             0.860606
params_balanced_loss                 False
params_batch_size                       11
params_early_stopping_patience           5
params_epochs                           12
params_learning_rate              0.000012
params_plateau_divider                   8
params_plateau_patience                  3
params_weight_decay               0.000012
params_beta_0                     0.867305
params_beta_1                     0.998976
params_epsilon                         0.0
user_attrs_epoch                        10
user_attrs_training_loss          0.025833
user_attrs_validation_loss        0.508412
Name: 205, dtype: object
Some weights of BertForSequenceClassification were not initialized from the model checkpoint at google-bert/bert-base-uncased and are newly initialized: ['classifier.bias', 'classifier.weight']
You should probably TRAIN this model on a down-stream task to be able to use it for predictions and inference.

[IMDb-top_1000] Elapsed time: 0.1674451231956482 minutes.
