[I 2025-05-08 05:22:00,354] Using an existing study with name 'SST-2-GATv2-facebook-bart-large-Grouped-Sliding_Windows' instead of creating a new one.

[TRIAL] 121 [VALIDATION PERFORMANCE] 0.9541284403669725 [TRAINING LOSS] 0.12932470842049673 [VALIDATION LOSS] 0.17280260771512984 

number                                         121
value                                     0.954128
params_window_size                               7
params_attention_heads                           9
params_balanced_loss                          True
params_embedding_pooling_operation             min
params_co_occurrence_pooling_operation         sum
params_batch_size                              178
params_dropout_rate                        0.56877
params_early_stopping_patience                  21
params_epochs                                  167
params_global_pooling                          max
params_hidden_dimension                        102
params_learning_rate                      0.001089
params_number_of_hidden_layers                   4
params_plateau_divider                           4
params_plateau_patience                         14
params_weight_decay                       0.000001
params_beta_0                             0.836063
params_beta_1                             0.990599
params_epsilon                            0.000001
user_attrs_epoch                              10.0
user_attrs_training_loss                  0.129325
user_attrs_validation_loss                0.172803
Name: 121, dtype: object
Count of trainable parameters: 8646644

[SST-2] Elapsed time: 0.2739882389704386 minutes.
