[I 2025-05-12 10:28:37,478] Using an existing study with name 'IMDb-top_1000-GATv2-facebook-bart-large-Surrogate-No_Aggregation' instead of creating a new one.

[TRIAL] 198 [VALIDATION PERFORMANCE] 0.9757575757575757 [TRAINING LOSS] 0.03725554604898207 [VALIDATION LOSS] 0.11455988326391282 

number                                     198
value                                 0.975758
params_threshold                      0.982602
params_attention_heads                       4
params_balanced_loss                     False
params_embedding_pooling_operation         min
params_attention_pooling_operation        mean
params_batch_size                           32
params_dropout_rate                   0.366046
params_early_stopping_patience              15
params_epochs                              176
params_global_pooling                     mean
params_hidden_dimension                     32
params_learning_rate                  0.000125
params_number_of_hidden_layers               2
params_plateau_divider                       8
params_plateau_patience                     25
params_weight_decay                   0.000569
params_beta_0                         0.853714
params_beta_1                         0.991779
params_epsilon                             0.0
user_attrs_epoch                          57.0
user_attrs_training_loss              0.037256
user_attrs_validation_loss             0.11456
Name: 198, dtype: object
Token indices sequence length is longer than the specified maximum sequence length for this model (1049 > 1024). Running this sequence through the model will result in indexing errors

[IMDb-top_1000] Elapsed time: 0.22560412486394246 minutes.
